2018-06-29 06:53:46.260 [DiscoveryClient-HeartbeatExecutor-0] INFO 
				com.netflix.discovery.DiscoveryClient.renew - DiscoveryClient_EUREKA-SERVER/10.166.37.142:eureka-server-peer:8888 - Re-registering apps/EUREKA-SERVER
2018-06-29 06:53:46.265 [DiscoveryClient-HeartbeatExecutor-0] INFO 
				com.netflix.discovery.DiscoveryClient.register - DiscoveryClient_EUREKA-SERVER/10.166.37.142:eureka-server-peer:8888: registering service...
2018-06-29 06:53:46.310 [DiscoveryClient-HeartbeatExecutor-0] INFO 
				com.netflix.discovery.DiscoveryClient.register - DiscoveryClient_EUREKA-SERVER/10.166.37.142:eureka-server-peer:8888 - registration status: 204
2018-06-29 06:53:46.189 [DiscoveryClient-HeartbeatExecutor-0] INFO 
				com.netflix.discovery.DiscoveryClient.renew - DiscoveryClient_EUREKA-SERVER/10.166.37.142:eureka-server-peer:8887 - Re-registering apps/EUREKA-SERVER
2018-06-29 06:53:46.204 [DiscoveryClient-HeartbeatExecutor-0] INFO 
				com.netflix.discovery.DiscoveryClient.register - DiscoveryClient_EUREKA-SERVER/10.166.37.142:eureka-server-peer:8887: registering service...
2018-06-29 06:53:46.393 [DiscoveryClient-HeartbeatExecutor-0] INFO 
				com.netflix.discovery.DiscoveryClient.register - DiscoveryClient_EUREKA-SERVER/10.166.37.142:eureka-server-peer:8887 - registration status: 204
2018-06-29 06:53:46.268 [DiscoveryClient-HeartbeatExecutor-0] INFO 
				com.netflix.discovery.DiscoveryClient.renew - DiscoveryClient_EUREKA-SERVER/10.166.37.142:eureka-server-peer:8889 - Re-registering apps/EUREKA-SERVER
2018-06-29 06:53:46.275 [DiscoveryClient-HeartbeatExecutor-0] INFO 
				com.netflix.discovery.DiscoveryClient.register - DiscoveryClient_EUREKA-SERVER/10.166.37.142:eureka-server-peer:8889: registering service...
2018-06-29 06:53:46.570 [DiscoveryClient-HeartbeatExecutor-0] INFO 
				com.netflix.discovery.DiscoveryClient.register - DiscoveryClient_EUREKA-SERVER/10.166.37.142:eureka-server-peer:8889 - registration status: 204
2018-06-29 09:02:08.005 [DiscoveryClient-HeartbeatExecutor-0] INFO 
				com.netflix.discovery.DiscoveryClient.renew - DiscoveryClient_EUREKA-SERVER/10.166.37.142:eureka-server-peer:8887 - Re-registering apps/EUREKA-SERVER
2018-06-29 09:02:08.006 [DiscoveryClient-HeartbeatExecutor-0] INFO 
				com.netflix.discovery.DiscoveryClient.register - DiscoveryClient_EUREKA-SERVER/10.166.37.142:eureka-server-peer:8887: registering service...
2018-06-29 09:02:08.125 [DiscoveryClient-HeartbeatExecutor-0] INFO 
				com.netflix.discovery.DiscoveryClient.register - DiscoveryClient_EUREKA-SERVER/10.166.37.142:eureka-server-peer:8887 - registration status: 204
2018-06-29 09:04:10.929 [AsyncResolver-bootstrap-executor-0] INFO 
				com.netflix.discovery.shared.resolver.aws.ConfigClusterResolver.getClusterEndpoints - Resolving eureka endpoints via configuration
2018-06-29 09:04:19.748 [AsyncResolver-bootstrap-executor-0] INFO 
				com.netflix.discovery.shared.resolver.aws.ConfigClusterResolver.getClusterEndpoints - Resolving eureka endpoints via configuration
2018-06-29 09:04:31.482 [AsyncResolver-bootstrap-executor-0] INFO 
				com.netflix.discovery.shared.resolver.aws.ConfigClusterResolver.getClusterEndpoints - Resolving eureka endpoints via configuration
2018-06-29 09:09:10.928 [AsyncResolver-bootstrap-executor-0] INFO 
				com.netflix.discovery.shared.resolver.aws.ConfigClusterResolver.getClusterEndpoints - Resolving eureka endpoints via configuration
2018-06-29 09:09:12.578 [ReplicaAwareInstanceRegistry - RenewalThresholdUpdater] INFO 
				com.netflix.eureka.registry.PeerAwareInstanceRegistryImpl.updateRenewalThreshold - Current renewal threshold is : 10
2018-06-29 09:09:19.751 [AsyncResolver-bootstrap-executor-0] INFO 
				com.netflix.discovery.shared.resolver.aws.ConfigClusterResolver.getClusterEndpoints - Resolving eureka endpoints via configuration
2018-06-29 09:09:20.554 [ReplicaAwareInstanceRegistry - RenewalThresholdUpdater] INFO 
				com.netflix.eureka.registry.PeerAwareInstanceRegistryImpl.updateRenewalThreshold - Current renewal threshold is : 10
2018-06-29 09:09:31.489 [AsyncResolver-bootstrap-executor-0] INFO 
				com.netflix.discovery.shared.resolver.aws.ConfigClusterResolver.getClusterEndpoints - Resolving eureka endpoints via configuration
2018-06-29 09:09:32.192 [ReplicaAwareInstanceRegistry - RenewalThresholdUpdater] INFO 
				com.netflix.eureka.registry.PeerAwareInstanceRegistryImpl.updateRenewalThreshold - Current renewal threshold is : 10
2018-06-29 09:14:10.927 [AsyncResolver-bootstrap-executor-0] INFO 
				com.netflix.discovery.shared.resolver.aws.ConfigClusterResolver.getClusterEndpoints - Resolving eureka endpoints via configuration
2018-06-29 09:14:19.750 [AsyncResolver-bootstrap-executor-0] INFO 
				com.netflix.discovery.shared.resolver.aws.ConfigClusterResolver.getClusterEndpoints - Resolving eureka endpoints via configuration
2018-06-29 09:14:31.484 [AsyncResolver-bootstrap-executor-0] INFO 
				com.netflix.discovery.shared.resolver.aws.ConfigClusterResolver.getClusterEndpoints - Resolving eureka endpoints via configuration
2018-06-29 09:19:10.923 [AsyncResolver-bootstrap-executor-0] INFO 
				com.netflix.discovery.shared.resolver.aws.ConfigClusterResolver.getClusterEndpoints - Resolving eureka endpoints via configuration
2018-06-29 09:19:19.747 [AsyncResolver-bootstrap-executor-0] INFO 
				com.netflix.discovery.shared.resolver.aws.ConfigClusterResolver.getClusterEndpoints - Resolving eureka endpoints via configuration
2018-06-29 09:19:31.479 [AsyncResolver-bootstrap-executor-0] INFO 
				com.netflix.discovery.shared.resolver.aws.ConfigClusterResolver.getClusterEndpoints - Resolving eureka endpoints via configuration
2018-06-29 09:24:10.918 [AsyncResolver-bootstrap-executor-0] INFO 
				com.netflix.discovery.shared.resolver.aws.ConfigClusterResolver.getClusterEndpoints - Resolving eureka endpoints via configuration
2018-06-29 09:24:12.581 [ReplicaAwareInstanceRegistry - RenewalThresholdUpdater] INFO 
				com.netflix.eureka.registry.PeerAwareInstanceRegistryImpl.updateRenewalThreshold - Current renewal threshold is : 10
2018-06-29 09:24:19.739 [AsyncResolver-bootstrap-executor-0] INFO 
				com.netflix.discovery.shared.resolver.aws.ConfigClusterResolver.getClusterEndpoints - Resolving eureka endpoints via configuration
2018-06-29 09:24:20.548 [ReplicaAwareInstanceRegistry - RenewalThresholdUpdater] INFO 
				com.netflix.eureka.registry.PeerAwareInstanceRegistryImpl.updateRenewalThreshold - Current renewal threshold is : 10
2018-06-29 09:24:31.474 [AsyncResolver-bootstrap-executor-0] INFO 
				com.netflix.discovery.shared.resolver.aws.ConfigClusterResolver.getClusterEndpoints - Resolving eureka endpoints via configuration
2018-06-29 09:24:32.194 [ReplicaAwareInstanceRegistry - RenewalThresholdUpdater] INFO 
				com.netflix.eureka.registry.PeerAwareInstanceRegistryImpl.updateRenewalThreshold - Current renewal threshold is : 10
2018-06-29 09:29:10.913 [AsyncResolver-bootstrap-executor-0] INFO 
				com.netflix.discovery.shared.resolver.aws.ConfigClusterResolver.getClusterEndpoints - Resolving eureka endpoints via configuration
2018-06-29 09:29:19.732 [AsyncResolver-bootstrap-executor-0] INFO 
				com.netflix.discovery.shared.resolver.aws.ConfigClusterResolver.getClusterEndpoints - Resolving eureka endpoints via configuration
2018-06-29 09:29:31.472 [AsyncResolver-bootstrap-executor-0] INFO 
				com.netflix.discovery.shared.resolver.aws.ConfigClusterResolver.getClusterEndpoints - Resolving eureka endpoints via configuration
2018-06-29 09:34:10.908 [AsyncResolver-bootstrap-executor-0] INFO 
				com.netflix.discovery.shared.resolver.aws.ConfigClusterResolver.getClusterEndpoints - Resolving eureka endpoints via configuration
2018-06-29 09:34:19.725 [AsyncResolver-bootstrap-executor-0] INFO 
				com.netflix.discovery.shared.resolver.aws.ConfigClusterResolver.getClusterEndpoints - Resolving eureka endpoints via configuration
2018-06-29 09:34:31.464 [AsyncResolver-bootstrap-executor-0] INFO 
				com.netflix.discovery.shared.resolver.aws.ConfigClusterResolver.getClusterEndpoints - Resolving eureka endpoints via configuration
2018-06-29 09:39:10.904 [AsyncResolver-bootstrap-executor-0] INFO 
				com.netflix.discovery.shared.resolver.aws.ConfigClusterResolver.getClusterEndpoints - Resolving eureka endpoints via configuration
2018-06-29 09:39:12.583 [ReplicaAwareInstanceRegistry - RenewalThresholdUpdater] INFO 
				com.netflix.eureka.registry.PeerAwareInstanceRegistryImpl.updateRenewalThreshold - Current renewal threshold is : 10
2018-06-29 09:39:19.721 [AsyncResolver-bootstrap-executor-0] INFO 
				com.netflix.discovery.shared.resolver.aws.ConfigClusterResolver.getClusterEndpoints - Resolving eureka endpoints via configuration
2018-06-29 09:39:20.553 [ReplicaAwareInstanceRegistry - RenewalThresholdUpdater] INFO 
				com.netflix.eureka.registry.PeerAwareInstanceRegistryImpl.updateRenewalThreshold - Current renewal threshold is : 10
2018-06-29 09:39:31.456 [AsyncResolver-bootstrap-executor-0] INFO 
				com.netflix.discovery.shared.resolver.aws.ConfigClusterResolver.getClusterEndpoints - Resolving eureka endpoints via configuration
2018-06-29 09:39:32.195 [ReplicaAwareInstanceRegistry - RenewalThresholdUpdater] INFO 
				com.netflix.eureka.registry.PeerAwareInstanceRegistryImpl.updateRenewalThreshold - Current renewal threshold is : 10
2018-06-29 09:44:09.312 [AsyncResolver-bootstrap-executor-0] INFO 
				com.netflix.discovery.shared.resolver.aws.ConfigClusterResolver.getClusterEndpoints - Resolving eureka endpoints via configuration
2018-06-29 09:44:18.127 [AsyncResolver-bootstrap-executor-0] INFO 
				com.netflix.discovery.shared.resolver.aws.ConfigClusterResolver.getClusterEndpoints - Resolving eureka endpoints via configuration
2018-06-29 09:44:29.861 [AsyncResolver-bootstrap-executor-0] INFO 
				com.netflix.discovery.shared.resolver.aws.ConfigClusterResolver.getClusterEndpoints - Resolving eureka endpoints via configuration
2018-06-29 09:49:09.306 [AsyncResolver-bootstrap-executor-0] INFO 
				com.netflix.discovery.shared.resolver.aws.ConfigClusterResolver.getClusterEndpoints - Resolving eureka endpoints via configuration
2018-06-29 09:49:18.121 [AsyncResolver-bootstrap-executor-0] INFO 
				com.netflix.discovery.shared.resolver.aws.ConfigClusterResolver.getClusterEndpoints - Resolving eureka endpoints via configuration
2018-06-29 09:49:29.858 [AsyncResolver-bootstrap-executor-0] INFO 
				com.netflix.discovery.shared.resolver.aws.ConfigClusterResolver.getClusterEndpoints - Resolving eureka endpoints via configuration
2018-06-29 09:54:09.302 [AsyncResolver-bootstrap-executor-0] INFO 
				com.netflix.discovery.shared.resolver.aws.ConfigClusterResolver.getClusterEndpoints - Resolving eureka endpoints via configuration
2018-06-29 09:54:12.588 [ReplicaAwareInstanceRegistry - RenewalThresholdUpdater] INFO 
				com.netflix.eureka.registry.PeerAwareInstanceRegistryImpl.updateRenewalThreshold - Current renewal threshold is : 10
2018-06-29 09:54:18.114 [AsyncResolver-bootstrap-executor-0] INFO 
				com.netflix.discovery.shared.resolver.aws.ConfigClusterResolver.getClusterEndpoints - Resolving eureka endpoints via configuration
2018-06-29 09:54:20.555 [ReplicaAwareInstanceRegistry - RenewalThresholdUpdater] INFO 
				com.netflix.eureka.registry.PeerAwareInstanceRegistryImpl.updateRenewalThreshold - Current renewal threshold is : 10
2018-06-29 09:54:29.853 [AsyncResolver-bootstrap-executor-0] INFO 
				com.netflix.discovery.shared.resolver.aws.ConfigClusterResolver.getClusterEndpoints - Resolving eureka endpoints via configuration
2018-06-29 09:54:32.196 [ReplicaAwareInstanceRegistry - RenewalThresholdUpdater] INFO 
				com.netflix.eureka.registry.PeerAwareInstanceRegistryImpl.updateRenewalThreshold - Current renewal threshold is : 10
2018-06-29 09:59:09.297 [AsyncResolver-bootstrap-executor-0] INFO 
				com.netflix.discovery.shared.resolver.aws.ConfigClusterResolver.getClusterEndpoints - Resolving eureka endpoints via configuration
2018-06-29 09:59:18.109 [AsyncResolver-bootstrap-executor-0] INFO 
				com.netflix.discovery.shared.resolver.aws.ConfigClusterResolver.getClusterEndpoints - Resolving eureka endpoints via configuration
2018-06-29 09:59:29.846 [AsyncResolver-bootstrap-executor-0] INFO 
				com.netflix.discovery.shared.resolver.aws.ConfigClusterResolver.getClusterEndpoints - Resolving eureka endpoints via configuration
2018-06-29 10:04:09.293 [AsyncResolver-bootstrap-executor-0] INFO 
				com.netflix.discovery.shared.resolver.aws.ConfigClusterResolver.getClusterEndpoints - Resolving eureka endpoints via configuration
2018-06-29 10:04:18.105 [AsyncResolver-bootstrap-executor-0] INFO 
				com.netflix.discovery.shared.resolver.aws.ConfigClusterResolver.getClusterEndpoints - Resolving eureka endpoints via configuration
2018-06-29 10:04:29.839 [AsyncResolver-bootstrap-executor-0] INFO 
				com.netflix.discovery.shared.resolver.aws.ConfigClusterResolver.getClusterEndpoints - Resolving eureka endpoints via configuration
2018-06-29 10:09:09.287 [AsyncResolver-bootstrap-executor-0] INFO 
				com.netflix.discovery.shared.resolver.aws.ConfigClusterResolver.getClusterEndpoints - Resolving eureka endpoints via configuration
2018-06-29 10:09:12.589 [ReplicaAwareInstanceRegistry - RenewalThresholdUpdater] INFO 
				com.netflix.eureka.registry.PeerAwareInstanceRegistryImpl.updateRenewalThreshold - Current renewal threshold is : 10
2018-06-29 10:09:18.099 [AsyncResolver-bootstrap-executor-0] INFO 
				com.netflix.discovery.shared.resolver.aws.ConfigClusterResolver.getClusterEndpoints - Resolving eureka endpoints via configuration
2018-06-29 10:09:20.556 [ReplicaAwareInstanceRegistry - RenewalThresholdUpdater] INFO 
				com.netflix.eureka.registry.PeerAwareInstanceRegistryImpl.updateRenewalThreshold - Current renewal threshold is : 10
2018-06-29 10:09:29.830 [AsyncResolver-bootstrap-executor-0] INFO 
				com.netflix.discovery.shared.resolver.aws.ConfigClusterResolver.getClusterEndpoints - Resolving eureka endpoints via configuration
2018-06-29 10:09:32.199 [ReplicaAwareInstanceRegistry - RenewalThresholdUpdater] INFO 
				com.netflix.eureka.registry.PeerAwareInstanceRegistryImpl.updateRenewalThreshold - Current renewal threshold is : 10
2018-06-29 10:14:09.279 [AsyncResolver-bootstrap-executor-0] INFO 
				com.netflix.discovery.shared.resolver.aws.ConfigClusterResolver.getClusterEndpoints - Resolving eureka endpoints via configuration
2018-06-29 10:14:18.094 [AsyncResolver-bootstrap-executor-0] INFO 
				com.netflix.discovery.shared.resolver.aws.ConfigClusterResolver.getClusterEndpoints - Resolving eureka endpoints via configuration
2018-06-29 10:14:29.826 [AsyncResolver-bootstrap-executor-0] INFO 
				com.netflix.discovery.shared.resolver.aws.ConfigClusterResolver.getClusterEndpoints - Resolving eureka endpoints via configuration
2018-06-29 10:19:09.274 [AsyncResolver-bootstrap-executor-0] INFO 
				com.netflix.discovery.shared.resolver.aws.ConfigClusterResolver.getClusterEndpoints - Resolving eureka endpoints via configuration
2018-06-29 10:19:18.088 [AsyncResolver-bootstrap-executor-0] INFO 
				com.netflix.discovery.shared.resolver.aws.ConfigClusterResolver.getClusterEndpoints - Resolving eureka endpoints via configuration
2018-06-29 10:19:29.820 [AsyncResolver-bootstrap-executor-0] INFO 
				com.netflix.discovery.shared.resolver.aws.ConfigClusterResolver.getClusterEndpoints - Resolving eureka endpoints via configuration
2018-06-29 10:24:09.265 [AsyncResolver-bootstrap-executor-0] INFO 
				com.netflix.discovery.shared.resolver.aws.ConfigClusterResolver.getClusterEndpoints - Resolving eureka endpoints via configuration
2018-06-29 10:24:12.592 [ReplicaAwareInstanceRegistry - RenewalThresholdUpdater] INFO 
				com.netflix.eureka.registry.PeerAwareInstanceRegistryImpl.updateRenewalThreshold - Current renewal threshold is : 10
2018-06-29 10:24:18.083 [AsyncResolver-bootstrap-executor-0] INFO 
				com.netflix.discovery.shared.resolver.aws.ConfigClusterResolver.getClusterEndpoints - Resolving eureka endpoints via configuration
2018-06-29 10:24:20.560 [ReplicaAwareInstanceRegistry - RenewalThresholdUpdater] INFO 
				com.netflix.eureka.registry.PeerAwareInstanceRegistryImpl.updateRenewalThreshold - Current renewal threshold is : 10
2018-06-29 10:24:29.814 [AsyncResolver-bootstrap-executor-0] INFO 
				com.netflix.discovery.shared.resolver.aws.ConfigClusterResolver.getClusterEndpoints - Resolving eureka endpoints via configuration
2018-06-29 10:24:32.201 [ReplicaAwareInstanceRegistry - RenewalThresholdUpdater] INFO 
				com.netflix.eureka.registry.PeerAwareInstanceRegistryImpl.updateRenewalThreshold - Current renewal threshold is : 10
2018-06-29 10:29:09.260 [AsyncResolver-bootstrap-executor-0] INFO 
				com.netflix.discovery.shared.resolver.aws.ConfigClusterResolver.getClusterEndpoints - Resolving eureka endpoints via configuration
2018-06-29 10:29:18.078 [AsyncResolver-bootstrap-executor-0] INFO 
				com.netflix.discovery.shared.resolver.aws.ConfigClusterResolver.getClusterEndpoints - Resolving eureka endpoints via configuration
2018-06-29 10:29:29.805 [AsyncResolver-bootstrap-executor-0] INFO 
				com.netflix.discovery.shared.resolver.aws.ConfigClusterResolver.getClusterEndpoints - Resolving eureka endpoints via configuration
2018-06-29 10:34:09.252 [AsyncResolver-bootstrap-executor-0] INFO 
				com.netflix.discovery.shared.resolver.aws.ConfigClusterResolver.getClusterEndpoints - Resolving eureka endpoints via configuration
2018-06-29 10:34:18.073 [AsyncResolver-bootstrap-executor-0] INFO 
				com.netflix.discovery.shared.resolver.aws.ConfigClusterResolver.getClusterEndpoints - Resolving eureka endpoints via configuration
2018-06-29 10:34:29.798 [AsyncResolver-bootstrap-executor-0] INFO 
				com.netflix.discovery.shared.resolver.aws.ConfigClusterResolver.getClusterEndpoints - Resolving eureka endpoints via configuration
2018-06-29 10:39:09.246 [AsyncResolver-bootstrap-executor-0] INFO 
				com.netflix.discovery.shared.resolver.aws.ConfigClusterResolver.getClusterEndpoints - Resolving eureka endpoints via configuration
2018-06-29 10:39:12.597 [ReplicaAwareInstanceRegistry - RenewalThresholdUpdater] INFO 
				com.netflix.eureka.registry.PeerAwareInstanceRegistryImpl.updateRenewalThreshold - Current renewal threshold is : 10
2018-06-29 10:39:18.067 [AsyncResolver-bootstrap-executor-0] INFO 
				com.netflix.discovery.shared.resolver.aws.ConfigClusterResolver.getClusterEndpoints - Resolving eureka endpoints via configuration
2018-06-29 10:39:20.564 [ReplicaAwareInstanceRegistry - RenewalThresholdUpdater] INFO 
				com.netflix.eureka.registry.PeerAwareInstanceRegistryImpl.updateRenewalThreshold - Current renewal threshold is : 10
2018-06-29 10:39:29.790 [AsyncResolver-bootstrap-executor-0] INFO 
				com.netflix.discovery.shared.resolver.aws.ConfigClusterResolver.getClusterEndpoints - Resolving eureka endpoints via configuration
2018-06-29 10:39:32.204 [ReplicaAwareInstanceRegistry - RenewalThresholdUpdater] INFO 
				com.netflix.eureka.registry.PeerAwareInstanceRegistryImpl.updateRenewalThreshold - Current renewal threshold is : 10
2018-06-29 10:44:09.237 [AsyncResolver-bootstrap-executor-0] INFO 
				com.netflix.discovery.shared.resolver.aws.ConfigClusterResolver.getClusterEndpoints - Resolving eureka endpoints via configuration
2018-06-29 10:44:18.062 [AsyncResolver-bootstrap-executor-0] INFO 
				com.netflix.discovery.shared.resolver.aws.ConfigClusterResolver.getClusterEndpoints - Resolving eureka endpoints via configuration
2018-06-29 10:44:29.784 [AsyncResolver-bootstrap-executor-0] INFO 
				com.netflix.discovery.shared.resolver.aws.ConfigClusterResolver.getClusterEndpoints - Resolving eureka endpoints via configuration
2018-06-29 10:49:09.228 [AsyncResolver-bootstrap-executor-0] INFO 
				com.netflix.discovery.shared.resolver.aws.ConfigClusterResolver.getClusterEndpoints - Resolving eureka endpoints via configuration
2018-06-29 10:49:18.057 [AsyncResolver-bootstrap-executor-0] INFO 
				com.netflix.discovery.shared.resolver.aws.ConfigClusterResolver.getClusterEndpoints - Resolving eureka endpoints via configuration
2018-06-29 10:49:29.779 [AsyncResolver-bootstrap-executor-0] INFO 
				com.netflix.discovery.shared.resolver.aws.ConfigClusterResolver.getClusterEndpoints - Resolving eureka endpoints via configuration
2018-06-29 10:54:09.224 [AsyncResolver-bootstrap-executor-0] INFO 
				com.netflix.discovery.shared.resolver.aws.ConfigClusterResolver.getClusterEndpoints - Resolving eureka endpoints via configuration
2018-06-29 10:54:12.597 [ReplicaAwareInstanceRegistry - RenewalThresholdUpdater] INFO 
				com.netflix.eureka.registry.PeerAwareInstanceRegistryImpl.updateRenewalThreshold - Current renewal threshold is : 10
2018-06-29 10:54:18.053 [AsyncResolver-bootstrap-executor-0] INFO 
				com.netflix.discovery.shared.resolver.aws.ConfigClusterResolver.getClusterEndpoints - Resolving eureka endpoints via configuration
2018-06-29 10:54:20.568 [ReplicaAwareInstanceRegistry - RenewalThresholdUpdater] INFO 
				com.netflix.eureka.registry.PeerAwareInstanceRegistryImpl.updateRenewalThreshold - Current renewal threshold is : 10
2018-06-29 10:54:29.773 [AsyncResolver-bootstrap-executor-0] INFO 
				com.netflix.discovery.shared.resolver.aws.ConfigClusterResolver.getClusterEndpoints - Resolving eureka endpoints via configuration
2018-06-29 10:54:32.205 [ReplicaAwareInstanceRegistry - RenewalThresholdUpdater] INFO 
				com.netflix.eureka.registry.PeerAwareInstanceRegistryImpl.updateRenewalThreshold - Current renewal threshold is : 10
2018-06-29 10:59:09.217 [AsyncResolver-bootstrap-executor-0] INFO 
				com.netflix.discovery.shared.resolver.aws.ConfigClusterResolver.getClusterEndpoints - Resolving eureka endpoints via configuration
2018-06-29 10:59:18.048 [AsyncResolver-bootstrap-executor-0] INFO 
				com.netflix.discovery.shared.resolver.aws.ConfigClusterResolver.getClusterEndpoints - Resolving eureka endpoints via configuration
2018-06-29 10:59:29.768 [AsyncResolver-bootstrap-executor-0] INFO 
				com.netflix.discovery.shared.resolver.aws.ConfigClusterResolver.getClusterEndpoints - Resolving eureka endpoints via configuration
2018-06-29 11:04:09.208 [AsyncResolver-bootstrap-executor-0] INFO 
				com.netflix.discovery.shared.resolver.aws.ConfigClusterResolver.getClusterEndpoints - Resolving eureka endpoints via configuration
2018-06-29 11:04:18.044 [AsyncResolver-bootstrap-executor-0] INFO 
				com.netflix.discovery.shared.resolver.aws.ConfigClusterResolver.getClusterEndpoints - Resolving eureka endpoints via configuration
2018-06-29 11:04:29.761 [AsyncResolver-bootstrap-executor-0] INFO 
				com.netflix.discovery.shared.resolver.aws.ConfigClusterResolver.getClusterEndpoints - Resolving eureka endpoints via configuration
2018-06-29 11:09:09.205 [AsyncResolver-bootstrap-executor-0] INFO 
				com.netflix.discovery.shared.resolver.aws.ConfigClusterResolver.getClusterEndpoints - Resolving eureka endpoints via configuration
2018-06-29 11:09:12.602 [ReplicaAwareInstanceRegistry - RenewalThresholdUpdater] INFO 
				com.netflix.eureka.registry.PeerAwareInstanceRegistryImpl.updateRenewalThreshold - Current renewal threshold is : 10
2018-06-29 11:09:18.038 [AsyncResolver-bootstrap-executor-0] INFO 
				com.netflix.discovery.shared.resolver.aws.ConfigClusterResolver.getClusterEndpoints - Resolving eureka endpoints via configuration
2018-06-29 11:09:20.572 [ReplicaAwareInstanceRegistry - RenewalThresholdUpdater] INFO 
				com.netflix.eureka.registry.PeerAwareInstanceRegistryImpl.updateRenewalThreshold - Current renewal threshold is : 10
2018-06-29 11:09:29.758 [AsyncResolver-bootstrap-executor-0] INFO 
				com.netflix.discovery.shared.resolver.aws.ConfigClusterResolver.getClusterEndpoints - Resolving eureka endpoints via configuration
2018-06-29 11:09:32.210 [ReplicaAwareInstanceRegistry - RenewalThresholdUpdater] INFO 
				com.netflix.eureka.registry.PeerAwareInstanceRegistryImpl.updateRenewalThreshold - Current renewal threshold is : 10
2018-06-29 11:14:09.198 [AsyncResolver-bootstrap-executor-0] INFO 
				com.netflix.discovery.shared.resolver.aws.ConfigClusterResolver.getClusterEndpoints - Resolving eureka endpoints via configuration
2018-06-29 11:14:18.033 [AsyncResolver-bootstrap-executor-0] INFO 
				com.netflix.discovery.shared.resolver.aws.ConfigClusterResolver.getClusterEndpoints - Resolving eureka endpoints via configuration
2018-06-29 11:14:29.752 [AsyncResolver-bootstrap-executor-0] INFO 
				com.netflix.discovery.shared.resolver.aws.ConfigClusterResolver.getClusterEndpoints - Resolving eureka endpoints via configuration
2018-06-29 11:19:09.189 [AsyncResolver-bootstrap-executor-0] INFO 
				com.netflix.discovery.shared.resolver.aws.ConfigClusterResolver.getClusterEndpoints - Resolving eureka endpoints via configuration
2018-06-29 11:19:18.030 [AsyncResolver-bootstrap-executor-0] INFO 
				com.netflix.discovery.shared.resolver.aws.ConfigClusterResolver.getClusterEndpoints - Resolving eureka endpoints via configuration
2018-06-29 11:19:29.750 [AsyncResolver-bootstrap-executor-0] INFO 
				com.netflix.discovery.shared.resolver.aws.ConfigClusterResolver.getClusterEndpoints - Resolving eureka endpoints via configuration
2018-06-29 11:24:09.185 [AsyncResolver-bootstrap-executor-0] INFO 
				com.netflix.discovery.shared.resolver.aws.ConfigClusterResolver.getClusterEndpoints - Resolving eureka endpoints via configuration
2018-06-29 11:24:12.606 [ReplicaAwareInstanceRegistry - RenewalThresholdUpdater] INFO 
				com.netflix.eureka.registry.PeerAwareInstanceRegistryImpl.updateRenewalThreshold - Current renewal threshold is : 10
2018-06-29 11:24:18.023 [AsyncResolver-bootstrap-executor-0] INFO 
				com.netflix.discovery.shared.resolver.aws.ConfigClusterResolver.getClusterEndpoints - Resolving eureka endpoints via configuration
2018-06-29 11:24:20.576 [ReplicaAwareInstanceRegistry - RenewalThresholdUpdater] INFO 
				com.netflix.eureka.registry.PeerAwareInstanceRegistryImpl.updateRenewalThreshold - Current renewal threshold is : 10
2018-06-29 11:24:29.743 [AsyncResolver-bootstrap-executor-0] INFO 
				com.netflix.discovery.shared.resolver.aws.ConfigClusterResolver.getClusterEndpoints - Resolving eureka endpoints via configuration
2018-06-29 11:24:32.209 [ReplicaAwareInstanceRegistry - RenewalThresholdUpdater] INFO 
				com.netflix.eureka.registry.PeerAwareInstanceRegistryImpl.updateRenewalThreshold - Current renewal threshold is : 10
2018-06-29 11:29:09.179 [AsyncResolver-bootstrap-executor-0] INFO 
				com.netflix.discovery.shared.resolver.aws.ConfigClusterResolver.getClusterEndpoints - Resolving eureka endpoints via configuration
2018-06-29 11:29:18.017 [AsyncResolver-bootstrap-executor-0] INFO 
				com.netflix.discovery.shared.resolver.aws.ConfigClusterResolver.getClusterEndpoints - Resolving eureka endpoints via configuration
2018-06-29 11:29:29.734 [AsyncResolver-bootstrap-executor-0] INFO 
				com.netflix.discovery.shared.resolver.aws.ConfigClusterResolver.getClusterEndpoints - Resolving eureka endpoints via configuration
2018-06-29 12:26:46.671 [DiscoveryClient-HeartbeatExecutor-0] INFO 
				com.netflix.discovery.DiscoveryClient.renew - DiscoveryClient_EUREKA-SERVER/10.166.37.142:eureka-server-peer:8888 - Re-registering apps/EUREKA-SERVER
2018-06-29 12:26:46.671 [DiscoveryClient-HeartbeatExecutor-0] INFO 
				com.netflix.discovery.DiscoveryClient.register - DiscoveryClient_EUREKA-SERVER/10.166.37.142:eureka-server-peer:8888: registering service...
2018-06-29 12:26:46.674 [DiscoveryClient-HeartbeatExecutor-0] INFO 
				com.netflix.discovery.DiscoveryClient.register - DiscoveryClient_EUREKA-SERVER/10.166.37.142:eureka-server-peer:8888 - registration status: 204
2018-06-29 12:26:46.838 [DiscoveryClient-HeartbeatExecutor-0] INFO 
				com.netflix.discovery.DiscoveryClient.renew - DiscoveryClient_EUREKA-SERVER/10.166.37.142:eureka-server-peer:8889 - Re-registering apps/EUREKA-SERVER
2018-06-29 12:26:46.840 [DiscoveryClient-HeartbeatExecutor-0] INFO 
				com.netflix.discovery.DiscoveryClient.register - DiscoveryClient_EUREKA-SERVER/10.166.37.142:eureka-server-peer:8889: registering service...
2018-06-29 12:26:46.846 [DiscoveryClient-HeartbeatExecutor-0] INFO 
				com.netflix.discovery.DiscoveryClient.register - DiscoveryClient_EUREKA-SERVER/10.166.37.142:eureka-server-peer:8889 - registration status: 204
2018-06-29 12:26:47.082 [DiscoveryClient-HeartbeatExecutor-0] INFO 
				com.netflix.discovery.DiscoveryClient.renew - DiscoveryClient_EUREKA-SERVER/10.166.37.142:eureka-server-peer:8887 - Re-registering apps/EUREKA-SERVER
2018-06-29 12:26:47.082 [DiscoveryClient-HeartbeatExecutor-0] INFO 
				com.netflix.discovery.DiscoveryClient.register - DiscoveryClient_EUREKA-SERVER/10.166.37.142:eureka-server-peer:8887: registering service...
2018-06-29 12:26:47.088 [DiscoveryClient-HeartbeatExecutor-0] INFO 
				com.netflix.discovery.DiscoveryClient.register - DiscoveryClient_EUREKA-SERVER/10.166.37.142:eureka-server-peer:8887 - registration status: 204
2018-06-29 12:57:10.312 [DiscoveryClient-HeartbeatExecutor-0] INFO 
				com.netflix.discovery.DiscoveryClient.renew - DiscoveryClient_EUREKA-SERVER/10.166.37.142:eureka-server-peer:8888 - Re-registering apps/EUREKA-SERVER
2018-06-29 12:57:10.312 [DiscoveryClient-HeartbeatExecutor-0] INFO 
				com.netflix.discovery.DiscoveryClient.register - DiscoveryClient_EUREKA-SERVER/10.166.37.142:eureka-server-peer:8888: registering service...
2018-06-29 12:57:10.315 [DiscoveryClient-HeartbeatExecutor-0] INFO 
				com.netflix.discovery.DiscoveryClient.register - DiscoveryClient_EUREKA-SERVER/10.166.37.142:eureka-server-peer:8888 - registration status: 204
2018-06-29 12:57:39.095 [AsyncResolver-bootstrap-executor-0] INFO 
				com.netflix.discovery.shared.resolver.aws.ConfigClusterResolver.getClusterEndpoints - Resolving eureka endpoints via configuration
2018-06-29 12:57:47.934 [AsyncResolver-bootstrap-executor-0] INFO 
				com.netflix.discovery.shared.resolver.aws.ConfigClusterResolver.getClusterEndpoints - Resolving eureka endpoints via configuration
2018-06-29 13:12:41.669 [DiscoveryClient-HeartbeatExecutor-0] INFO 
				com.netflix.discovery.DiscoveryClient.renew - DiscoveryClient_EUREKA-SERVER/10.166.37.142:eureka-server-peer:8888 - Re-registering apps/EUREKA-SERVER
2018-06-29 13:12:41.672 [DiscoveryClient-HeartbeatExecutor-0] INFO 
				com.netflix.discovery.DiscoveryClient.register - DiscoveryClient_EUREKA-SERVER/10.166.37.142:eureka-server-peer:8888: registering service...
2018-06-29 13:12:41.675 [DiscoveryClient-HeartbeatExecutor-0] INFO 
				com.netflix.discovery.DiscoveryClient.register - DiscoveryClient_EUREKA-SERVER/10.166.37.142:eureka-server-peer:8888 - registration status: 204
2018-06-29 13:12:44.466 [DiscoveryClient-HeartbeatExecutor-0] INFO 
				com.netflix.discovery.DiscoveryClient.renew - DiscoveryClient_EUREKA-SERVER/10.166.37.142:eureka-server-peer:8889 - Re-registering apps/EUREKA-SERVER
2018-06-29 13:12:44.467 [DiscoveryClient-HeartbeatExecutor-0] INFO 
				com.netflix.discovery.DiscoveryClient.register - DiscoveryClient_EUREKA-SERVER/10.166.37.142:eureka-server-peer:8889: registering service...
2018-06-29 13:12:44.475 [DiscoveryClient-HeartbeatExecutor-0] INFO 
				com.netflix.discovery.DiscoveryClient.register - DiscoveryClient_EUREKA-SERVER/10.166.37.142:eureka-server-peer:8889 - registration status: 204
2018-06-29 13:12:44.553 [DiscoveryClient-HeartbeatExecutor-0] INFO 
				com.netflix.discovery.DiscoveryClient.renew - DiscoveryClient_EUREKA-SERVER/10.166.37.142:eureka-server-peer:8887 - Re-registering apps/EUREKA-SERVER
2018-06-29 13:12:44.554 [DiscoveryClient-HeartbeatExecutor-0] INFO 
				com.netflix.discovery.DiscoveryClient.register - DiscoveryClient_EUREKA-SERVER/10.166.37.142:eureka-server-peer:8887: registering service...
2018-06-29 13:12:44.557 [DiscoveryClient-HeartbeatExecutor-0] INFO 
				com.netflix.discovery.DiscoveryClient.register - DiscoveryClient_EUREKA-SERVER/10.166.37.142:eureka-server-peer:8887 - registration status: 204
2018-06-29 13:12:45.974 [AsyncResolver-bootstrap-executor-0] INFO 
				com.netflix.discovery.shared.resolver.aws.ConfigClusterResolver.getClusterEndpoints - Resolving eureka endpoints via configuration
2018-06-29 13:17:25.421 [AsyncResolver-bootstrap-executor-0] INFO 
				com.netflix.discovery.shared.resolver.aws.ConfigClusterResolver.getClusterEndpoints - Resolving eureka endpoints via configuration
2018-06-29 13:17:28.834 [ReplicaAwareInstanceRegistry - RenewalThresholdUpdater] INFO 
				com.netflix.eureka.registry.PeerAwareInstanceRegistryImpl.updateRenewalThreshold - Current renewal threshold is : 10
2018-06-29 13:17:34.264 [AsyncResolver-bootstrap-executor-0] INFO 
				com.netflix.discovery.shared.resolver.aws.ConfigClusterResolver.getClusterEndpoints - Resolving eureka endpoints via configuration
2018-06-29 13:17:36.806 [ReplicaAwareInstanceRegistry - RenewalThresholdUpdater] INFO 
				com.netflix.eureka.registry.PeerAwareInstanceRegistryImpl.updateRenewalThreshold - Current renewal threshold is : 10
2018-06-29 13:17:45.976 [AsyncResolver-bootstrap-executor-0] INFO 
				com.netflix.discovery.shared.resolver.aws.ConfigClusterResolver.getClusterEndpoints - Resolving eureka endpoints via configuration
2018-06-29 13:17:48.437 [ReplicaAwareInstanceRegistry - RenewalThresholdUpdater] INFO 
				com.netflix.eureka.registry.PeerAwareInstanceRegistryImpl.updateRenewalThreshold - Current renewal threshold is : 10
2018-06-29 13:22:25.420 [AsyncResolver-bootstrap-executor-0] INFO 
				com.netflix.discovery.shared.resolver.aws.ConfigClusterResolver.getClusterEndpoints - Resolving eureka endpoints via configuration
2018-06-29 13:22:34.262 [AsyncResolver-bootstrap-executor-0] INFO 
				com.netflix.discovery.shared.resolver.aws.ConfigClusterResolver.getClusterEndpoints - Resolving eureka endpoints via configuration
2018-06-29 13:22:45.977 [AsyncResolver-bootstrap-executor-0] INFO 
				com.netflix.discovery.shared.resolver.aws.ConfigClusterResolver.getClusterEndpoints - Resolving eureka endpoints via configuration
2018-06-29 13:27:25.427 [AsyncResolver-bootstrap-executor-0] INFO 
				com.netflix.discovery.shared.resolver.aws.ConfigClusterResolver.getClusterEndpoints - Resolving eureka endpoints via configuration
2018-06-29 13:27:34.267 [AsyncResolver-bootstrap-executor-0] INFO 
				com.netflix.discovery.shared.resolver.aws.ConfigClusterResolver.getClusterEndpoints - Resolving eureka endpoints via configuration
2018-06-29 13:27:45.982 [AsyncResolver-bootstrap-executor-0] INFO 
				com.netflix.discovery.shared.resolver.aws.ConfigClusterResolver.getClusterEndpoints - Resolving eureka endpoints via configuration
2018-06-29 13:32:25.429 [AsyncResolver-bootstrap-executor-0] INFO 
				com.netflix.discovery.shared.resolver.aws.ConfigClusterResolver.getClusterEndpoints - Resolving eureka endpoints via configuration
2018-06-29 13:32:28.836 [ReplicaAwareInstanceRegistry - RenewalThresholdUpdater] INFO 
				com.netflix.eureka.registry.PeerAwareInstanceRegistryImpl.updateRenewalThreshold - Current renewal threshold is : 10
2018-06-29 13:32:34.269 [AsyncResolver-bootstrap-executor-0] INFO 
				com.netflix.discovery.shared.resolver.aws.ConfigClusterResolver.getClusterEndpoints - Resolving eureka endpoints via configuration
2018-06-29 13:32:36.807 [ReplicaAwareInstanceRegistry - RenewalThresholdUpdater] INFO 
				com.netflix.eureka.registry.PeerAwareInstanceRegistryImpl.updateRenewalThreshold - Current renewal threshold is : 10
2018-06-29 13:32:45.981 [AsyncResolver-bootstrap-executor-0] INFO 
				com.netflix.discovery.shared.resolver.aws.ConfigClusterResolver.getClusterEndpoints - Resolving eureka endpoints via configuration
2018-06-29 13:32:48.437 [ReplicaAwareInstanceRegistry - RenewalThresholdUpdater] INFO 
				com.netflix.eureka.registry.PeerAwareInstanceRegistryImpl.updateRenewalThreshold - Current renewal threshold is : 10
2018-06-29 13:37:25.423 [AsyncResolver-bootstrap-executor-0] INFO 
				com.netflix.discovery.shared.resolver.aws.ConfigClusterResolver.getClusterEndpoints - Resolving eureka endpoints via configuration
2018-06-29 13:37:34.263 [AsyncResolver-bootstrap-executor-0] INFO 
				com.netflix.discovery.shared.resolver.aws.ConfigClusterResolver.getClusterEndpoints - Resolving eureka endpoints via configuration
2018-06-29 13:37:45.977 [AsyncResolver-bootstrap-executor-0] INFO 
				com.netflix.discovery.shared.resolver.aws.ConfigClusterResolver.getClusterEndpoints - Resolving eureka endpoints via configuration
2018-06-29 13:42:25.416 [AsyncResolver-bootstrap-executor-0] INFO 
				com.netflix.discovery.shared.resolver.aws.ConfigClusterResolver.getClusterEndpoints - Resolving eureka endpoints via configuration
2018-06-29 13:42:34.259 [AsyncResolver-bootstrap-executor-0] INFO 
				com.netflix.discovery.shared.resolver.aws.ConfigClusterResolver.getClusterEndpoints - Resolving eureka endpoints via configuration
2018-06-29 13:42:46.378 [AsyncResolver-bootstrap-executor-0] INFO 
				com.netflix.discovery.shared.resolver.aws.ConfigClusterResolver.getClusterEndpoints - Resolving eureka endpoints via configuration
2018-06-29 13:47:25.818 [AsyncResolver-bootstrap-executor-0] INFO 
				com.netflix.discovery.shared.resolver.aws.ConfigClusterResolver.getClusterEndpoints - Resolving eureka endpoints via configuration
2018-06-29 13:47:29.211 [ReplicaAwareInstanceRegistry - RenewalThresholdUpdater] INFO 
				com.netflix.eureka.registry.PeerAwareInstanceRegistryImpl.updateRenewalThreshold - Current renewal threshold is : 10
2018-06-29 13:47:34.657 [AsyncResolver-bootstrap-executor-0] INFO 
				com.netflix.discovery.shared.resolver.aws.ConfigClusterResolver.getClusterEndpoints - Resolving eureka endpoints via configuration
2018-06-29 13:47:37.185 [ReplicaAwareInstanceRegistry - RenewalThresholdUpdater] INFO 
				com.netflix.eureka.registry.PeerAwareInstanceRegistryImpl.updateRenewalThreshold - Current renewal threshold is : 10
2018-06-29 13:47:46.374 [AsyncResolver-bootstrap-executor-0] INFO 
				com.netflix.discovery.shared.resolver.aws.ConfigClusterResolver.getClusterEndpoints - Resolving eureka endpoints via configuration
2018-06-29 13:47:48.815 [ReplicaAwareInstanceRegistry - RenewalThresholdUpdater] INFO 
				com.netflix.eureka.registry.PeerAwareInstanceRegistryImpl.updateRenewalThreshold - Current renewal threshold is : 10
2018-06-29 13:52:25.810 [AsyncResolver-bootstrap-executor-0] INFO 
				com.netflix.discovery.shared.resolver.aws.ConfigClusterResolver.getClusterEndpoints - Resolving eureka endpoints via configuration
2018-06-29 13:52:34.654 [AsyncResolver-bootstrap-executor-0] INFO 
				com.netflix.discovery.shared.resolver.aws.ConfigClusterResolver.getClusterEndpoints - Resolving eureka endpoints via configuration
2018-06-29 13:52:46.368 [AsyncResolver-bootstrap-executor-0] INFO 
				com.netflix.discovery.shared.resolver.aws.ConfigClusterResolver.getClusterEndpoints - Resolving eureka endpoints via configuration
2018-06-29 13:57:25.811 [AsyncResolver-bootstrap-executor-0] INFO 
				com.netflix.discovery.shared.resolver.aws.ConfigClusterResolver.getClusterEndpoints - Resolving eureka endpoints via configuration
2018-06-29 13:57:34.653 [AsyncResolver-bootstrap-executor-0] INFO 
				com.netflix.discovery.shared.resolver.aws.ConfigClusterResolver.getClusterEndpoints - Resolving eureka endpoints via configuration
2018-06-29 13:57:46.367 [AsyncResolver-bootstrap-executor-0] INFO 
				com.netflix.discovery.shared.resolver.aws.ConfigClusterResolver.getClusterEndpoints - Resolving eureka endpoints via configuration
2018-06-29 14:02:52.385 [AsyncResolver-bootstrap-executor-0] INFO 
				com.netflix.discovery.shared.resolver.aws.ConfigClusterResolver.getClusterEndpoints - Resolving eureka endpoints via configuration
2018-06-29 14:02:55.761 [ReplicaAwareInstanceRegistry - RenewalThresholdUpdater] INFO 
				com.netflix.eureka.registry.PeerAwareInstanceRegistryImpl.updateRenewalThreshold - Current renewal threshold is : 10
2018-06-29 14:03:01.225 [AsyncResolver-bootstrap-executor-0] INFO 
				com.netflix.discovery.shared.resolver.aws.ConfigClusterResolver.getClusterEndpoints - Resolving eureka endpoints via configuration
2018-06-29 14:03:03.733 [ReplicaAwareInstanceRegistry - RenewalThresholdUpdater] INFO 
				com.netflix.eureka.registry.PeerAwareInstanceRegistryImpl.updateRenewalThreshold - Current renewal threshold is : 10
2018-06-29 14:03:12.938 [AsyncResolver-bootstrap-executor-0] INFO 
				com.netflix.discovery.shared.resolver.aws.ConfigClusterResolver.getClusterEndpoints - Resolving eureka endpoints via configuration
2018-06-29 14:03:15.362 [ReplicaAwareInstanceRegistry - RenewalThresholdUpdater] INFO 
				com.netflix.eureka.registry.PeerAwareInstanceRegistryImpl.updateRenewalThreshold - Current renewal threshold is : 10
2018-06-29 14:07:52.370 [AsyncResolver-bootstrap-executor-0] INFO 
				com.netflix.discovery.shared.resolver.aws.ConfigClusterResolver.getClusterEndpoints - Resolving eureka endpoints via configuration
2018-06-29 14:08:01.207 [AsyncResolver-bootstrap-executor-0] INFO 
				com.netflix.discovery.shared.resolver.aws.ConfigClusterResolver.getClusterEndpoints - Resolving eureka endpoints via configuration
2018-06-29 14:08:12.921 [AsyncResolver-bootstrap-executor-0] INFO 
				com.netflix.discovery.shared.resolver.aws.ConfigClusterResolver.getClusterEndpoints - Resolving eureka endpoints via configuration
2018-06-29 14:12:52.355 [AsyncResolver-bootstrap-executor-0] INFO 
				com.netflix.discovery.shared.resolver.aws.ConfigClusterResolver.getClusterEndpoints - Resolving eureka endpoints via configuration
2018-06-29 14:13:01.191 [AsyncResolver-bootstrap-executor-0] INFO 
				com.netflix.discovery.shared.resolver.aws.ConfigClusterResolver.getClusterEndpoints - Resolving eureka endpoints via configuration
2018-06-29 14:13:12.908 [AsyncResolver-bootstrap-executor-0] INFO 
				com.netflix.discovery.shared.resolver.aws.ConfigClusterResolver.getClusterEndpoints - Resolving eureka endpoints via configuration
2018-06-29 14:17:52.340 [AsyncResolver-bootstrap-executor-0] INFO 
				com.netflix.discovery.shared.resolver.aws.ConfigClusterResolver.getClusterEndpoints - Resolving eureka endpoints via configuration
2018-06-29 14:17:55.761 [ReplicaAwareInstanceRegistry - RenewalThresholdUpdater] INFO 
				com.netflix.eureka.registry.PeerAwareInstanceRegistryImpl.updateRenewalThreshold - Current renewal threshold is : 10
2018-06-29 14:18:01.177 [AsyncResolver-bootstrap-executor-0] INFO 
				com.netflix.discovery.shared.resolver.aws.ConfigClusterResolver.getClusterEndpoints - Resolving eureka endpoints via configuration
2018-06-29 14:18:03.738 [ReplicaAwareInstanceRegistry - RenewalThresholdUpdater] INFO 
				com.netflix.eureka.registry.PeerAwareInstanceRegistryImpl.updateRenewalThreshold - Current renewal threshold is : 10
2018-06-29 14:18:12.892 [AsyncResolver-bootstrap-executor-0] INFO 
				com.netflix.discovery.shared.resolver.aws.ConfigClusterResolver.getClusterEndpoints - Resolving eureka endpoints via configuration
2018-06-29 14:18:15.362 [ReplicaAwareInstanceRegistry - RenewalThresholdUpdater] INFO 
				com.netflix.eureka.registry.PeerAwareInstanceRegistryImpl.updateRenewalThreshold - Current renewal threshold is : 10
2018-06-29 14:22:52.325 [AsyncResolver-bootstrap-executor-0] INFO 
				com.netflix.discovery.shared.resolver.aws.ConfigClusterResolver.getClusterEndpoints - Resolving eureka endpoints via configuration
2018-06-29 14:23:01.163 [AsyncResolver-bootstrap-executor-0] INFO 
				com.netflix.discovery.shared.resolver.aws.ConfigClusterResolver.getClusterEndpoints - Resolving eureka endpoints via configuration
2018-06-29 14:23:12.876 [AsyncResolver-bootstrap-executor-0] INFO 
				com.netflix.discovery.shared.resolver.aws.ConfigClusterResolver.getClusterEndpoints - Resolving eureka endpoints via configuration
2018-06-29 14:27:52.313 [AsyncResolver-bootstrap-executor-0] INFO 
				com.netflix.discovery.shared.resolver.aws.ConfigClusterResolver.getClusterEndpoints - Resolving eureka endpoints via configuration
2018-06-29 14:28:01.147 [AsyncResolver-bootstrap-executor-0] INFO 
				com.netflix.discovery.shared.resolver.aws.ConfigClusterResolver.getClusterEndpoints - Resolving eureka endpoints via configuration
2018-06-29 14:28:12.864 [AsyncResolver-bootstrap-executor-0] INFO 
				com.netflix.discovery.shared.resolver.aws.ConfigClusterResolver.getClusterEndpoints - Resolving eureka endpoints via configuration
2018-06-29 14:32:52.305 [AsyncResolver-bootstrap-executor-0] INFO 
				com.netflix.discovery.shared.resolver.aws.ConfigClusterResolver.getClusterEndpoints - Resolving eureka endpoints via configuration
2018-06-29 14:32:55.764 [ReplicaAwareInstanceRegistry - RenewalThresholdUpdater] INFO 
				com.netflix.eureka.registry.PeerAwareInstanceRegistryImpl.updateRenewalThreshold - Current renewal threshold is : 10
2018-06-29 14:33:01.135 [AsyncResolver-bootstrap-executor-0] INFO 
				com.netflix.discovery.shared.resolver.aws.ConfigClusterResolver.getClusterEndpoints - Resolving eureka endpoints via configuration
2018-06-29 14:33:03.743 [ReplicaAwareInstanceRegistry - RenewalThresholdUpdater] INFO 
				com.netflix.eureka.registry.PeerAwareInstanceRegistryImpl.updateRenewalThreshold - Current renewal threshold is : 10
2018-06-29 14:33:12.856 [AsyncResolver-bootstrap-executor-0] INFO 
				com.netflix.discovery.shared.resolver.aws.ConfigClusterResolver.getClusterEndpoints - Resolving eureka endpoints via configuration
2018-06-29 14:33:15.364 [ReplicaAwareInstanceRegistry - RenewalThresholdUpdater] INFO 
				com.netflix.eureka.registry.PeerAwareInstanceRegistryImpl.updateRenewalThreshold - Current renewal threshold is : 10
2018-06-29 14:37:52.296 [AsyncResolver-bootstrap-executor-0] INFO 
				com.netflix.discovery.shared.resolver.aws.ConfigClusterResolver.getClusterEndpoints - Resolving eureka endpoints via configuration
2018-06-29 14:38:01.126 [AsyncResolver-bootstrap-executor-0] INFO 
				com.netflix.discovery.shared.resolver.aws.ConfigClusterResolver.getClusterEndpoints - Resolving eureka endpoints via configuration
2018-06-29 14:38:12.849 [AsyncResolver-bootstrap-executor-0] INFO 
				com.netflix.discovery.shared.resolver.aws.ConfigClusterResolver.getClusterEndpoints - Resolving eureka endpoints via configuration
2018-06-29 14:42:52.286 [AsyncResolver-bootstrap-executor-0] INFO 
				com.netflix.discovery.shared.resolver.aws.ConfigClusterResolver.getClusterEndpoints - Resolving eureka endpoints via configuration
2018-06-29 14:43:01.119 [AsyncResolver-bootstrap-executor-0] INFO 
				com.netflix.discovery.shared.resolver.aws.ConfigClusterResolver.getClusterEndpoints - Resolving eureka endpoints via configuration
2018-06-29 14:43:12.837 [AsyncResolver-bootstrap-executor-0] INFO 
				com.netflix.discovery.shared.resolver.aws.ConfigClusterResolver.getClusterEndpoints - Resolving eureka endpoints via configuration
2018-06-29 14:47:52.281 [AsyncResolver-bootstrap-executor-0] INFO 
				com.netflix.discovery.shared.resolver.aws.ConfigClusterResolver.getClusterEndpoints - Resolving eureka endpoints via configuration
2018-06-29 14:47:55.764 [ReplicaAwareInstanceRegistry - RenewalThresholdUpdater] INFO 
				com.netflix.eureka.registry.PeerAwareInstanceRegistryImpl.updateRenewalThreshold - Current renewal threshold is : 10
2018-06-29 14:48:01.113 [AsyncResolver-bootstrap-executor-0] INFO 
				com.netflix.discovery.shared.resolver.aws.ConfigClusterResolver.getClusterEndpoints - Resolving eureka endpoints via configuration
2018-06-29 14:48:03.745 [ReplicaAwareInstanceRegistry - RenewalThresholdUpdater] INFO 
				com.netflix.eureka.registry.PeerAwareInstanceRegistryImpl.updateRenewalThreshold - Current renewal threshold is : 10
2018-06-29 14:48:12.830 [AsyncResolver-bootstrap-executor-0] INFO 
				com.netflix.discovery.shared.resolver.aws.ConfigClusterResolver.getClusterEndpoints - Resolving eureka endpoints via configuration
2018-06-29 14:48:15.367 [ReplicaAwareInstanceRegistry - RenewalThresholdUpdater] INFO 
				com.netflix.eureka.registry.PeerAwareInstanceRegistryImpl.updateRenewalThreshold - Current renewal threshold is : 10
2018-06-29 14:52:52.271 [AsyncResolver-bootstrap-executor-0] INFO 
				com.netflix.discovery.shared.resolver.aws.ConfigClusterResolver.getClusterEndpoints - Resolving eureka endpoints via configuration
2018-06-29 14:53:01.106 [AsyncResolver-bootstrap-executor-0] INFO 
				com.netflix.discovery.shared.resolver.aws.ConfigClusterResolver.getClusterEndpoints - Resolving eureka endpoints via configuration
2018-06-29 14:53:12.822 [AsyncResolver-bootstrap-executor-0] INFO 
				com.netflix.discovery.shared.resolver.aws.ConfigClusterResolver.getClusterEndpoints - Resolving eureka endpoints via configuration
2018-06-29 14:57:52.264 [AsyncResolver-bootstrap-executor-0] INFO 
				com.netflix.discovery.shared.resolver.aws.ConfigClusterResolver.getClusterEndpoints - Resolving eureka endpoints via configuration
2018-06-29 14:58:01.094 [AsyncResolver-bootstrap-executor-0] INFO 
				com.netflix.discovery.shared.resolver.aws.ConfigClusterResolver.getClusterEndpoints - Resolving eureka endpoints via configuration
2018-06-29 14:58:12.816 [AsyncResolver-bootstrap-executor-0] INFO 
				com.netflix.discovery.shared.resolver.aws.ConfigClusterResolver.getClusterEndpoints - Resolving eureka endpoints via configuration
2018-06-29 15:02:52.256 [AsyncResolver-bootstrap-executor-0] INFO 
				com.netflix.discovery.shared.resolver.aws.ConfigClusterResolver.getClusterEndpoints - Resolving eureka endpoints via configuration
2018-06-29 15:02:55.768 [ReplicaAwareInstanceRegistry - RenewalThresholdUpdater] INFO 
				com.netflix.eureka.registry.PeerAwareInstanceRegistryImpl.updateRenewalThreshold - Current renewal threshold is : 10
2018-06-29 15:03:01.085 [AsyncResolver-bootstrap-executor-0] INFO 
				com.netflix.discovery.shared.resolver.aws.ConfigClusterResolver.getClusterEndpoints - Resolving eureka endpoints via configuration
2018-06-29 15:03:03.750 [ReplicaAwareInstanceRegistry - RenewalThresholdUpdater] INFO 
				com.netflix.eureka.registry.PeerAwareInstanceRegistryImpl.updateRenewalThreshold - Current renewal threshold is : 10
2018-06-29 15:03:12.809 [AsyncResolver-bootstrap-executor-0] INFO 
				com.netflix.discovery.shared.resolver.aws.ConfigClusterResolver.getClusterEndpoints - Resolving eureka endpoints via configuration
2018-06-29 15:03:15.373 [ReplicaAwareInstanceRegistry - RenewalThresholdUpdater] INFO 
				com.netflix.eureka.registry.PeerAwareInstanceRegistryImpl.updateRenewalThreshold - Current renewal threshold is : 10
2018-06-29 15:07:52.249 [AsyncResolver-bootstrap-executor-0] INFO 
				com.netflix.discovery.shared.resolver.aws.ConfigClusterResolver.getClusterEndpoints - Resolving eureka endpoints via configuration
2018-06-29 15:08:01.080 [AsyncResolver-bootstrap-executor-0] INFO 
				com.netflix.discovery.shared.resolver.aws.ConfigClusterResolver.getClusterEndpoints - Resolving eureka endpoints via configuration
2018-06-29 15:08:12.801 [AsyncResolver-bootstrap-executor-0] INFO 
				com.netflix.discovery.shared.resolver.aws.ConfigClusterResolver.getClusterEndpoints - Resolving eureka endpoints via configuration
2018-06-29 15:12:52.239 [AsyncResolver-bootstrap-executor-0] INFO 
				com.netflix.discovery.shared.resolver.aws.ConfigClusterResolver.getClusterEndpoints - Resolving eureka endpoints via configuration
2018-06-29 15:13:01.078 [AsyncResolver-bootstrap-executor-0] INFO 
				com.netflix.discovery.shared.resolver.aws.ConfigClusterResolver.getClusterEndpoints - Resolving eureka endpoints via configuration
2018-06-29 15:13:12.798 [AsyncResolver-bootstrap-executor-0] INFO 
				com.netflix.discovery.shared.resolver.aws.ConfigClusterResolver.getClusterEndpoints - Resolving eureka endpoints via configuration
2018-06-29 15:17:52.229 [AsyncResolver-bootstrap-executor-0] INFO 
				com.netflix.discovery.shared.resolver.aws.ConfigClusterResolver.getClusterEndpoints - Resolving eureka endpoints via configuration
2018-06-29 15:17:55.771 [ReplicaAwareInstanceRegistry - RenewalThresholdUpdater] INFO 
				com.netflix.eureka.registry.PeerAwareInstanceRegistryImpl.updateRenewalThreshold - Current renewal threshold is : 10
2018-06-29 15:18:01.069 [AsyncResolver-bootstrap-executor-0] INFO 
				com.netflix.discovery.shared.resolver.aws.ConfigClusterResolver.getClusterEndpoints - Resolving eureka endpoints via configuration
2018-06-29 15:18:03.753 [ReplicaAwareInstanceRegistry - RenewalThresholdUpdater] INFO 
				com.netflix.eureka.registry.PeerAwareInstanceRegistryImpl.updateRenewalThreshold - Current renewal threshold is : 10
2018-06-29 15:18:12.792 [AsyncResolver-bootstrap-executor-0] INFO 
				com.netflix.discovery.shared.resolver.aws.ConfigClusterResolver.getClusterEndpoints - Resolving eureka endpoints via configuration
2018-06-29 15:18:15.374 [ReplicaAwareInstanceRegistry - RenewalThresholdUpdater] INFO 
				com.netflix.eureka.registry.PeerAwareInstanceRegistryImpl.updateRenewalThreshold - Current renewal threshold is : 10
2018-06-29 15:22:52.222 [AsyncResolver-bootstrap-executor-0] INFO 
				com.netflix.discovery.shared.resolver.aws.ConfigClusterResolver.getClusterEndpoints - Resolving eureka endpoints via configuration
2018-06-29 15:23:01.064 [AsyncResolver-bootstrap-executor-0] INFO 
				com.netflix.discovery.shared.resolver.aws.ConfigClusterResolver.getClusterEndpoints - Resolving eureka endpoints via configuration
2018-06-29 15:23:12.787 [AsyncResolver-bootstrap-executor-0] INFO 
				com.netflix.discovery.shared.resolver.aws.ConfigClusterResolver.getClusterEndpoints - Resolving eureka endpoints via configuration
2018-06-29 15:27:52.214 [AsyncResolver-bootstrap-executor-0] INFO 
				com.netflix.discovery.shared.resolver.aws.ConfigClusterResolver.getClusterEndpoints - Resolving eureka endpoints via configuration
2018-06-29 15:28:01.054 [AsyncResolver-bootstrap-executor-0] INFO 
				com.netflix.discovery.shared.resolver.aws.ConfigClusterResolver.getClusterEndpoints - Resolving eureka endpoints via configuration
2018-06-29 15:28:12.781 [AsyncResolver-bootstrap-executor-0] INFO 
				com.netflix.discovery.shared.resolver.aws.ConfigClusterResolver.getClusterEndpoints - Resolving eureka endpoints via configuration
2018-06-29 15:32:52.209 [AsyncResolver-bootstrap-executor-0] INFO 
				com.netflix.discovery.shared.resolver.aws.ConfigClusterResolver.getClusterEndpoints - Resolving eureka endpoints via configuration
2018-06-29 15:32:55.775 [ReplicaAwareInstanceRegistry - RenewalThresholdUpdater] INFO 
				com.netflix.eureka.registry.PeerAwareInstanceRegistryImpl.updateRenewalThreshold - Current renewal threshold is : 10
2018-06-29 15:33:01.047 [AsyncResolver-bootstrap-executor-0] INFO 
				com.netflix.discovery.shared.resolver.aws.ConfigClusterResolver.getClusterEndpoints - Resolving eureka endpoints via configuration
2018-06-29 15:33:03.756 [ReplicaAwareInstanceRegistry - RenewalThresholdUpdater] INFO 
				com.netflix.eureka.registry.PeerAwareInstanceRegistryImpl.updateRenewalThreshold - Current renewal threshold is : 10
2018-06-29 15:33:12.772 [AsyncResolver-bootstrap-executor-0] INFO 
				com.netflix.discovery.shared.resolver.aws.ConfigClusterResolver.getClusterEndpoints - Resolving eureka endpoints via configuration
2018-06-29 15:33:15.378 [ReplicaAwareInstanceRegistry - RenewalThresholdUpdater] INFO 
				com.netflix.eureka.registry.PeerAwareInstanceRegistryImpl.updateRenewalThreshold - Current renewal threshold is : 10
2018-06-29 15:37:52.204 [AsyncResolver-bootstrap-executor-0] INFO 
				com.netflix.discovery.shared.resolver.aws.ConfigClusterResolver.getClusterEndpoints - Resolving eureka endpoints via configuration
2018-06-29 15:38:01.041 [AsyncResolver-bootstrap-executor-0] INFO 
				com.netflix.discovery.shared.resolver.aws.ConfigClusterResolver.getClusterEndpoints - Resolving eureka endpoints via configuration
2018-06-29 15:38:12.764 [AsyncResolver-bootstrap-executor-0] INFO 
				com.netflix.discovery.shared.resolver.aws.ConfigClusterResolver.getClusterEndpoints - Resolving eureka endpoints via configuration
2018-06-29 15:42:52.195 [AsyncResolver-bootstrap-executor-0] INFO 
				com.netflix.discovery.shared.resolver.aws.ConfigClusterResolver.getClusterEndpoints - Resolving eureka endpoints via configuration
2018-06-29 15:43:01.036 [AsyncResolver-bootstrap-executor-0] INFO 
				com.netflix.discovery.shared.resolver.aws.ConfigClusterResolver.getClusterEndpoints - Resolving eureka endpoints via configuration
2018-06-29 15:43:12.758 [AsyncResolver-bootstrap-executor-0] INFO 
				com.netflix.discovery.shared.resolver.aws.ConfigClusterResolver.getClusterEndpoints - Resolving eureka endpoints via configuration
2018-06-29 15:47:52.189 [AsyncResolver-bootstrap-executor-0] INFO 
				com.netflix.discovery.shared.resolver.aws.ConfigClusterResolver.getClusterEndpoints - Resolving eureka endpoints via configuration
2018-06-29 15:47:55.780 [ReplicaAwareInstanceRegistry - RenewalThresholdUpdater] INFO 
				com.netflix.eureka.registry.PeerAwareInstanceRegistryImpl.updateRenewalThreshold - Current renewal threshold is : 10
2018-06-29 15:48:01.028 [AsyncResolver-bootstrap-executor-0] INFO 
				com.netflix.discovery.shared.resolver.aws.ConfigClusterResolver.getClusterEndpoints - Resolving eureka endpoints via configuration
2018-06-29 15:48:03.758 [ReplicaAwareInstanceRegistry - RenewalThresholdUpdater] INFO 
				com.netflix.eureka.registry.PeerAwareInstanceRegistryImpl.updateRenewalThreshold - Current renewal threshold is : 10
2018-06-29 15:48:12.749 [AsyncResolver-bootstrap-executor-0] INFO 
				com.netflix.discovery.shared.resolver.aws.ConfigClusterResolver.getClusterEndpoints - Resolving eureka endpoints via configuration
2018-06-29 15:48:15.380 [ReplicaAwareInstanceRegistry - RenewalThresholdUpdater] INFO 
				com.netflix.eureka.registry.PeerAwareInstanceRegistryImpl.updateRenewalThreshold - Current renewal threshold is : 10
2018-06-29 15:52:52.183 [AsyncResolver-bootstrap-executor-0] INFO 
				com.netflix.discovery.shared.resolver.aws.ConfigClusterResolver.getClusterEndpoints - Resolving eureka endpoints via configuration
2018-06-29 15:53:01.018 [AsyncResolver-bootstrap-executor-0] INFO 
				com.netflix.discovery.shared.resolver.aws.ConfigClusterResolver.getClusterEndpoints - Resolving eureka endpoints via configuration
2018-06-29 15:53:12.744 [AsyncResolver-bootstrap-executor-0] INFO 
				com.netflix.discovery.shared.resolver.aws.ConfigClusterResolver.getClusterEndpoints - Resolving eureka endpoints via configuration
2018-06-29 15:57:52.177 [AsyncResolver-bootstrap-executor-0] INFO 
				com.netflix.discovery.shared.resolver.aws.ConfigClusterResolver.getClusterEndpoints - Resolving eureka endpoints via configuration
2018-06-29 15:58:01.011 [AsyncResolver-bootstrap-executor-0] INFO 
				com.netflix.discovery.shared.resolver.aws.ConfigClusterResolver.getClusterEndpoints - Resolving eureka endpoints via configuration
2018-06-29 15:58:12.736 [AsyncResolver-bootstrap-executor-0] INFO 
				com.netflix.discovery.shared.resolver.aws.ConfigClusterResolver.getClusterEndpoints - Resolving eureka endpoints via configuration
2018-06-29 16:02:52.170 [AsyncResolver-bootstrap-executor-0] INFO 
				com.netflix.discovery.shared.resolver.aws.ConfigClusterResolver.getClusterEndpoints - Resolving eureka endpoints via configuration
2018-06-29 16:02:55.784 [ReplicaAwareInstanceRegistry - RenewalThresholdUpdater] INFO 
				com.netflix.eureka.registry.PeerAwareInstanceRegistryImpl.updateRenewalThreshold - Current renewal threshold is : 10
2018-06-29 16:03:01.006 [AsyncResolver-bootstrap-executor-0] INFO 
				com.netflix.discovery.shared.resolver.aws.ConfigClusterResolver.getClusterEndpoints - Resolving eureka endpoints via configuration
2018-06-29 16:03:03.763 [ReplicaAwareInstanceRegistry - RenewalThresholdUpdater] INFO 
				com.netflix.eureka.registry.PeerAwareInstanceRegistryImpl.updateRenewalThreshold - Current renewal threshold is : 10
2018-06-29 16:03:12.731 [AsyncResolver-bootstrap-executor-0] INFO 
				com.netflix.discovery.shared.resolver.aws.ConfigClusterResolver.getClusterEndpoints - Resolving eureka endpoints via configuration
2018-06-29 16:03:15.384 [ReplicaAwareInstanceRegistry - RenewalThresholdUpdater] INFO 
				com.netflix.eureka.registry.PeerAwareInstanceRegistryImpl.updateRenewalThreshold - Current renewal threshold is : 10
2018-06-29 16:07:52.164 [AsyncResolver-bootstrap-executor-0] INFO 
				com.netflix.discovery.shared.resolver.aws.ConfigClusterResolver.getClusterEndpoints - Resolving eureka endpoints via configuration
2018-06-29 16:08:01.000 [AsyncResolver-bootstrap-executor-0] INFO 
				com.netflix.discovery.shared.resolver.aws.ConfigClusterResolver.getClusterEndpoints - Resolving eureka endpoints via configuration
2018-06-29 16:08:12.724 [AsyncResolver-bootstrap-executor-0] INFO 
				com.netflix.discovery.shared.resolver.aws.ConfigClusterResolver.getClusterEndpoints - Resolving eureka endpoints via configuration
2018-06-29 16:12:52.158 [AsyncResolver-bootstrap-executor-0] INFO 
				com.netflix.discovery.shared.resolver.aws.ConfigClusterResolver.getClusterEndpoints - Resolving eureka endpoints via configuration
2018-06-29 16:13:00.993 [AsyncResolver-bootstrap-executor-0] INFO 
				com.netflix.discovery.shared.resolver.aws.ConfigClusterResolver.getClusterEndpoints - Resolving eureka endpoints via configuration
2018-06-29 16:13:12.715 [AsyncResolver-bootstrap-executor-0] INFO 
				com.netflix.discovery.shared.resolver.aws.ConfigClusterResolver.getClusterEndpoints - Resolving eureka endpoints via configuration
2018-06-29 16:17:52.151 [AsyncResolver-bootstrap-executor-0] INFO 
				com.netflix.discovery.shared.resolver.aws.ConfigClusterResolver.getClusterEndpoints - Resolving eureka endpoints via configuration
2018-06-29 16:17:55.787 [ReplicaAwareInstanceRegistry - RenewalThresholdUpdater] INFO 
				com.netflix.eureka.registry.PeerAwareInstanceRegistryImpl.updateRenewalThreshold - Current renewal threshold is : 10
2018-06-29 16:18:00.986 [AsyncResolver-bootstrap-executor-0] INFO 
				com.netflix.discovery.shared.resolver.aws.ConfigClusterResolver.getClusterEndpoints - Resolving eureka endpoints via configuration
2018-06-29 16:18:03.766 [ReplicaAwareInstanceRegistry - RenewalThresholdUpdater] INFO 
				com.netflix.eureka.registry.PeerAwareInstanceRegistryImpl.updateRenewalThreshold - Current renewal threshold is : 10
2018-06-29 16:18:12.709 [AsyncResolver-bootstrap-executor-0] INFO 
				com.netflix.discovery.shared.resolver.aws.ConfigClusterResolver.getClusterEndpoints - Resolving eureka endpoints via configuration
2018-06-29 16:18:15.388 [ReplicaAwareInstanceRegistry - RenewalThresholdUpdater] INFO 
				com.netflix.eureka.registry.PeerAwareInstanceRegistryImpl.updateRenewalThreshold - Current renewal threshold is : 10
2018-06-29 16:22:52.143 [AsyncResolver-bootstrap-executor-0] INFO 
				com.netflix.discovery.shared.resolver.aws.ConfigClusterResolver.getClusterEndpoints - Resolving eureka endpoints via configuration
2018-06-29 16:23:00.979 [AsyncResolver-bootstrap-executor-0] INFO 
				com.netflix.discovery.shared.resolver.aws.ConfigClusterResolver.getClusterEndpoints - Resolving eureka endpoints via configuration
2018-06-29 16:23:12.704 [AsyncResolver-bootstrap-executor-0] INFO 
				com.netflix.discovery.shared.resolver.aws.ConfigClusterResolver.getClusterEndpoints - Resolving eureka endpoints via configuration
2018-06-29 16:27:52.139 [AsyncResolver-bootstrap-executor-0] INFO 
				com.netflix.discovery.shared.resolver.aws.ConfigClusterResolver.getClusterEndpoints - Resolving eureka endpoints via configuration
2018-06-29 16:28:00.972 [AsyncResolver-bootstrap-executor-0] INFO 
				com.netflix.discovery.shared.resolver.aws.ConfigClusterResolver.getClusterEndpoints - Resolving eureka endpoints via configuration
2018-06-29 16:28:12.697 [AsyncResolver-bootstrap-executor-0] INFO 
				com.netflix.discovery.shared.resolver.aws.ConfigClusterResolver.getClusterEndpoints - Resolving eureka endpoints via configuration
2018-06-29 16:32:52.134 [AsyncResolver-bootstrap-executor-0] INFO 
				com.netflix.discovery.shared.resolver.aws.ConfigClusterResolver.getClusterEndpoints - Resolving eureka endpoints via configuration
2018-06-29 16:32:55.793 [ReplicaAwareInstanceRegistry - RenewalThresholdUpdater] INFO 
				com.netflix.eureka.registry.PeerAwareInstanceRegistryImpl.updateRenewalThreshold - Current renewal threshold is : 10
2018-06-29 16:33:00.966 [AsyncResolver-bootstrap-executor-0] INFO 
				com.netflix.discovery.shared.resolver.aws.ConfigClusterResolver.getClusterEndpoints - Resolving eureka endpoints via configuration
2018-06-29 16:33:03.768 [ReplicaAwareInstanceRegistry - RenewalThresholdUpdater] INFO 
				com.netflix.eureka.registry.PeerAwareInstanceRegistryImpl.updateRenewalThreshold - Current renewal threshold is : 10
2018-06-29 16:33:12.689 [AsyncResolver-bootstrap-executor-0] INFO 
				com.netflix.discovery.shared.resolver.aws.ConfigClusterResolver.getClusterEndpoints - Resolving eureka endpoints via configuration
2018-06-29 16:33:15.393 [ReplicaAwareInstanceRegistry - RenewalThresholdUpdater] INFO 
				com.netflix.eureka.registry.PeerAwareInstanceRegistryImpl.updateRenewalThreshold - Current renewal threshold is : 10
2018-06-29 16:37:52.130 [AsyncResolver-bootstrap-executor-0] INFO 
				com.netflix.discovery.shared.resolver.aws.ConfigClusterResolver.getClusterEndpoints - Resolving eureka endpoints via configuration
2018-06-29 16:38:00.959 [AsyncResolver-bootstrap-executor-0] INFO 
				com.netflix.discovery.shared.resolver.aws.ConfigClusterResolver.getClusterEndpoints - Resolving eureka endpoints via configuration
2018-06-29 16:38:12.684 [AsyncResolver-bootstrap-executor-0] INFO 
				com.netflix.discovery.shared.resolver.aws.ConfigClusterResolver.getClusterEndpoints - Resolving eureka endpoints via configuration
2018-06-29 16:42:52.125 [AsyncResolver-bootstrap-executor-0] INFO 
				com.netflix.discovery.shared.resolver.aws.ConfigClusterResolver.getClusterEndpoints - Resolving eureka endpoints via configuration
2018-06-29 16:43:00.953 [AsyncResolver-bootstrap-executor-0] INFO 
				com.netflix.discovery.shared.resolver.aws.ConfigClusterResolver.getClusterEndpoints - Resolving eureka endpoints via configuration
2018-06-29 16:43:12.678 [AsyncResolver-bootstrap-executor-0] INFO 
				com.netflix.discovery.shared.resolver.aws.ConfigClusterResolver.getClusterEndpoints - Resolving eureka endpoints via configuration
2018-06-29 16:47:52.121 [AsyncResolver-bootstrap-executor-0] INFO 
				com.netflix.discovery.shared.resolver.aws.ConfigClusterResolver.getClusterEndpoints - Resolving eureka endpoints via configuration
2018-06-29 16:47:55.796 [ReplicaAwareInstanceRegistry - RenewalThresholdUpdater] INFO 
				com.netflix.eureka.registry.PeerAwareInstanceRegistryImpl.updateRenewalThreshold - Current renewal threshold is : 10
2018-06-29 16:48:00.947 [AsyncResolver-bootstrap-executor-0] INFO 
				com.netflix.discovery.shared.resolver.aws.ConfigClusterResolver.getClusterEndpoints - Resolving eureka endpoints via configuration
2018-06-29 16:48:03.773 [ReplicaAwareInstanceRegistry - RenewalThresholdUpdater] INFO 
				com.netflix.eureka.registry.PeerAwareInstanceRegistryImpl.updateRenewalThreshold - Current renewal threshold is : 10
2018-06-29 16:48:12.674 [AsyncResolver-bootstrap-executor-0] INFO 
				com.netflix.discovery.shared.resolver.aws.ConfigClusterResolver.getClusterEndpoints - Resolving eureka endpoints via configuration
2018-06-29 16:48:15.394 [ReplicaAwareInstanceRegistry - RenewalThresholdUpdater] INFO 
				com.netflix.eureka.registry.PeerAwareInstanceRegistryImpl.updateRenewalThreshold - Current renewal threshold is : 10
2018-06-29 16:52:52.116 [AsyncResolver-bootstrap-executor-0] INFO 
				com.netflix.discovery.shared.resolver.aws.ConfigClusterResolver.getClusterEndpoints - Resolving eureka endpoints via configuration
2018-06-29 16:53:00.939 [AsyncResolver-bootstrap-executor-0] INFO 
				com.netflix.discovery.shared.resolver.aws.ConfigClusterResolver.getClusterEndpoints - Resolving eureka endpoints via configuration
2018-06-29 16:53:12.667 [AsyncResolver-bootstrap-executor-0] INFO 
				com.netflix.discovery.shared.resolver.aws.ConfigClusterResolver.getClusterEndpoints - Resolving eureka endpoints via configuration
2018-06-29 16:57:52.111 [AsyncResolver-bootstrap-executor-0] INFO 
				com.netflix.discovery.shared.resolver.aws.ConfigClusterResolver.getClusterEndpoints - Resolving eureka endpoints via configuration
2018-06-29 16:58:00.934 [AsyncResolver-bootstrap-executor-0] INFO 
				com.netflix.discovery.shared.resolver.aws.ConfigClusterResolver.getClusterEndpoints - Resolving eureka endpoints via configuration
2018-06-29 16:58:12.661 [AsyncResolver-bootstrap-executor-0] INFO 
				com.netflix.discovery.shared.resolver.aws.ConfigClusterResolver.getClusterEndpoints - Resolving eureka endpoints via configuration
2018-06-29 17:02:52.105 [AsyncResolver-bootstrap-executor-0] INFO 
				com.netflix.discovery.shared.resolver.aws.ConfigClusterResolver.getClusterEndpoints - Resolving eureka endpoints via configuration
2018-06-29 17:02:55.800 [ReplicaAwareInstanceRegistry - RenewalThresholdUpdater] INFO 
				com.netflix.eureka.registry.PeerAwareInstanceRegistryImpl.updateRenewalThreshold - Current renewal threshold is : 10
2018-06-29 17:03:00.929 [AsyncResolver-bootstrap-executor-0] INFO 
				com.netflix.discovery.shared.resolver.aws.ConfigClusterResolver.getClusterEndpoints - Resolving eureka endpoints via configuration
2018-06-29 17:03:03.778 [ReplicaAwareInstanceRegistry - RenewalThresholdUpdater] INFO 
				com.netflix.eureka.registry.PeerAwareInstanceRegistryImpl.updateRenewalThreshold - Current renewal threshold is : 10
2018-06-29 17:03:12.657 [AsyncResolver-bootstrap-executor-0] INFO 
				com.netflix.discovery.shared.resolver.aws.ConfigClusterResolver.getClusterEndpoints - Resolving eureka endpoints via configuration
2018-06-29 17:03:15.395 [ReplicaAwareInstanceRegistry - RenewalThresholdUpdater] INFO 
				com.netflix.eureka.registry.PeerAwareInstanceRegistryImpl.updateRenewalThreshold - Current renewal threshold is : 10
2018-06-29 17:07:52.098 [AsyncResolver-bootstrap-executor-0] INFO 
				com.netflix.discovery.shared.resolver.aws.ConfigClusterResolver.getClusterEndpoints - Resolving eureka endpoints via configuration
2018-06-29 17:08:00.923 [AsyncResolver-bootstrap-executor-0] INFO 
				com.netflix.discovery.shared.resolver.aws.ConfigClusterResolver.getClusterEndpoints - Resolving eureka endpoints via configuration
2018-06-29 17:08:12.649 [AsyncResolver-bootstrap-executor-0] INFO 
				com.netflix.discovery.shared.resolver.aws.ConfigClusterResolver.getClusterEndpoints - Resolving eureka endpoints via configuration
2018-06-29 17:12:52.091 [AsyncResolver-bootstrap-executor-0] INFO 
				com.netflix.discovery.shared.resolver.aws.ConfigClusterResolver.getClusterEndpoints - Resolving eureka endpoints via configuration
2018-06-29 17:13:00.918 [AsyncResolver-bootstrap-executor-0] INFO 
				com.netflix.discovery.shared.resolver.aws.ConfigClusterResolver.getClusterEndpoints - Resolving eureka endpoints via configuration
2018-06-29 17:13:12.644 [AsyncResolver-bootstrap-executor-0] INFO 
				com.netflix.discovery.shared.resolver.aws.ConfigClusterResolver.getClusterEndpoints - Resolving eureka endpoints via configuration
2018-06-29 17:17:52.085 [AsyncResolver-bootstrap-executor-0] INFO 
				com.netflix.discovery.shared.resolver.aws.ConfigClusterResolver.getClusterEndpoints - Resolving eureka endpoints via configuration
2018-06-29 17:17:55.802 [ReplicaAwareInstanceRegistry - RenewalThresholdUpdater] INFO 
				com.netflix.eureka.registry.PeerAwareInstanceRegistryImpl.updateRenewalThreshold - Current renewal threshold is : 10
2018-06-29 17:18:00.911 [AsyncResolver-bootstrap-executor-0] INFO 
				com.netflix.discovery.shared.resolver.aws.ConfigClusterResolver.getClusterEndpoints - Resolving eureka endpoints via configuration
2018-06-29 17:18:03.780 [ReplicaAwareInstanceRegistry - RenewalThresholdUpdater] INFO 
				com.netflix.eureka.registry.PeerAwareInstanceRegistryImpl.updateRenewalThreshold - Current renewal threshold is : 10
2018-06-29 17:18:12.637 [AsyncResolver-bootstrap-executor-0] INFO 
				com.netflix.discovery.shared.resolver.aws.ConfigClusterResolver.getClusterEndpoints - Resolving eureka endpoints via configuration
2018-06-29 17:18:15.397 [ReplicaAwareInstanceRegistry - RenewalThresholdUpdater] INFO 
				com.netflix.eureka.registry.PeerAwareInstanceRegistryImpl.updateRenewalThreshold - Current renewal threshold is : 10
2018-06-29 17:22:52.075 [AsyncResolver-bootstrap-executor-0] INFO 
				com.netflix.discovery.shared.resolver.aws.ConfigClusterResolver.getClusterEndpoints - Resolving eureka endpoints via configuration
2018-06-29 17:23:00.903 [AsyncResolver-bootstrap-executor-0] INFO 
				com.netflix.discovery.shared.resolver.aws.ConfigClusterResolver.getClusterEndpoints - Resolving eureka endpoints via configuration
2018-06-29 17:23:12.630 [AsyncResolver-bootstrap-executor-0] INFO 
				com.netflix.discovery.shared.resolver.aws.ConfigClusterResolver.getClusterEndpoints - Resolving eureka endpoints via configuration
2018-06-29 17:27:52.066 [AsyncResolver-bootstrap-executor-0] INFO 
				com.netflix.discovery.shared.resolver.aws.ConfigClusterResolver.getClusterEndpoints - Resolving eureka endpoints via configuration
2018-06-29 17:28:00.896 [AsyncResolver-bootstrap-executor-0] INFO 
				com.netflix.discovery.shared.resolver.aws.ConfigClusterResolver.getClusterEndpoints - Resolving eureka endpoints via configuration
2018-06-29 17:28:12.625 [AsyncResolver-bootstrap-executor-0] INFO 
				com.netflix.discovery.shared.resolver.aws.ConfigClusterResolver.getClusterEndpoints - Resolving eureka endpoints via configuration
2018-06-29 17:32:52.060 [AsyncResolver-bootstrap-executor-0] INFO 
				com.netflix.discovery.shared.resolver.aws.ConfigClusterResolver.getClusterEndpoints - Resolving eureka endpoints via configuration
2018-06-29 17:32:55.806 [ReplicaAwareInstanceRegistry - RenewalThresholdUpdater] INFO 
				com.netflix.eureka.registry.PeerAwareInstanceRegistryImpl.updateRenewalThreshold - Current renewal threshold is : 10
2018-06-29 17:33:00.891 [AsyncResolver-bootstrap-executor-0] INFO 
				com.netflix.discovery.shared.resolver.aws.ConfigClusterResolver.getClusterEndpoints - Resolving eureka endpoints via configuration
2018-06-29 17:33:03.786 [ReplicaAwareInstanceRegistry - RenewalThresholdUpdater] INFO 
				com.netflix.eureka.registry.PeerAwareInstanceRegistryImpl.updateRenewalThreshold - Current renewal threshold is : 10
2018-06-29 17:33:21.008 [AsyncResolver-bootstrap-executor-0] INFO 
				com.netflix.discovery.shared.resolver.aws.ConfigClusterResolver.getClusterEndpoints - Resolving eureka endpoints via configuration
2018-06-29 17:33:21.009 [ReplicaAwareInstanceRegistry - RenewalThresholdUpdater] INFO 
				com.netflix.eureka.registry.PeerAwareInstanceRegistryImpl.updateRenewalThreshold - Current renewal threshold is : 10
2018-06-29 17:35:49.033 [DiscoveryClient-HeartbeatExecutor-0] INFO 
				com.netflix.discovery.DiscoveryClient.renew - DiscoveryClient_EUREKA-SERVER/10.166.37.142:eureka-server-peer:8889 - Re-registering apps/EUREKA-SERVER
2018-06-29 17:35:49.033 [DiscoveryClient-HeartbeatExecutor-0] INFO 
				com.netflix.discovery.DiscoveryClient.register - DiscoveryClient_EUREKA-SERVER/10.166.37.142:eureka-server-peer:8889: registering service...
2018-06-29 17:35:49.041 [DiscoveryClient-HeartbeatExecutor-0] INFO 
				com.netflix.discovery.DiscoveryClient.register - DiscoveryClient_EUREKA-SERVER/10.166.37.142:eureka-server-peer:8889 - registration status: 204
2018-06-29 17:40:06.850 [AsyncResolver-bootstrap-executor-0] INFO 
				com.netflix.discovery.shared.resolver.aws.ConfigClusterResolver.getClusterEndpoints - Resolving eureka endpoints via configuration
2018-06-29 17:40:15.675 [AsyncResolver-bootstrap-executor-0] INFO 
				com.netflix.discovery.shared.resolver.aws.ConfigClusterResolver.getClusterEndpoints - Resolving eureka endpoints via configuration
2018-06-29 17:40:31.081 [AsyncResolver-bootstrap-executor-0] INFO 
				com.netflix.discovery.shared.resolver.aws.ConfigClusterResolver.getClusterEndpoints - Resolving eureka endpoints via configuration
2018-06-29 17:45:06.842 [AsyncResolver-bootstrap-executor-0] INFO 
				com.netflix.discovery.shared.resolver.aws.ConfigClusterResolver.getClusterEndpoints - Resolving eureka endpoints via configuration
2018-06-29 17:45:15.670 [AsyncResolver-bootstrap-executor-0] INFO 
				com.netflix.discovery.shared.resolver.aws.ConfigClusterResolver.getClusterEndpoints - Resolving eureka endpoints via configuration
2018-06-29 17:45:31.076 [AsyncResolver-bootstrap-executor-0] INFO 
				com.netflix.discovery.shared.resolver.aws.ConfigClusterResolver.getClusterEndpoints - Resolving eureka endpoints via configuration
2018-06-29 17:50:06.836 [AsyncResolver-bootstrap-executor-0] INFO 
				com.netflix.discovery.shared.resolver.aws.ConfigClusterResolver.getClusterEndpoints - Resolving eureka endpoints via configuration
2018-06-29 17:50:10.578 [ReplicaAwareInstanceRegistry - RenewalThresholdUpdater] INFO 
				com.netflix.eureka.registry.PeerAwareInstanceRegistryImpl.updateRenewalThreshold - Current renewal threshold is : 10
2018-06-29 17:50:15.666 [AsyncResolver-bootstrap-executor-0] INFO 
				com.netflix.discovery.shared.resolver.aws.ConfigClusterResolver.getClusterEndpoints - Resolving eureka endpoints via configuration
2018-06-29 17:50:18.557 [ReplicaAwareInstanceRegistry - RenewalThresholdUpdater] INFO 
				com.netflix.eureka.registry.PeerAwareInstanceRegistryImpl.updateRenewalThreshold - Current renewal threshold is : 10
2018-06-29 17:50:31.051 [ReplicaAwareInstanceRegistry - RenewalThresholdUpdater] INFO 
				com.netflix.eureka.registry.PeerAwareInstanceRegistryImpl.updateRenewalThreshold - Current renewal threshold is : 10
2018-06-29 17:50:31.071 [AsyncResolver-bootstrap-executor-0] INFO 
				com.netflix.discovery.shared.resolver.aws.ConfigClusterResolver.getClusterEndpoints - Resolving eureka endpoints via configuration
2018-06-29 17:55:06.828 [AsyncResolver-bootstrap-executor-0] INFO 
				com.netflix.discovery.shared.resolver.aws.ConfigClusterResolver.getClusterEndpoints - Resolving eureka endpoints via configuration
2018-06-29 17:55:15.658 [AsyncResolver-bootstrap-executor-0] INFO 
				com.netflix.discovery.shared.resolver.aws.ConfigClusterResolver.getClusterEndpoints - Resolving eureka endpoints via configuration
2018-06-29 17:55:31.066 [AsyncResolver-bootstrap-executor-0] INFO 
				com.netflix.discovery.shared.resolver.aws.ConfigClusterResolver.getClusterEndpoints - Resolving eureka endpoints via configuration
2018-06-29 18:00:06.824 [AsyncResolver-bootstrap-executor-0] INFO 
				com.netflix.discovery.shared.resolver.aws.ConfigClusterResolver.getClusterEndpoints - Resolving eureka endpoints via configuration
2018-06-29 18:00:15.655 [AsyncResolver-bootstrap-executor-0] INFO 
				com.netflix.discovery.shared.resolver.aws.ConfigClusterResolver.getClusterEndpoints - Resolving eureka endpoints via configuration
2018-06-29 18:00:31.065 [AsyncResolver-bootstrap-executor-0] INFO 
				com.netflix.discovery.shared.resolver.aws.ConfigClusterResolver.getClusterEndpoints - Resolving eureka endpoints via configuration
2018-06-29 18:05:06.817 [AsyncResolver-bootstrap-executor-0] INFO 
				com.netflix.discovery.shared.resolver.aws.ConfigClusterResolver.getClusterEndpoints - Resolving eureka endpoints via configuration
2018-06-29 18:05:10.581 [ReplicaAwareInstanceRegistry - RenewalThresholdUpdater] INFO 
				com.netflix.eureka.registry.PeerAwareInstanceRegistryImpl.updateRenewalThreshold - Current renewal threshold is : 10
2018-06-29 18:05:15.647 [AsyncResolver-bootstrap-executor-0] INFO 
				com.netflix.discovery.shared.resolver.aws.ConfigClusterResolver.getClusterEndpoints - Resolving eureka endpoints via configuration
2018-06-29 18:05:18.561 [ReplicaAwareInstanceRegistry - RenewalThresholdUpdater] INFO 
				com.netflix.eureka.registry.PeerAwareInstanceRegistryImpl.updateRenewalThreshold - Current renewal threshold is : 10
2018-06-29 18:05:31.056 [ReplicaAwareInstanceRegistry - RenewalThresholdUpdater] INFO 
				com.netflix.eureka.registry.PeerAwareInstanceRegistryImpl.updateRenewalThreshold - Current renewal threshold is : 10
2018-06-29 18:05:31.058 [AsyncResolver-bootstrap-executor-0] INFO 
				com.netflix.discovery.shared.resolver.aws.ConfigClusterResolver.getClusterEndpoints - Resolving eureka endpoints via configuration
2018-06-29 18:10:06.811 [AsyncResolver-bootstrap-executor-0] INFO 
				com.netflix.discovery.shared.resolver.aws.ConfigClusterResolver.getClusterEndpoints - Resolving eureka endpoints via configuration
2018-06-29 18:10:15.639 [AsyncResolver-bootstrap-executor-0] INFO 
				com.netflix.discovery.shared.resolver.aws.ConfigClusterResolver.getClusterEndpoints - Resolving eureka endpoints via configuration
2018-06-29 18:10:31.051 [AsyncResolver-bootstrap-executor-0] INFO 
				com.netflix.discovery.shared.resolver.aws.ConfigClusterResolver.getClusterEndpoints - Resolving eureka endpoints via configuration
2018-06-29 18:15:06.802 [AsyncResolver-bootstrap-executor-0] INFO 
				com.netflix.discovery.shared.resolver.aws.ConfigClusterResolver.getClusterEndpoints - Resolving eureka endpoints via configuration
2018-06-29 18:15:15.633 [AsyncResolver-bootstrap-executor-0] INFO 
				com.netflix.discovery.shared.resolver.aws.ConfigClusterResolver.getClusterEndpoints - Resolving eureka endpoints via configuration
2018-06-29 18:15:31.043 [AsyncResolver-bootstrap-executor-0] INFO 
				com.netflix.discovery.shared.resolver.aws.ConfigClusterResolver.getClusterEndpoints - Resolving eureka endpoints via configuration
2018-06-29 18:20:06.798 [AsyncResolver-bootstrap-executor-0] INFO 
				com.netflix.discovery.shared.resolver.aws.ConfigClusterResolver.getClusterEndpoints - Resolving eureka endpoints via configuration
2018-06-29 18:20:10.587 [ReplicaAwareInstanceRegistry - RenewalThresholdUpdater] INFO 
				com.netflix.eureka.registry.PeerAwareInstanceRegistryImpl.updateRenewalThreshold - Current renewal threshold is : 10
2018-06-29 18:20:15.631 [AsyncResolver-bootstrap-executor-0] INFO 
				com.netflix.discovery.shared.resolver.aws.ConfigClusterResolver.getClusterEndpoints - Resolving eureka endpoints via configuration
2018-06-29 18:20:18.568 [ReplicaAwareInstanceRegistry - RenewalThresholdUpdater] INFO 
				com.netflix.eureka.registry.PeerAwareInstanceRegistryImpl.updateRenewalThreshold - Current renewal threshold is : 10
2018-06-29 18:20:31.039 [AsyncResolver-bootstrap-executor-0] INFO 
				com.netflix.discovery.shared.resolver.aws.ConfigClusterResolver.getClusterEndpoints - Resolving eureka endpoints via configuration
2018-06-29 18:20:31.063 [ReplicaAwareInstanceRegistry - RenewalThresholdUpdater] INFO 
				com.netflix.eureka.registry.PeerAwareInstanceRegistryImpl.updateRenewalThreshold - Current renewal threshold is : 10
2018-06-29 18:52:24.158 [DiscoveryClient-HeartbeatExecutor-0] INFO 
				com.netflix.discovery.DiscoveryClient.renew - DiscoveryClient_EUREKA-SERVER/10.166.37.142:eureka-server-peer:8888 - Re-registering apps/EUREKA-SERVER
2018-06-29 18:52:24.159 [DiscoveryClient-HeartbeatExecutor-0] INFO 
				com.netflix.discovery.DiscoveryClient.register - DiscoveryClient_EUREKA-SERVER/10.166.37.142:eureka-server-peer:8888: registering service...
2018-06-29 18:52:24.169 [DiscoveryClient-HeartbeatExecutor-0] INFO 
				com.netflix.discovery.DiscoveryClient.register - DiscoveryClient_EUREKA-SERVER/10.166.37.142:eureka-server-peer:8888 - registration status: 204
2018-06-29 18:52:24.223 [DiscoveryClient-HeartbeatExecutor-0] INFO 
				com.netflix.discovery.DiscoveryClient.renew - DiscoveryClient_EUREKA-SERVER/10.166.37.142:eureka-server-peer:8887 - Re-registering apps/EUREKA-SERVER
2018-06-29 18:52:24.232 [DiscoveryClient-HeartbeatExecutor-0] INFO 
				com.netflix.discovery.DiscoveryClient.register - DiscoveryClient_EUREKA-SERVER/10.166.37.142:eureka-server-peer:8887: registering service...
2018-06-29 18:52:24.259 [DiscoveryClient-HeartbeatExecutor-0] INFO 
				com.netflix.discovery.DiscoveryClient.register - DiscoveryClient_EUREKA-SERVER/10.166.37.142:eureka-server-peer:8887 - registration status: 204
2018-06-29 18:52:24.617 [DiscoveryClient-HeartbeatExecutor-0] INFO 
				com.netflix.discovery.DiscoveryClient.renew - DiscoveryClient_EUREKA-SERVER/10.166.37.142:eureka-server-peer:8889 - Re-registering apps/EUREKA-SERVER
2018-06-29 18:52:24.617 [DiscoveryClient-HeartbeatExecutor-0] INFO 
				com.netflix.discovery.DiscoveryClient.register - DiscoveryClient_EUREKA-SERVER/10.166.37.142:eureka-server-peer:8889: registering service...
2018-06-29 18:52:24.624 [DiscoveryClient-HeartbeatExecutor-0] INFO 
				com.netflix.discovery.DiscoveryClient.register - DiscoveryClient_EUREKA-SERVER/10.166.37.142:eureka-server-peer:8889 - registration status: 204
