2018-07-02 09:06:18.008 [DiscoveryClient-HeartbeatExecutor-0] INFO 
				com.netflix.discovery.DiscoveryClient.renew - DiscoveryClient_EUREKA-SERVER/10.166.37.142:eureka-server-peer:8887 - Re-registering apps/EUREKA-SERVER
2018-07-02 09:06:18.009 [DiscoveryClient-HeartbeatExecutor-0] INFO 
				com.netflix.discovery.DiscoveryClient.register - DiscoveryClient_EUREKA-SERVER/10.166.37.142:eureka-server-peer:8887: registering service...
2018-07-02 09:06:18.008 [DiscoveryClient-HeartbeatExecutor-0] INFO 
				com.netflix.discovery.DiscoveryClient.renew - DiscoveryClient_EUREKA-SERVER/10.166.37.142:eureka-server-peer:8888 - Re-registering apps/EUREKA-SERVER
2018-07-02 09:06:18.009 [DiscoveryClient-HeartbeatExecutor-0] INFO 
				com.netflix.discovery.DiscoveryClient.register - DiscoveryClient_EUREKA-SERVER/10.166.37.142:eureka-server-peer:8888: registering service...
2018-07-02 09:06:18.010 [DiscoveryClient-HeartbeatExecutor-0] INFO 
				com.netflix.discovery.DiscoveryClient.renew - DiscoveryClient_EUREKA-SERVER/10.166.37.142:eureka-server-peer:8889 - Re-registering apps/EUREKA-SERVER
2018-07-02 09:06:18.011 [DiscoveryClient-HeartbeatExecutor-0] INFO 
				com.netflix.discovery.DiscoveryClient.register - DiscoveryClient_EUREKA-SERVER/10.166.37.142:eureka-server-peer:8889: registering service...
2018-07-02 09:06:18.015 [DiscoveryClient-HeartbeatExecutor-0] INFO 
				com.netflix.discovery.DiscoveryClient.register - DiscoveryClient_EUREKA-SERVER/10.166.37.142:eureka-server-peer:8888 - registration status: 204
2018-07-02 09:06:18.019 [DiscoveryClient-HeartbeatExecutor-0] INFO 
				com.netflix.discovery.DiscoveryClient.register - DiscoveryClient_EUREKA-SERVER/10.166.37.142:eureka-server-peer:8887 - registration status: 204
2018-07-02 09:06:18.025 [DiscoveryClient-HeartbeatExecutor-0] INFO 
				com.netflix.discovery.DiscoveryClient.register - DiscoveryClient_EUREKA-SERVER/10.166.37.142:eureka-server-peer:8889 - registration status: 204
2018-07-02 09:07:26.655 [AsyncResolver-bootstrap-executor-0] INFO 
				com.netflix.discovery.shared.resolver.aws.ConfigClusterResolver.getClusterEndpoints - Resolving eureka endpoints via configuration
2018-07-02 09:07:35.480 [AsyncResolver-bootstrap-executor-0] INFO 
				com.netflix.discovery.shared.resolver.aws.ConfigClusterResolver.getClusterEndpoints - Resolving eureka endpoints via configuration
2018-07-02 09:08:34.035 [AsyncResolver-bootstrap-executor-0] INFO 
				com.netflix.discovery.shared.resolver.aws.ConfigClusterResolver.getClusterEndpoints - Resolving eureka endpoints via configuration
2018-07-02 09:12:26.649 [AsyncResolver-bootstrap-executor-0] INFO 
				com.netflix.discovery.shared.resolver.aws.ConfigClusterResolver.getClusterEndpoints - Resolving eureka endpoints via configuration
2018-07-02 09:12:35.477 [AsyncResolver-bootstrap-executor-0] INFO 
				com.netflix.discovery.shared.resolver.aws.ConfigClusterResolver.getClusterEndpoints - Resolving eureka endpoints via configuration
2018-07-02 09:13:34.027 [AsyncResolver-bootstrap-executor-0] INFO 
				com.netflix.discovery.shared.resolver.aws.ConfigClusterResolver.getClusterEndpoints - Resolving eureka endpoints via configuration
2018-07-02 09:17:26.640 [AsyncResolver-bootstrap-executor-0] INFO 
				com.netflix.discovery.shared.resolver.aws.ConfigClusterResolver.getClusterEndpoints - Resolving eureka endpoints via configuration
2018-07-02 09:17:30.412 [ReplicaAwareInstanceRegistry - RenewalThresholdUpdater] INFO 
				com.netflix.eureka.registry.PeerAwareInstanceRegistryImpl.updateRenewalThreshold - Current renewal threshold is : 10
2018-07-02 09:17:35.469 [AsyncResolver-bootstrap-executor-0] INFO 
				com.netflix.discovery.shared.resolver.aws.ConfigClusterResolver.getClusterEndpoints - Resolving eureka endpoints via configuration
2018-07-02 09:18:33.661 [ReplicaAwareInstanceRegistry - RenewalThresholdUpdater] INFO 
				com.netflix.eureka.registry.PeerAwareInstanceRegistryImpl.updateRenewalThreshold - Current renewal threshold is : 10
2018-07-02 09:18:33.668 [ReplicaAwareInstanceRegistry - RenewalThresholdUpdater] INFO 
				com.netflix.eureka.registry.PeerAwareInstanceRegistryImpl.updateRenewalThreshold - Current renewal threshold is : 10
2018-07-02 09:18:34.022 [AsyncResolver-bootstrap-executor-0] INFO 
				com.netflix.discovery.shared.resolver.aws.ConfigClusterResolver.getClusterEndpoints - Resolving eureka endpoints via configuration
2018-07-02 09:22:26.633 [AsyncResolver-bootstrap-executor-0] INFO 
				com.netflix.discovery.shared.resolver.aws.ConfigClusterResolver.getClusterEndpoints - Resolving eureka endpoints via configuration
2018-07-02 09:22:35.463 [AsyncResolver-bootstrap-executor-0] INFO 
				com.netflix.discovery.shared.resolver.aws.ConfigClusterResolver.getClusterEndpoints - Resolving eureka endpoints via configuration
2018-07-02 09:23:34.018 [AsyncResolver-bootstrap-executor-0] INFO 
				com.netflix.discovery.shared.resolver.aws.ConfigClusterResolver.getClusterEndpoints - Resolving eureka endpoints via configuration
2018-07-02 09:27:26.627 [AsyncResolver-bootstrap-executor-0] INFO 
				com.netflix.discovery.shared.resolver.aws.ConfigClusterResolver.getClusterEndpoints - Resolving eureka endpoints via configuration
2018-07-02 09:27:35.458 [AsyncResolver-bootstrap-executor-0] INFO 
				com.netflix.discovery.shared.resolver.aws.ConfigClusterResolver.getClusterEndpoints - Resolving eureka endpoints via configuration
2018-07-02 09:28:34.012 [AsyncResolver-bootstrap-executor-0] INFO 
				com.netflix.discovery.shared.resolver.aws.ConfigClusterResolver.getClusterEndpoints - Resolving eureka endpoints via configuration
2018-07-02 09:32:26.623 [AsyncResolver-bootstrap-executor-0] INFO 
				com.netflix.discovery.shared.resolver.aws.ConfigClusterResolver.getClusterEndpoints - Resolving eureka endpoints via configuration
2018-07-02 09:32:30.413 [ReplicaAwareInstanceRegistry - RenewalThresholdUpdater] INFO 
				com.netflix.eureka.registry.PeerAwareInstanceRegistryImpl.updateRenewalThreshold - Current renewal threshold is : 10
2018-07-02 09:32:35.451 [AsyncResolver-bootstrap-executor-0] INFO 
				com.netflix.discovery.shared.resolver.aws.ConfigClusterResolver.getClusterEndpoints - Resolving eureka endpoints via configuration
2018-07-02 09:33:33.654 [ReplicaAwareInstanceRegistry - RenewalThresholdUpdater] INFO 
				com.netflix.eureka.registry.PeerAwareInstanceRegistryImpl.updateRenewalThreshold - Current renewal threshold is : 10
2018-07-02 09:33:33.665 [ReplicaAwareInstanceRegistry - RenewalThresholdUpdater] INFO 
				com.netflix.eureka.registry.PeerAwareInstanceRegistryImpl.updateRenewalThreshold - Current renewal threshold is : 10
2018-07-02 09:33:34.003 [AsyncResolver-bootstrap-executor-0] INFO 
				com.netflix.discovery.shared.resolver.aws.ConfigClusterResolver.getClusterEndpoints - Resolving eureka endpoints via configuration
2018-07-02 09:37:26.616 [AsyncResolver-bootstrap-executor-0] INFO 
				com.netflix.discovery.shared.resolver.aws.ConfigClusterResolver.getClusterEndpoints - Resolving eureka endpoints via configuration
2018-07-02 09:37:35.446 [AsyncResolver-bootstrap-executor-0] INFO 
				com.netflix.discovery.shared.resolver.aws.ConfigClusterResolver.getClusterEndpoints - Resolving eureka endpoints via configuration
2018-07-02 09:38:33.999 [AsyncResolver-bootstrap-executor-0] INFO 
				com.netflix.discovery.shared.resolver.aws.ConfigClusterResolver.getClusterEndpoints - Resolving eureka endpoints via configuration
2018-07-02 09:42:26.607 [AsyncResolver-bootstrap-executor-0] INFO 
				com.netflix.discovery.shared.resolver.aws.ConfigClusterResolver.getClusterEndpoints - Resolving eureka endpoints via configuration
2018-07-02 09:42:35.441 [AsyncResolver-bootstrap-executor-0] INFO 
				com.netflix.discovery.shared.resolver.aws.ConfigClusterResolver.getClusterEndpoints - Resolving eureka endpoints via configuration
2018-07-02 09:43:33.992 [AsyncResolver-bootstrap-executor-0] INFO 
				com.netflix.discovery.shared.resolver.aws.ConfigClusterResolver.getClusterEndpoints - Resolving eureka endpoints via configuration
2018-07-02 09:47:26.601 [AsyncResolver-bootstrap-executor-0] INFO 
				com.netflix.discovery.shared.resolver.aws.ConfigClusterResolver.getClusterEndpoints - Resolving eureka endpoints via configuration
2018-07-02 09:47:30.421 [ReplicaAwareInstanceRegistry - RenewalThresholdUpdater] INFO 
				com.netflix.eureka.registry.PeerAwareInstanceRegistryImpl.updateRenewalThreshold - Current renewal threshold is : 10
2018-07-02 09:47:35.434 [AsyncResolver-bootstrap-executor-0] INFO 
				com.netflix.discovery.shared.resolver.aws.ConfigClusterResolver.getClusterEndpoints - Resolving eureka endpoints via configuration
2018-07-02 09:48:33.662 [ReplicaAwareInstanceRegistry - RenewalThresholdUpdater] INFO 
				com.netflix.eureka.registry.PeerAwareInstanceRegistryImpl.updateRenewalThreshold - Current renewal threshold is : 10
2018-07-02 09:48:33.669 [ReplicaAwareInstanceRegistry - RenewalThresholdUpdater] INFO 
				com.netflix.eureka.registry.PeerAwareInstanceRegistryImpl.updateRenewalThreshold - Current renewal threshold is : 10
2018-07-02 09:48:33.985 [AsyncResolver-bootstrap-executor-0] INFO 
				com.netflix.discovery.shared.resolver.aws.ConfigClusterResolver.getClusterEndpoints - Resolving eureka endpoints via configuration
2018-07-02 09:52:26.593 [AsyncResolver-bootstrap-executor-0] INFO 
				com.netflix.discovery.shared.resolver.aws.ConfigClusterResolver.getClusterEndpoints - Resolving eureka endpoints via configuration
2018-07-02 09:52:35.430 [AsyncResolver-bootstrap-executor-0] INFO 
				com.netflix.discovery.shared.resolver.aws.ConfigClusterResolver.getClusterEndpoints - Resolving eureka endpoints via configuration
2018-07-02 09:53:33.982 [AsyncResolver-bootstrap-executor-0] INFO 
				com.netflix.discovery.shared.resolver.aws.ConfigClusterResolver.getClusterEndpoints - Resolving eureka endpoints via configuration
2018-07-02 09:57:26.587 [AsyncResolver-bootstrap-executor-0] INFO 
				com.netflix.discovery.shared.resolver.aws.ConfigClusterResolver.getClusterEndpoints - Resolving eureka endpoints via configuration
2018-07-02 09:57:35.423 [AsyncResolver-bootstrap-executor-0] INFO 
				com.netflix.discovery.shared.resolver.aws.ConfigClusterResolver.getClusterEndpoints - Resolving eureka endpoints via configuration
2018-07-02 09:58:33.976 [AsyncResolver-bootstrap-executor-0] INFO 
				com.netflix.discovery.shared.resolver.aws.ConfigClusterResolver.getClusterEndpoints - Resolving eureka endpoints via configuration
2018-07-02 10:02:26.582 [AsyncResolver-bootstrap-executor-0] INFO 
				com.netflix.discovery.shared.resolver.aws.ConfigClusterResolver.getClusterEndpoints - Resolving eureka endpoints via configuration
2018-07-02 10:02:30.421 [ReplicaAwareInstanceRegistry - RenewalThresholdUpdater] INFO 
				com.netflix.eureka.registry.PeerAwareInstanceRegistryImpl.updateRenewalThreshold - Current renewal threshold is : 10
2018-07-02 10:02:35.418 [AsyncResolver-bootstrap-executor-0] INFO 
				com.netflix.discovery.shared.resolver.aws.ConfigClusterResolver.getClusterEndpoints - Resolving eureka endpoints via configuration
2018-07-02 10:03:33.657 [ReplicaAwareInstanceRegistry - RenewalThresholdUpdater] INFO 
				com.netflix.eureka.registry.PeerAwareInstanceRegistryImpl.updateRenewalThreshold - Current renewal threshold is : 10
2018-07-02 10:03:33.674 [ReplicaAwareInstanceRegistry - RenewalThresholdUpdater] INFO 
				com.netflix.eureka.registry.PeerAwareInstanceRegistryImpl.updateRenewalThreshold - Current renewal threshold is : 10
2018-07-02 10:03:33.970 [AsyncResolver-bootstrap-executor-0] INFO 
				com.netflix.discovery.shared.resolver.aws.ConfigClusterResolver.getClusterEndpoints - Resolving eureka endpoints via configuration
2018-07-02 10:07:26.575 [AsyncResolver-bootstrap-executor-0] INFO 
				com.netflix.discovery.shared.resolver.aws.ConfigClusterResolver.getClusterEndpoints - Resolving eureka endpoints via configuration
2018-07-02 10:07:35.411 [AsyncResolver-bootstrap-executor-0] INFO 
				com.netflix.discovery.shared.resolver.aws.ConfigClusterResolver.getClusterEndpoints - Resolving eureka endpoints via configuration
2018-07-02 10:08:33.963 [AsyncResolver-bootstrap-executor-0] INFO 
				com.netflix.discovery.shared.resolver.aws.ConfigClusterResolver.getClusterEndpoints - Resolving eureka endpoints via configuration
2018-07-02 10:12:26.568 [AsyncResolver-bootstrap-executor-0] INFO 
				com.netflix.discovery.shared.resolver.aws.ConfigClusterResolver.getClusterEndpoints - Resolving eureka endpoints via configuration
2018-07-02 10:12:35.402 [AsyncResolver-bootstrap-executor-0] INFO 
				com.netflix.discovery.shared.resolver.aws.ConfigClusterResolver.getClusterEndpoints - Resolving eureka endpoints via configuration
2018-07-02 10:13:33.957 [AsyncResolver-bootstrap-executor-0] INFO 
				com.netflix.discovery.shared.resolver.aws.ConfigClusterResolver.getClusterEndpoints - Resolving eureka endpoints via configuration
2018-07-02 10:17:26.560 [AsyncResolver-bootstrap-executor-0] INFO 
				com.netflix.discovery.shared.resolver.aws.ConfigClusterResolver.getClusterEndpoints - Resolving eureka endpoints via configuration
2018-07-02 10:17:30.424 [ReplicaAwareInstanceRegistry - RenewalThresholdUpdater] INFO 
				com.netflix.eureka.registry.PeerAwareInstanceRegistryImpl.updateRenewalThreshold - Current renewal threshold is : 10
2018-07-02 10:17:35.397 [AsyncResolver-bootstrap-executor-0] INFO 
				com.netflix.discovery.shared.resolver.aws.ConfigClusterResolver.getClusterEndpoints - Resolving eureka endpoints via configuration
2018-07-02 10:18:33.662 [ReplicaAwareInstanceRegistry - RenewalThresholdUpdater] INFO 
				com.netflix.eureka.registry.PeerAwareInstanceRegistryImpl.updateRenewalThreshold - Current renewal threshold is : 10
2018-07-02 10:18:33.677 [ReplicaAwareInstanceRegistry - RenewalThresholdUpdater] INFO 
				com.netflix.eureka.registry.PeerAwareInstanceRegistryImpl.updateRenewalThreshold - Current renewal threshold is : 10
2018-07-02 10:18:33.955 [AsyncResolver-bootstrap-executor-0] INFO 
				com.netflix.discovery.shared.resolver.aws.ConfigClusterResolver.getClusterEndpoints - Resolving eureka endpoints via configuration
2018-07-02 10:22:26.555 [AsyncResolver-bootstrap-executor-0] INFO 
				com.netflix.discovery.shared.resolver.aws.ConfigClusterResolver.getClusterEndpoints - Resolving eureka endpoints via configuration
2018-07-02 10:22:35.393 [AsyncResolver-bootstrap-executor-0] INFO 
				com.netflix.discovery.shared.resolver.aws.ConfigClusterResolver.getClusterEndpoints - Resolving eureka endpoints via configuration
2018-07-02 10:23:29.681 [AsyncResolver-bootstrap-executor-0] INFO 
				com.netflix.discovery.shared.resolver.aws.ConfigClusterResolver.getClusterEndpoints - Resolving eureka endpoints via configuration
2018-07-02 10:27:22.282 [AsyncResolver-bootstrap-executor-0] INFO 
				com.netflix.discovery.shared.resolver.aws.ConfigClusterResolver.getClusterEndpoints - Resolving eureka endpoints via configuration
2018-07-02 10:27:31.118 [AsyncResolver-bootstrap-executor-0] INFO 
				com.netflix.discovery.shared.resolver.aws.ConfigClusterResolver.getClusterEndpoints - Resolving eureka endpoints via configuration
2018-07-02 10:28:29.675 [AsyncResolver-bootstrap-executor-0] INFO 
				com.netflix.discovery.shared.resolver.aws.ConfigClusterResolver.getClusterEndpoints - Resolving eureka endpoints via configuration
2018-07-02 10:32:22.275 [AsyncResolver-bootstrap-executor-0] INFO 
				com.netflix.discovery.shared.resolver.aws.ConfigClusterResolver.getClusterEndpoints - Resolving eureka endpoints via configuration
2018-07-02 10:32:30.424 [ReplicaAwareInstanceRegistry - RenewalThresholdUpdater] INFO 
				com.netflix.eureka.registry.PeerAwareInstanceRegistryImpl.updateRenewalThreshold - Current renewal threshold is : 10
2018-07-02 10:32:31.113 [AsyncResolver-bootstrap-executor-0] INFO 
				com.netflix.discovery.shared.resolver.aws.ConfigClusterResolver.getClusterEndpoints - Resolving eureka endpoints via configuration
2018-07-02 10:33:29.666 [AsyncResolver-bootstrap-executor-0] INFO 
				com.netflix.discovery.shared.resolver.aws.ConfigClusterResolver.getClusterEndpoints - Resolving eureka endpoints via configuration
2018-07-02 10:33:33.661 [ReplicaAwareInstanceRegistry - RenewalThresholdUpdater] INFO 
				com.netflix.eureka.registry.PeerAwareInstanceRegistryImpl.updateRenewalThreshold - Current renewal threshold is : 10
2018-07-02 10:33:33.680 [ReplicaAwareInstanceRegistry - RenewalThresholdUpdater] INFO 
				com.netflix.eureka.registry.PeerAwareInstanceRegistryImpl.updateRenewalThreshold - Current renewal threshold is : 10
2018-07-02 10:37:22.268 [AsyncResolver-bootstrap-executor-0] INFO 
				com.netflix.discovery.shared.resolver.aws.ConfigClusterResolver.getClusterEndpoints - Resolving eureka endpoints via configuration
2018-07-02 10:37:31.106 [AsyncResolver-bootstrap-executor-0] INFO 
				com.netflix.discovery.shared.resolver.aws.ConfigClusterResolver.getClusterEndpoints - Resolving eureka endpoints via configuration
2018-07-02 10:38:29.660 [AsyncResolver-bootstrap-executor-0] INFO 
				com.netflix.discovery.shared.resolver.aws.ConfigClusterResolver.getClusterEndpoints - Resolving eureka endpoints via configuration
2018-07-02 10:42:22.258 [AsyncResolver-bootstrap-executor-0] INFO 
				com.netflix.discovery.shared.resolver.aws.ConfigClusterResolver.getClusterEndpoints - Resolving eureka endpoints via configuration
2018-07-02 10:42:31.099 [AsyncResolver-bootstrap-executor-0] INFO 
				com.netflix.discovery.shared.resolver.aws.ConfigClusterResolver.getClusterEndpoints - Resolving eureka endpoints via configuration
2018-07-02 10:43:29.653 [AsyncResolver-bootstrap-executor-0] INFO 
				com.netflix.discovery.shared.resolver.aws.ConfigClusterResolver.getClusterEndpoints - Resolving eureka endpoints via configuration
2018-07-02 10:47:22.248 [AsyncResolver-bootstrap-executor-0] INFO 
				com.netflix.discovery.shared.resolver.aws.ConfigClusterResolver.getClusterEndpoints - Resolving eureka endpoints via configuration
2018-07-02 10:47:30.427 [ReplicaAwareInstanceRegistry - RenewalThresholdUpdater] INFO 
				com.netflix.eureka.registry.PeerAwareInstanceRegistryImpl.updateRenewalThreshold - Current renewal threshold is : 10
2018-07-02 10:47:31.094 [AsyncResolver-bootstrap-executor-0] INFO 
				com.netflix.discovery.shared.resolver.aws.ConfigClusterResolver.getClusterEndpoints - Resolving eureka endpoints via configuration
2018-07-02 10:48:29.647 [AsyncResolver-bootstrap-executor-0] INFO 
				com.netflix.discovery.shared.resolver.aws.ConfigClusterResolver.getClusterEndpoints - Resolving eureka endpoints via configuration
2018-07-02 10:48:33.664 [ReplicaAwareInstanceRegistry - RenewalThresholdUpdater] INFO 
				com.netflix.eureka.registry.PeerAwareInstanceRegistryImpl.updateRenewalThreshold - Current renewal threshold is : 10
2018-07-02 10:48:33.683 [ReplicaAwareInstanceRegistry - RenewalThresholdUpdater] INFO 
				com.netflix.eureka.registry.PeerAwareInstanceRegistryImpl.updateRenewalThreshold - Current renewal threshold is : 10
2018-07-02 10:52:22.238 [AsyncResolver-bootstrap-executor-0] INFO 
				com.netflix.discovery.shared.resolver.aws.ConfigClusterResolver.getClusterEndpoints - Resolving eureka endpoints via configuration
2018-07-02 10:52:31.084 [AsyncResolver-bootstrap-executor-0] INFO 
				com.netflix.discovery.shared.resolver.aws.ConfigClusterResolver.getClusterEndpoints - Resolving eureka endpoints via configuration
2018-07-02 10:53:29.639 [AsyncResolver-bootstrap-executor-0] INFO 
				com.netflix.discovery.shared.resolver.aws.ConfigClusterResolver.getClusterEndpoints - Resolving eureka endpoints via configuration
2018-07-02 10:57:22.232 [AsyncResolver-bootstrap-executor-0] INFO 
				com.netflix.discovery.shared.resolver.aws.ConfigClusterResolver.getClusterEndpoints - Resolving eureka endpoints via configuration
2018-07-02 10:57:31.075 [AsyncResolver-bootstrap-executor-0] INFO 
				com.netflix.discovery.shared.resolver.aws.ConfigClusterResolver.getClusterEndpoints - Resolving eureka endpoints via configuration
2018-07-02 10:58:29.631 [AsyncResolver-bootstrap-executor-0] INFO 
				com.netflix.discovery.shared.resolver.aws.ConfigClusterResolver.getClusterEndpoints - Resolving eureka endpoints via configuration
2018-07-02 11:02:22.229 [AsyncResolver-bootstrap-executor-0] INFO 
				com.netflix.discovery.shared.resolver.aws.ConfigClusterResolver.getClusterEndpoints - Resolving eureka endpoints via configuration
2018-07-02 11:02:30.429 [ReplicaAwareInstanceRegistry - RenewalThresholdUpdater] INFO 
				com.netflix.eureka.registry.PeerAwareInstanceRegistryImpl.updateRenewalThreshold - Current renewal threshold is : 10
2018-07-02 11:02:31.071 [AsyncResolver-bootstrap-executor-0] INFO 
				com.netflix.discovery.shared.resolver.aws.ConfigClusterResolver.getClusterEndpoints - Resolving eureka endpoints via configuration
2018-07-02 11:03:29.623 [AsyncResolver-bootstrap-executor-0] INFO 
				com.netflix.discovery.shared.resolver.aws.ConfigClusterResolver.getClusterEndpoints - Resolving eureka endpoints via configuration
2018-07-02 11:03:33.668 [ReplicaAwareInstanceRegistry - RenewalThresholdUpdater] INFO 
				com.netflix.eureka.registry.PeerAwareInstanceRegistryImpl.updateRenewalThreshold - Current renewal threshold is : 10
2018-07-02 11:03:33.687 [ReplicaAwareInstanceRegistry - RenewalThresholdUpdater] INFO 
				com.netflix.eureka.registry.PeerAwareInstanceRegistryImpl.updateRenewalThreshold - Current renewal threshold is : 10
2018-07-02 11:07:22.224 [AsyncResolver-bootstrap-executor-0] INFO 
				com.netflix.discovery.shared.resolver.aws.ConfigClusterResolver.getClusterEndpoints - Resolving eureka endpoints via configuration
2018-07-02 11:07:31.062 [AsyncResolver-bootstrap-executor-0] INFO 
				com.netflix.discovery.shared.resolver.aws.ConfigClusterResolver.getClusterEndpoints - Resolving eureka endpoints via configuration
2018-07-02 11:08:29.615 [AsyncResolver-bootstrap-executor-0] INFO 
				com.netflix.discovery.shared.resolver.aws.ConfigClusterResolver.getClusterEndpoints - Resolving eureka endpoints via configuration
2018-07-02 11:12:22.217 [AsyncResolver-bootstrap-executor-0] INFO 
				com.netflix.discovery.shared.resolver.aws.ConfigClusterResolver.getClusterEndpoints - Resolving eureka endpoints via configuration
2018-07-02 11:12:31.051 [AsyncResolver-bootstrap-executor-0] INFO 
				com.netflix.discovery.shared.resolver.aws.ConfigClusterResolver.getClusterEndpoints - Resolving eureka endpoints via configuration
2018-07-02 11:13:29.609 [AsyncResolver-bootstrap-executor-0] INFO 
				com.netflix.discovery.shared.resolver.aws.ConfigClusterResolver.getClusterEndpoints - Resolving eureka endpoints via configuration
2018-07-02 11:17:22.211 [AsyncResolver-bootstrap-executor-0] INFO 
				com.netflix.discovery.shared.resolver.aws.ConfigClusterResolver.getClusterEndpoints - Resolving eureka endpoints via configuration
2018-07-02 11:17:30.433 [ReplicaAwareInstanceRegistry - RenewalThresholdUpdater] INFO 
				com.netflix.eureka.registry.PeerAwareInstanceRegistryImpl.updateRenewalThreshold - Current renewal threshold is : 10
2018-07-02 11:17:31.045 [AsyncResolver-bootstrap-executor-0] INFO 
				com.netflix.discovery.shared.resolver.aws.ConfigClusterResolver.getClusterEndpoints - Resolving eureka endpoints via configuration
2018-07-02 11:18:29.607 [AsyncResolver-bootstrap-executor-0] INFO 
				com.netflix.discovery.shared.resolver.aws.ConfigClusterResolver.getClusterEndpoints - Resolving eureka endpoints via configuration
2018-07-02 11:18:33.669 [ReplicaAwareInstanceRegistry - RenewalThresholdUpdater] INFO 
				com.netflix.eureka.registry.PeerAwareInstanceRegistryImpl.updateRenewalThreshold - Current renewal threshold is : 10
2018-07-02 11:18:33.691 [ReplicaAwareInstanceRegistry - RenewalThresholdUpdater] INFO 
				com.netflix.eureka.registry.PeerAwareInstanceRegistryImpl.updateRenewalThreshold - Current renewal threshold is : 10
2018-07-02 11:22:22.201 [AsyncResolver-bootstrap-executor-0] INFO 
				com.netflix.discovery.shared.resolver.aws.ConfigClusterResolver.getClusterEndpoints - Resolving eureka endpoints via configuration
2018-07-02 11:22:31.039 [AsyncResolver-bootstrap-executor-0] INFO 
				com.netflix.discovery.shared.resolver.aws.ConfigClusterResolver.getClusterEndpoints - Resolving eureka endpoints via configuration
2018-07-02 11:23:29.599 [AsyncResolver-bootstrap-executor-0] INFO 
				com.netflix.discovery.shared.resolver.aws.ConfigClusterResolver.getClusterEndpoints - Resolving eureka endpoints via configuration
2018-07-02 11:27:22.194 [AsyncResolver-bootstrap-executor-0] INFO 
				com.netflix.discovery.shared.resolver.aws.ConfigClusterResolver.getClusterEndpoints - Resolving eureka endpoints via configuration
2018-07-02 11:27:31.031 [AsyncResolver-bootstrap-executor-0] INFO 
				com.netflix.discovery.shared.resolver.aws.ConfigClusterResolver.getClusterEndpoints - Resolving eureka endpoints via configuration
2018-07-02 11:28:29.592 [AsyncResolver-bootstrap-executor-0] INFO 
				com.netflix.discovery.shared.resolver.aws.ConfigClusterResolver.getClusterEndpoints - Resolving eureka endpoints via configuration
2018-07-02 11:32:22.185 [AsyncResolver-bootstrap-executor-0] INFO 
				com.netflix.discovery.shared.resolver.aws.ConfigClusterResolver.getClusterEndpoints - Resolving eureka endpoints via configuration
2018-07-02 11:32:30.438 [ReplicaAwareInstanceRegistry - RenewalThresholdUpdater] INFO 
				com.netflix.eureka.registry.PeerAwareInstanceRegistryImpl.updateRenewalThreshold - Current renewal threshold is : 10
2018-07-02 11:32:31.023 [AsyncResolver-bootstrap-executor-0] INFO 
				com.netflix.discovery.shared.resolver.aws.ConfigClusterResolver.getClusterEndpoints - Resolving eureka endpoints via configuration
2018-07-02 11:33:29.583 [AsyncResolver-bootstrap-executor-0] INFO 
				com.netflix.discovery.shared.resolver.aws.ConfigClusterResolver.getClusterEndpoints - Resolving eureka endpoints via configuration
2018-07-02 11:33:33.670 [ReplicaAwareInstanceRegistry - RenewalThresholdUpdater] INFO 
				com.netflix.eureka.registry.PeerAwareInstanceRegistryImpl.updateRenewalThreshold - Current renewal threshold is : 10
2018-07-02 11:33:33.694 [ReplicaAwareInstanceRegistry - RenewalThresholdUpdater] INFO 
				com.netflix.eureka.registry.PeerAwareInstanceRegistryImpl.updateRenewalThreshold - Current renewal threshold is : 10
2018-07-02 12:20:35.736 [DiscoveryClient-HeartbeatExecutor-0] INFO 
				com.netflix.discovery.DiscoveryClient.renew - DiscoveryClient_EUREKA-SERVER/10.166.37.142:eureka-server-peer:8888 - Re-registering apps/EUREKA-SERVER
2018-07-02 12:20:35.737 [DiscoveryClient-HeartbeatExecutor-0] INFO 
				com.netflix.discovery.DiscoveryClient.register - DiscoveryClient_EUREKA-SERVER/10.166.37.142:eureka-server-peer:8888: registering service...
2018-07-02 12:20:35.772 [DiscoveryClient-HeartbeatExecutor-0] INFO 
				com.netflix.discovery.DiscoveryClient.register - DiscoveryClient_EUREKA-SERVER/10.166.37.142:eureka-server-peer:8888 - registration status: 204
2018-07-02 12:20:36.012 [DiscoveryClient-HeartbeatExecutor-0] INFO 
				com.netflix.discovery.DiscoveryClient.renew - DiscoveryClient_EUREKA-SERVER/10.166.37.142:eureka-server-peer:8887 - Re-registering apps/EUREKA-SERVER
2018-07-02 12:20:36.023 [DiscoveryClient-HeartbeatExecutor-0] INFO 
				com.netflix.discovery.DiscoveryClient.register - DiscoveryClient_EUREKA-SERVER/10.166.37.142:eureka-server-peer:8887: registering service...
2018-07-02 12:20:36.111 [DiscoveryClient-HeartbeatExecutor-0] INFO 
				com.netflix.discovery.DiscoveryClient.register - DiscoveryClient_EUREKA-SERVER/10.166.37.142:eureka-server-peer:8887 - registration status: 204
2018-07-02 12:20:36.186 [DiscoveryClient-HeartbeatExecutor-0] INFO 
				com.netflix.discovery.DiscoveryClient.renew - DiscoveryClient_EUREKA-SERVER/10.166.37.142:eureka-server-peer:8889 - Re-registering apps/EUREKA-SERVER
2018-07-02 12:20:36.196 [DiscoveryClient-HeartbeatExecutor-0] INFO 
				com.netflix.discovery.DiscoveryClient.register - DiscoveryClient_EUREKA-SERVER/10.166.37.142:eureka-server-peer:8889: registering service...
2018-07-02 12:20:36.235 [DiscoveryClient-HeartbeatExecutor-0] INFO 
				com.netflix.discovery.DiscoveryClient.register - DiscoveryClient_EUREKA-SERVER/10.166.37.142:eureka-server-peer:8889 - registration status: 204
2018-07-02 12:21:54.501 [AsyncResolver-bootstrap-executor-0] INFO 
				com.netflix.discovery.shared.resolver.aws.ConfigClusterResolver.getClusterEndpoints - Resolving eureka endpoints via configuration
2018-07-02 12:22:03.341 [AsyncResolver-bootstrap-executor-0] INFO 
				com.netflix.discovery.shared.resolver.aws.ConfigClusterResolver.getClusterEndpoints - Resolving eureka endpoints via configuration
2018-07-02 12:23:01.898 [AsyncResolver-bootstrap-executor-0] INFO 
				com.netflix.discovery.shared.resolver.aws.ConfigClusterResolver.getClusterEndpoints - Resolving eureka endpoints via configuration
2018-07-02 12:26:54.498 [AsyncResolver-bootstrap-executor-0] INFO 
				com.netflix.discovery.shared.resolver.aws.ConfigClusterResolver.getClusterEndpoints - Resolving eureka endpoints via configuration
2018-07-02 12:27:03.336 [AsyncResolver-bootstrap-executor-0] INFO 
				com.netflix.discovery.shared.resolver.aws.ConfigClusterResolver.getClusterEndpoints - Resolving eureka endpoints via configuration
2018-07-02 12:28:01.890 [AsyncResolver-bootstrap-executor-0] INFO 
				com.netflix.discovery.shared.resolver.aws.ConfigClusterResolver.getClusterEndpoints - Resolving eureka endpoints via configuration
2018-07-02 12:31:54.496 [AsyncResolver-bootstrap-executor-0] INFO 
				com.netflix.discovery.shared.resolver.aws.ConfigClusterResolver.getClusterEndpoints - Resolving eureka endpoints via configuration
2018-07-02 12:32:02.732 [ReplicaAwareInstanceRegistry - RenewalThresholdUpdater] INFO 
				com.netflix.eureka.registry.PeerAwareInstanceRegistryImpl.updateRenewalThreshold - Current renewal threshold is : 10
2018-07-02 12:32:03.332 [AsyncResolver-bootstrap-executor-0] INFO 
				com.netflix.discovery.shared.resolver.aws.ConfigClusterResolver.getClusterEndpoints - Resolving eureka endpoints via configuration
2018-07-02 12:33:01.891 [AsyncResolver-bootstrap-executor-0] INFO 
				com.netflix.discovery.shared.resolver.aws.ConfigClusterResolver.getClusterEndpoints - Resolving eureka endpoints via configuration
2018-07-02 12:33:05.962 [ReplicaAwareInstanceRegistry - RenewalThresholdUpdater] INFO 
				com.netflix.eureka.registry.PeerAwareInstanceRegistryImpl.updateRenewalThreshold - Current renewal threshold is : 10
2018-07-02 12:33:05.988 [ReplicaAwareInstanceRegistry - RenewalThresholdUpdater] INFO 
				com.netflix.eureka.registry.PeerAwareInstanceRegistryImpl.updateRenewalThreshold - Current renewal threshold is : 10
2018-07-02 12:36:54.492 [AsyncResolver-bootstrap-executor-0] INFO 
				com.netflix.discovery.shared.resolver.aws.ConfigClusterResolver.getClusterEndpoints - Resolving eureka endpoints via configuration
2018-07-02 12:37:03.330 [AsyncResolver-bootstrap-executor-0] INFO 
				com.netflix.discovery.shared.resolver.aws.ConfigClusterResolver.getClusterEndpoints - Resolving eureka endpoints via configuration
2018-07-02 12:38:01.888 [AsyncResolver-bootstrap-executor-0] INFO 
				com.netflix.discovery.shared.resolver.aws.ConfigClusterResolver.getClusterEndpoints - Resolving eureka endpoints via configuration
2018-07-02 12:41:54.490 [AsyncResolver-bootstrap-executor-0] INFO 
				com.netflix.discovery.shared.resolver.aws.ConfigClusterResolver.getClusterEndpoints - Resolving eureka endpoints via configuration
2018-07-02 12:42:03.325 [AsyncResolver-bootstrap-executor-0] INFO 
				com.netflix.discovery.shared.resolver.aws.ConfigClusterResolver.getClusterEndpoints - Resolving eureka endpoints via configuration
2018-07-02 12:43:01.882 [AsyncResolver-bootstrap-executor-0] INFO 
				com.netflix.discovery.shared.resolver.aws.ConfigClusterResolver.getClusterEndpoints - Resolving eureka endpoints via configuration
2018-07-02 12:46:54.482 [AsyncResolver-bootstrap-executor-0] INFO 
				com.netflix.discovery.shared.resolver.aws.ConfigClusterResolver.getClusterEndpoints - Resolving eureka endpoints via configuration
2018-07-02 12:47:02.737 [ReplicaAwareInstanceRegistry - RenewalThresholdUpdater] INFO 
				com.netflix.eureka.registry.PeerAwareInstanceRegistryImpl.updateRenewalThreshold - Current renewal threshold is : 10
2018-07-02 12:47:03.320 [AsyncResolver-bootstrap-executor-0] INFO 
				com.netflix.discovery.shared.resolver.aws.ConfigClusterResolver.getClusterEndpoints - Resolving eureka endpoints via configuration
2018-07-02 12:48:01.880 [AsyncResolver-bootstrap-executor-0] INFO 
				com.netflix.discovery.shared.resolver.aws.ConfigClusterResolver.getClusterEndpoints - Resolving eureka endpoints via configuration
2018-07-02 12:48:05.969 [ReplicaAwareInstanceRegistry - RenewalThresholdUpdater] INFO 
				com.netflix.eureka.registry.PeerAwareInstanceRegistryImpl.updateRenewalThreshold - Current renewal threshold is : 10
2018-07-02 12:48:05.991 [ReplicaAwareInstanceRegistry - RenewalThresholdUpdater] INFO 
				com.netflix.eureka.registry.PeerAwareInstanceRegistryImpl.updateRenewalThreshold - Current renewal threshold is : 10
2018-07-02 12:51:55.319 [AsyncResolver-bootstrap-executor-0] INFO 
				com.netflix.discovery.shared.resolver.aws.ConfigClusterResolver.getClusterEndpoints - Resolving eureka endpoints via configuration
2018-07-02 12:52:04.155 [AsyncResolver-bootstrap-executor-0] INFO 
				com.netflix.discovery.shared.resolver.aws.ConfigClusterResolver.getClusterEndpoints - Resolving eureka endpoints via configuration
2018-07-02 12:53:02.717 [AsyncResolver-bootstrap-executor-0] INFO 
				com.netflix.discovery.shared.resolver.aws.ConfigClusterResolver.getClusterEndpoints - Resolving eureka endpoints via configuration
2018-07-02 12:56:55.309 [AsyncResolver-bootstrap-executor-0] INFO 
				com.netflix.discovery.shared.resolver.aws.ConfigClusterResolver.getClusterEndpoints - Resolving eureka endpoints via configuration
2018-07-02 12:57:04.152 [AsyncResolver-bootstrap-executor-0] INFO 
				com.netflix.discovery.shared.resolver.aws.ConfigClusterResolver.getClusterEndpoints - Resolving eureka endpoints via configuration
2018-07-02 12:58:02.713 [AsyncResolver-bootstrap-executor-0] INFO 
				com.netflix.discovery.shared.resolver.aws.ConfigClusterResolver.getClusterEndpoints - Resolving eureka endpoints via configuration
2018-07-02 13:01:55.304 [AsyncResolver-bootstrap-executor-0] INFO 
				com.netflix.discovery.shared.resolver.aws.ConfigClusterResolver.getClusterEndpoints - Resolving eureka endpoints via configuration
2018-07-02 13:02:03.548 [ReplicaAwareInstanceRegistry - RenewalThresholdUpdater] INFO 
				com.netflix.eureka.registry.PeerAwareInstanceRegistryImpl.updateRenewalThreshold - Current renewal threshold is : 10
2018-07-02 13:02:04.150 [AsyncResolver-bootstrap-executor-0] INFO 
				com.netflix.discovery.shared.resolver.aws.ConfigClusterResolver.getClusterEndpoints - Resolving eureka endpoints via configuration
2018-07-02 13:03:02.705 [AsyncResolver-bootstrap-executor-0] INFO 
				com.netflix.discovery.shared.resolver.aws.ConfigClusterResolver.getClusterEndpoints - Resolving eureka endpoints via configuration
2018-07-02 13:03:06.781 [ReplicaAwareInstanceRegistry - RenewalThresholdUpdater] INFO 
				com.netflix.eureka.registry.PeerAwareInstanceRegistryImpl.updateRenewalThreshold - Current renewal threshold is : 10
2018-07-02 13:03:06.802 [ReplicaAwareInstanceRegistry - RenewalThresholdUpdater] INFO 
				com.netflix.eureka.registry.PeerAwareInstanceRegistryImpl.updateRenewalThreshold - Current renewal threshold is : 10
2018-07-02 13:06:55.299 [AsyncResolver-bootstrap-executor-0] INFO 
				com.netflix.discovery.shared.resolver.aws.ConfigClusterResolver.getClusterEndpoints - Resolving eureka endpoints via configuration
2018-07-02 13:07:04.143 [AsyncResolver-bootstrap-executor-0] INFO 
				com.netflix.discovery.shared.resolver.aws.ConfigClusterResolver.getClusterEndpoints - Resolving eureka endpoints via configuration
2018-07-02 13:08:02.699 [AsyncResolver-bootstrap-executor-0] INFO 
				com.netflix.discovery.shared.resolver.aws.ConfigClusterResolver.getClusterEndpoints - Resolving eureka endpoints via configuration
2018-07-02 13:11:55.293 [AsyncResolver-bootstrap-executor-0] INFO 
				com.netflix.discovery.shared.resolver.aws.ConfigClusterResolver.getClusterEndpoints - Resolving eureka endpoints via configuration
2018-07-02 13:12:04.138 [AsyncResolver-bootstrap-executor-0] INFO 
				com.netflix.discovery.shared.resolver.aws.ConfigClusterResolver.getClusterEndpoints - Resolving eureka endpoints via configuration
2018-07-02 13:13:02.688 [AsyncResolver-bootstrap-executor-0] INFO 
				com.netflix.discovery.shared.resolver.aws.ConfigClusterResolver.getClusterEndpoints - Resolving eureka endpoints via configuration
2018-07-02 13:16:55.283 [AsyncResolver-bootstrap-executor-0] INFO 
				com.netflix.discovery.shared.resolver.aws.ConfigClusterResolver.getClusterEndpoints - Resolving eureka endpoints via configuration
2018-07-02 13:17:03.550 [ReplicaAwareInstanceRegistry - RenewalThresholdUpdater] INFO 
				com.netflix.eureka.registry.PeerAwareInstanceRegistryImpl.updateRenewalThreshold - Current renewal threshold is : 10
2018-07-02 13:17:04.129 [AsyncResolver-bootstrap-executor-0] INFO 
				com.netflix.discovery.shared.resolver.aws.ConfigClusterResolver.getClusterEndpoints - Resolving eureka endpoints via configuration
2018-07-02 13:18:02.677 [AsyncResolver-bootstrap-executor-0] INFO 
				com.netflix.discovery.shared.resolver.aws.ConfigClusterResolver.getClusterEndpoints - Resolving eureka endpoints via configuration
2018-07-02 13:18:06.785 [ReplicaAwareInstanceRegistry - RenewalThresholdUpdater] INFO 
				com.netflix.eureka.registry.PeerAwareInstanceRegistryImpl.updateRenewalThreshold - Current renewal threshold is : 10
2018-07-02 13:18:06.803 [ReplicaAwareInstanceRegistry - RenewalThresholdUpdater] INFO 
				com.netflix.eureka.registry.PeerAwareInstanceRegistryImpl.updateRenewalThreshold - Current renewal threshold is : 10
2018-07-02 13:21:55.276 [AsyncResolver-bootstrap-executor-0] INFO 
				com.netflix.discovery.shared.resolver.aws.ConfigClusterResolver.getClusterEndpoints - Resolving eureka endpoints via configuration
2018-07-02 13:22:04.119 [AsyncResolver-bootstrap-executor-0] INFO 
				com.netflix.discovery.shared.resolver.aws.ConfigClusterResolver.getClusterEndpoints - Resolving eureka endpoints via configuration
2018-07-02 13:23:02.669 [AsyncResolver-bootstrap-executor-0] INFO 
				com.netflix.discovery.shared.resolver.aws.ConfigClusterResolver.getClusterEndpoints - Resolving eureka endpoints via configuration
2018-07-02 13:26:55.268 [AsyncResolver-bootstrap-executor-0] INFO 
				com.netflix.discovery.shared.resolver.aws.ConfigClusterResolver.getClusterEndpoints - Resolving eureka endpoints via configuration
2018-07-02 13:27:04.111 [AsyncResolver-bootstrap-executor-0] INFO 
				com.netflix.discovery.shared.resolver.aws.ConfigClusterResolver.getClusterEndpoints - Resolving eureka endpoints via configuration
2018-07-02 13:28:02.660 [AsyncResolver-bootstrap-executor-0] INFO 
				com.netflix.discovery.shared.resolver.aws.ConfigClusterResolver.getClusterEndpoints - Resolving eureka endpoints via configuration
2018-07-02 13:31:55.261 [AsyncResolver-bootstrap-executor-0] INFO 
				com.netflix.discovery.shared.resolver.aws.ConfigClusterResolver.getClusterEndpoints - Resolving eureka endpoints via configuration
2018-07-02 13:32:03.554 [ReplicaAwareInstanceRegistry - RenewalThresholdUpdater] INFO 
				com.netflix.eureka.registry.PeerAwareInstanceRegistryImpl.updateRenewalThreshold - Current renewal threshold is : 10
2018-07-02 13:32:04.100 [AsyncResolver-bootstrap-executor-0] INFO 
				com.netflix.discovery.shared.resolver.aws.ConfigClusterResolver.getClusterEndpoints - Resolving eureka endpoints via configuration
2018-07-02 13:33:02.652 [AsyncResolver-bootstrap-executor-0] INFO 
				com.netflix.discovery.shared.resolver.aws.ConfigClusterResolver.getClusterEndpoints - Resolving eureka endpoints via configuration
2018-07-02 13:33:06.785 [ReplicaAwareInstanceRegistry - RenewalThresholdUpdater] INFO 
				com.netflix.eureka.registry.PeerAwareInstanceRegistryImpl.updateRenewalThreshold - Current renewal threshold is : 10
2018-07-02 13:33:06.803 [ReplicaAwareInstanceRegistry - RenewalThresholdUpdater] INFO 
				com.netflix.eureka.registry.PeerAwareInstanceRegistryImpl.updateRenewalThreshold - Current renewal threshold is : 10
2018-07-02 13:36:55.256 [AsyncResolver-bootstrap-executor-0] INFO 
				com.netflix.discovery.shared.resolver.aws.ConfigClusterResolver.getClusterEndpoints - Resolving eureka endpoints via configuration
2018-07-02 13:37:04.094 [AsyncResolver-bootstrap-executor-0] INFO 
				com.netflix.discovery.shared.resolver.aws.ConfigClusterResolver.getClusterEndpoints - Resolving eureka endpoints via configuration
2018-07-02 13:38:02.644 [AsyncResolver-bootstrap-executor-0] INFO 
				com.netflix.discovery.shared.resolver.aws.ConfigClusterResolver.getClusterEndpoints - Resolving eureka endpoints via configuration
2018-07-02 13:41:55.251 [AsyncResolver-bootstrap-executor-0] INFO 
				com.netflix.discovery.shared.resolver.aws.ConfigClusterResolver.getClusterEndpoints - Resolving eureka endpoints via configuration
2018-07-02 13:42:04.089 [AsyncResolver-bootstrap-executor-0] INFO 
				com.netflix.discovery.shared.resolver.aws.ConfigClusterResolver.getClusterEndpoints - Resolving eureka endpoints via configuration
2018-07-02 13:43:02.632 [AsyncResolver-bootstrap-executor-0] INFO 
				com.netflix.discovery.shared.resolver.aws.ConfigClusterResolver.getClusterEndpoints - Resolving eureka endpoints via configuration
2018-07-02 13:46:55.244 [AsyncResolver-bootstrap-executor-0] INFO 
				com.netflix.discovery.shared.resolver.aws.ConfigClusterResolver.getClusterEndpoints - Resolving eureka endpoints via configuration
2018-07-02 13:47:03.556 [ReplicaAwareInstanceRegistry - RenewalThresholdUpdater] INFO 
				com.netflix.eureka.registry.PeerAwareInstanceRegistryImpl.updateRenewalThreshold - Current renewal threshold is : 10
2018-07-02 13:47:04.080 [AsyncResolver-bootstrap-executor-0] INFO 
				com.netflix.discovery.shared.resolver.aws.ConfigClusterResolver.getClusterEndpoints - Resolving eureka endpoints via configuration
2018-07-02 13:48:02.625 [AsyncResolver-bootstrap-executor-0] INFO 
				com.netflix.discovery.shared.resolver.aws.ConfigClusterResolver.getClusterEndpoints - Resolving eureka endpoints via configuration
2018-07-02 13:48:06.788 [ReplicaAwareInstanceRegistry - RenewalThresholdUpdater] INFO 
				com.netflix.eureka.registry.PeerAwareInstanceRegistryImpl.updateRenewalThreshold - Current renewal threshold is : 10
2018-07-02 13:48:06.805 [ReplicaAwareInstanceRegistry - RenewalThresholdUpdater] INFO 
				com.netflix.eureka.registry.PeerAwareInstanceRegistryImpl.updateRenewalThreshold - Current renewal threshold is : 10
2018-07-02 13:51:55.233 [AsyncResolver-bootstrap-executor-0] INFO 
				com.netflix.discovery.shared.resolver.aws.ConfigClusterResolver.getClusterEndpoints - Resolving eureka endpoints via configuration
2018-07-02 13:52:04.074 [AsyncResolver-bootstrap-executor-0] INFO 
				com.netflix.discovery.shared.resolver.aws.ConfigClusterResolver.getClusterEndpoints - Resolving eureka endpoints via configuration
2018-07-02 13:53:02.614 [AsyncResolver-bootstrap-executor-0] INFO 
				com.netflix.discovery.shared.resolver.aws.ConfigClusterResolver.getClusterEndpoints - Resolving eureka endpoints via configuration
2018-07-02 13:56:55.227 [AsyncResolver-bootstrap-executor-0] INFO 
				com.netflix.discovery.shared.resolver.aws.ConfigClusterResolver.getClusterEndpoints - Resolving eureka endpoints via configuration
2018-07-02 13:57:04.067 [AsyncResolver-bootstrap-executor-0] INFO 
				com.netflix.discovery.shared.resolver.aws.ConfigClusterResolver.getClusterEndpoints - Resolving eureka endpoints via configuration
2018-07-02 13:58:02.604 [AsyncResolver-bootstrap-executor-0] INFO 
				com.netflix.discovery.shared.resolver.aws.ConfigClusterResolver.getClusterEndpoints - Resolving eureka endpoints via configuration
2018-07-02 14:01:55.216 [AsyncResolver-bootstrap-executor-0] INFO 
				com.netflix.discovery.shared.resolver.aws.ConfigClusterResolver.getClusterEndpoints - Resolving eureka endpoints via configuration
2018-07-02 14:02:03.562 [ReplicaAwareInstanceRegistry - RenewalThresholdUpdater] INFO 
				com.netflix.eureka.registry.PeerAwareInstanceRegistryImpl.updateRenewalThreshold - Current renewal threshold is : 10
2018-07-02 14:02:04.059 [AsyncResolver-bootstrap-executor-0] INFO 
				com.netflix.discovery.shared.resolver.aws.ConfigClusterResolver.getClusterEndpoints - Resolving eureka endpoints via configuration
2018-07-02 14:03:02.599 [AsyncResolver-bootstrap-executor-0] INFO 
				com.netflix.discovery.shared.resolver.aws.ConfigClusterResolver.getClusterEndpoints - Resolving eureka endpoints via configuration
2018-07-02 14:03:06.793 [ReplicaAwareInstanceRegistry - RenewalThresholdUpdater] INFO 
				com.netflix.eureka.registry.PeerAwareInstanceRegistryImpl.updateRenewalThreshold - Current renewal threshold is : 10
2018-07-02 14:03:06.813 [ReplicaAwareInstanceRegistry - RenewalThresholdUpdater] INFO 
				com.netflix.eureka.registry.PeerAwareInstanceRegistryImpl.updateRenewalThreshold - Current renewal threshold is : 10
2018-07-02 14:06:55.211 [AsyncResolver-bootstrap-executor-0] INFO 
				com.netflix.discovery.shared.resolver.aws.ConfigClusterResolver.getClusterEndpoints - Resolving eureka endpoints via configuration
2018-07-02 14:07:04.047 [AsyncResolver-bootstrap-executor-0] INFO 
				com.netflix.discovery.shared.resolver.aws.ConfigClusterResolver.getClusterEndpoints - Resolving eureka endpoints via configuration
2018-07-02 14:08:02.590 [AsyncResolver-bootstrap-executor-0] INFO 
				com.netflix.discovery.shared.resolver.aws.ConfigClusterResolver.getClusterEndpoints - Resolving eureka endpoints via configuration
2018-07-02 14:11:55.205 [AsyncResolver-bootstrap-executor-0] INFO 
				com.netflix.discovery.shared.resolver.aws.ConfigClusterResolver.getClusterEndpoints - Resolving eureka endpoints via configuration
2018-07-02 14:12:04.040 [AsyncResolver-bootstrap-executor-0] INFO 
				com.netflix.discovery.shared.resolver.aws.ConfigClusterResolver.getClusterEndpoints - Resolving eureka endpoints via configuration
2018-07-02 14:13:02.583 [AsyncResolver-bootstrap-executor-0] INFO 
				com.netflix.discovery.shared.resolver.aws.ConfigClusterResolver.getClusterEndpoints - Resolving eureka endpoints via configuration
2018-07-02 14:16:55.201 [AsyncResolver-bootstrap-executor-0] INFO 
				com.netflix.discovery.shared.resolver.aws.ConfigClusterResolver.getClusterEndpoints - Resolving eureka endpoints via configuration
2018-07-02 14:17:03.562 [ReplicaAwareInstanceRegistry - RenewalThresholdUpdater] INFO 
				com.netflix.eureka.registry.PeerAwareInstanceRegistryImpl.updateRenewalThreshold - Current renewal threshold is : 10
2018-07-02 14:17:04.036 [AsyncResolver-bootstrap-executor-0] INFO 
				com.netflix.discovery.shared.resolver.aws.ConfigClusterResolver.getClusterEndpoints - Resolving eureka endpoints via configuration
2018-07-02 14:18:02.576 [AsyncResolver-bootstrap-executor-0] INFO 
				com.netflix.discovery.shared.resolver.aws.ConfigClusterResolver.getClusterEndpoints - Resolving eureka endpoints via configuration
2018-07-02 14:18:06.796 [ReplicaAwareInstanceRegistry - RenewalThresholdUpdater] INFO 
				com.netflix.eureka.registry.PeerAwareInstanceRegistryImpl.updateRenewalThreshold - Current renewal threshold is : 10
2018-07-02 14:18:06.811 [ReplicaAwareInstanceRegistry - RenewalThresholdUpdater] INFO 
				com.netflix.eureka.registry.PeerAwareInstanceRegistryImpl.updateRenewalThreshold - Current renewal threshold is : 10
2018-07-02 14:21:55.190 [AsyncResolver-bootstrap-executor-0] INFO 
				com.netflix.discovery.shared.resolver.aws.ConfigClusterResolver.getClusterEndpoints - Resolving eureka endpoints via configuration
2018-07-02 14:22:04.025 [AsyncResolver-bootstrap-executor-0] INFO 
				com.netflix.discovery.shared.resolver.aws.ConfigClusterResolver.getClusterEndpoints - Resolving eureka endpoints via configuration
2018-07-02 14:23:02.566 [AsyncResolver-bootstrap-executor-0] INFO 
				com.netflix.discovery.shared.resolver.aws.ConfigClusterResolver.getClusterEndpoints - Resolving eureka endpoints via configuration
2018-07-02 14:26:55.182 [AsyncResolver-bootstrap-executor-0] INFO 
				com.netflix.discovery.shared.resolver.aws.ConfigClusterResolver.getClusterEndpoints - Resolving eureka endpoints via configuration
2018-07-02 14:27:04.016 [AsyncResolver-bootstrap-executor-0] INFO 
				com.netflix.discovery.shared.resolver.aws.ConfigClusterResolver.getClusterEndpoints - Resolving eureka endpoints via configuration
2018-07-02 14:28:02.559 [AsyncResolver-bootstrap-executor-0] INFO 
				com.netflix.discovery.shared.resolver.aws.ConfigClusterResolver.getClusterEndpoints - Resolving eureka endpoints via configuration
2018-07-02 14:31:55.172 [AsyncResolver-bootstrap-executor-0] INFO 
				com.netflix.discovery.shared.resolver.aws.ConfigClusterResolver.getClusterEndpoints - Resolving eureka endpoints via configuration
2018-07-02 14:32:03.562 [ReplicaAwareInstanceRegistry - RenewalThresholdUpdater] INFO 
				com.netflix.eureka.registry.PeerAwareInstanceRegistryImpl.updateRenewalThreshold - Current renewal threshold is : 10
2018-07-02 14:32:04.010 [AsyncResolver-bootstrap-executor-0] INFO 
				com.netflix.discovery.shared.resolver.aws.ConfigClusterResolver.getClusterEndpoints - Resolving eureka endpoints via configuration
2018-07-02 14:33:02.551 [AsyncResolver-bootstrap-executor-0] INFO 
				com.netflix.discovery.shared.resolver.aws.ConfigClusterResolver.getClusterEndpoints - Resolving eureka endpoints via configuration
2018-07-02 14:33:06.800 [ReplicaAwareInstanceRegistry - RenewalThresholdUpdater] INFO 
				com.netflix.eureka.registry.PeerAwareInstanceRegistryImpl.updateRenewalThreshold - Current renewal threshold is : 10
2018-07-02 14:33:06.815 [ReplicaAwareInstanceRegistry - RenewalThresholdUpdater] INFO 
				com.netflix.eureka.registry.PeerAwareInstanceRegistryImpl.updateRenewalThreshold - Current renewal threshold is : 10
2018-07-02 14:36:55.163 [AsyncResolver-bootstrap-executor-0] INFO 
				com.netflix.discovery.shared.resolver.aws.ConfigClusterResolver.getClusterEndpoints - Resolving eureka endpoints via configuration
2018-07-02 14:37:04.003 [AsyncResolver-bootstrap-executor-0] INFO 
				com.netflix.discovery.shared.resolver.aws.ConfigClusterResolver.getClusterEndpoints - Resolving eureka endpoints via configuration
2018-07-02 14:38:02.544 [AsyncResolver-bootstrap-executor-0] INFO 
				com.netflix.discovery.shared.resolver.aws.ConfigClusterResolver.getClusterEndpoints - Resolving eureka endpoints via configuration
2018-07-02 14:41:55.157 [AsyncResolver-bootstrap-executor-0] INFO 
				com.netflix.discovery.shared.resolver.aws.ConfigClusterResolver.getClusterEndpoints - Resolving eureka endpoints via configuration
2018-07-02 14:42:03.997 [AsyncResolver-bootstrap-executor-0] INFO 
				com.netflix.discovery.shared.resolver.aws.ConfigClusterResolver.getClusterEndpoints - Resolving eureka endpoints via configuration
2018-07-02 14:43:02.535 [AsyncResolver-bootstrap-executor-0] INFO 
				com.netflix.discovery.shared.resolver.aws.ConfigClusterResolver.getClusterEndpoints - Resolving eureka endpoints via configuration
2018-07-02 14:46:55.151 [AsyncResolver-bootstrap-executor-0] INFO 
				com.netflix.discovery.shared.resolver.aws.ConfigClusterResolver.getClusterEndpoints - Resolving eureka endpoints via configuration
2018-07-02 14:47:03.566 [ReplicaAwareInstanceRegistry - RenewalThresholdUpdater] INFO 
				com.netflix.eureka.registry.PeerAwareInstanceRegistryImpl.updateRenewalThreshold - Current renewal threshold is : 10
2018-07-02 14:47:03.990 [AsyncResolver-bootstrap-executor-0] INFO 
				com.netflix.discovery.shared.resolver.aws.ConfigClusterResolver.getClusterEndpoints - Resolving eureka endpoints via configuration
2018-07-02 14:48:02.525 [AsyncResolver-bootstrap-executor-0] INFO 
				com.netflix.discovery.shared.resolver.aws.ConfigClusterResolver.getClusterEndpoints - Resolving eureka endpoints via configuration
2018-07-02 14:48:06.804 [ReplicaAwareInstanceRegistry - RenewalThresholdUpdater] INFO 
				com.netflix.eureka.registry.PeerAwareInstanceRegistryImpl.updateRenewalThreshold - Current renewal threshold is : 10
2018-07-02 14:48:06.820 [ReplicaAwareInstanceRegistry - RenewalThresholdUpdater] INFO 
				com.netflix.eureka.registry.PeerAwareInstanceRegistryImpl.updateRenewalThreshold - Current renewal threshold is : 10
2018-07-02 14:51:55.145 [AsyncResolver-bootstrap-executor-0] INFO 
				com.netflix.discovery.shared.resolver.aws.ConfigClusterResolver.getClusterEndpoints - Resolving eureka endpoints via configuration
2018-07-02 14:52:03.985 [AsyncResolver-bootstrap-executor-0] INFO 
				com.netflix.discovery.shared.resolver.aws.ConfigClusterResolver.getClusterEndpoints - Resolving eureka endpoints via configuration
2018-07-02 14:53:02.518 [AsyncResolver-bootstrap-executor-0] INFO 
				com.netflix.discovery.shared.resolver.aws.ConfigClusterResolver.getClusterEndpoints - Resolving eureka endpoints via configuration
2018-07-02 14:56:55.138 [AsyncResolver-bootstrap-executor-0] INFO 
				com.netflix.discovery.shared.resolver.aws.ConfigClusterResolver.getClusterEndpoints - Resolving eureka endpoints via configuration
2018-07-02 14:57:03.977 [AsyncResolver-bootstrap-executor-0] INFO 
				com.netflix.discovery.shared.resolver.aws.ConfigClusterResolver.getClusterEndpoints - Resolving eureka endpoints via configuration
2018-07-02 14:58:02.513 [AsyncResolver-bootstrap-executor-0] INFO 
				com.netflix.discovery.shared.resolver.aws.ConfigClusterResolver.getClusterEndpoints - Resolving eureka endpoints via configuration
2018-07-02 15:01:55.135 [AsyncResolver-bootstrap-executor-0] INFO 
				com.netflix.discovery.shared.resolver.aws.ConfigClusterResolver.getClusterEndpoints - Resolving eureka endpoints via configuration
2018-07-02 15:02:03.568 [ReplicaAwareInstanceRegistry - RenewalThresholdUpdater] INFO 
				com.netflix.eureka.registry.PeerAwareInstanceRegistryImpl.updateRenewalThreshold - Current renewal threshold is : 10
2018-07-02 15:02:03.981 [AsyncResolver-bootstrap-executor-0] INFO 
				com.netflix.discovery.shared.resolver.aws.ConfigClusterResolver.getClusterEndpoints - Resolving eureka endpoints via configuration
2018-07-02 15:03:02.505 [AsyncResolver-bootstrap-executor-0] INFO 
				com.netflix.discovery.shared.resolver.aws.ConfigClusterResolver.getClusterEndpoints - Resolving eureka endpoints via configuration
2018-07-02 15:03:06.809 [ReplicaAwareInstanceRegistry - RenewalThresholdUpdater] INFO 
				com.netflix.eureka.registry.PeerAwareInstanceRegistryImpl.updateRenewalThreshold - Current renewal threshold is : 10
2018-07-02 15:03:06.823 [ReplicaAwareInstanceRegistry - RenewalThresholdUpdater] INFO 
				com.netflix.eureka.registry.PeerAwareInstanceRegistryImpl.updateRenewalThreshold - Current renewal threshold is : 10
2018-07-02 15:06:55.125 [AsyncResolver-bootstrap-executor-0] INFO 
				com.netflix.discovery.shared.resolver.aws.ConfigClusterResolver.getClusterEndpoints - Resolving eureka endpoints via configuration
2018-07-02 15:07:03.975 [AsyncResolver-bootstrap-executor-0] INFO 
				com.netflix.discovery.shared.resolver.aws.ConfigClusterResolver.getClusterEndpoints - Resolving eureka endpoints via configuration
2018-07-02 15:08:02.500 [AsyncResolver-bootstrap-executor-0] INFO 
				com.netflix.discovery.shared.resolver.aws.ConfigClusterResolver.getClusterEndpoints - Resolving eureka endpoints via configuration
2018-07-02 15:11:55.124 [AsyncResolver-bootstrap-executor-0] INFO 
				com.netflix.discovery.shared.resolver.aws.ConfigClusterResolver.getClusterEndpoints - Resolving eureka endpoints via configuration
2018-07-02 15:12:03.974 [AsyncResolver-bootstrap-executor-0] INFO 
				com.netflix.discovery.shared.resolver.aws.ConfigClusterResolver.getClusterEndpoints - Resolving eureka endpoints via configuration
2018-07-02 15:13:02.499 [AsyncResolver-bootstrap-executor-0] INFO 
				com.netflix.discovery.shared.resolver.aws.ConfigClusterResolver.getClusterEndpoints - Resolving eureka endpoints via configuration
2018-07-02 15:16:55.117 [AsyncResolver-bootstrap-executor-0] INFO 
				com.netflix.discovery.shared.resolver.aws.ConfigClusterResolver.getClusterEndpoints - Resolving eureka endpoints via configuration
2018-07-02 15:17:03.573 [ReplicaAwareInstanceRegistry - RenewalThresholdUpdater] INFO 
				com.netflix.eureka.registry.PeerAwareInstanceRegistryImpl.updateRenewalThreshold - Current renewal threshold is : 10
2018-07-02 15:17:03.968 [AsyncResolver-bootstrap-executor-0] INFO 
				com.netflix.discovery.shared.resolver.aws.ConfigClusterResolver.getClusterEndpoints - Resolving eureka endpoints via configuration
2018-07-02 15:18:02.494 [AsyncResolver-bootstrap-executor-0] INFO 
				com.netflix.discovery.shared.resolver.aws.ConfigClusterResolver.getClusterEndpoints - Resolving eureka endpoints via configuration
2018-07-02 15:18:06.812 [ReplicaAwareInstanceRegistry - RenewalThresholdUpdater] INFO 
				com.netflix.eureka.registry.PeerAwareInstanceRegistryImpl.updateRenewalThreshold - Current renewal threshold is : 10
2018-07-02 15:18:06.824 [ReplicaAwareInstanceRegistry - RenewalThresholdUpdater] INFO 
				com.netflix.eureka.registry.PeerAwareInstanceRegistryImpl.updateRenewalThreshold - Current renewal threshold is : 10
2018-07-02 15:21:55.118 [AsyncResolver-bootstrap-executor-0] INFO 
				com.netflix.discovery.shared.resolver.aws.ConfigClusterResolver.getClusterEndpoints - Resolving eureka endpoints via configuration
2018-07-02 15:22:03.970 [AsyncResolver-bootstrap-executor-0] INFO 
				com.netflix.discovery.shared.resolver.aws.ConfigClusterResolver.getClusterEndpoints - Resolving eureka endpoints via configuration
2018-07-02 15:23:02.492 [AsyncResolver-bootstrap-executor-0] INFO 
				com.netflix.discovery.shared.resolver.aws.ConfigClusterResolver.getClusterEndpoints - Resolving eureka endpoints via configuration
2018-07-02 15:26:55.110 [AsyncResolver-bootstrap-executor-0] INFO 
				com.netflix.discovery.shared.resolver.aws.ConfigClusterResolver.getClusterEndpoints - Resolving eureka endpoints via configuration
2018-07-02 15:27:03.969 [AsyncResolver-bootstrap-executor-0] INFO 
				com.netflix.discovery.shared.resolver.aws.ConfigClusterResolver.getClusterEndpoints - Resolving eureka endpoints via configuration
2018-07-02 15:28:02.486 [AsyncResolver-bootstrap-executor-0] INFO 
				com.netflix.discovery.shared.resolver.aws.ConfigClusterResolver.getClusterEndpoints - Resolving eureka endpoints via configuration
2018-07-02 15:31:55.104 [AsyncResolver-bootstrap-executor-0] INFO 
				com.netflix.discovery.shared.resolver.aws.ConfigClusterResolver.getClusterEndpoints - Resolving eureka endpoints via configuration
2018-07-02 15:32:03.579 [ReplicaAwareInstanceRegistry - RenewalThresholdUpdater] INFO 
				com.netflix.eureka.registry.PeerAwareInstanceRegistryImpl.updateRenewalThreshold - Current renewal threshold is : 10
2018-07-02 15:32:03.965 [AsyncResolver-bootstrap-executor-0] INFO 
				com.netflix.discovery.shared.resolver.aws.ConfigClusterResolver.getClusterEndpoints - Resolving eureka endpoints via configuration
2018-07-02 15:33:02.479 [AsyncResolver-bootstrap-executor-0] INFO 
				com.netflix.discovery.shared.resolver.aws.ConfigClusterResolver.getClusterEndpoints - Resolving eureka endpoints via configuration
2018-07-02 15:33:06.815 [ReplicaAwareInstanceRegistry - RenewalThresholdUpdater] INFO 
				com.netflix.eureka.registry.PeerAwareInstanceRegistryImpl.updateRenewalThreshold - Current renewal threshold is : 10
2018-07-02 15:33:06.830 [ReplicaAwareInstanceRegistry - RenewalThresholdUpdater] INFO 
				com.netflix.eureka.registry.PeerAwareInstanceRegistryImpl.updateRenewalThreshold - Current renewal threshold is : 10
2018-07-02 15:36:55.101 [AsyncResolver-bootstrap-executor-0] INFO 
				com.netflix.discovery.shared.resolver.aws.ConfigClusterResolver.getClusterEndpoints - Resolving eureka endpoints via configuration
2018-07-02 15:37:03.961 [AsyncResolver-bootstrap-executor-0] INFO 
				com.netflix.discovery.shared.resolver.aws.ConfigClusterResolver.getClusterEndpoints - Resolving eureka endpoints via configuration
2018-07-02 15:38:02.476 [AsyncResolver-bootstrap-executor-0] INFO 
				com.netflix.discovery.shared.resolver.aws.ConfigClusterResolver.getClusterEndpoints - Resolving eureka endpoints via configuration
2018-07-02 15:41:55.099 [AsyncResolver-bootstrap-executor-0] INFO 
				com.netflix.discovery.shared.resolver.aws.ConfigClusterResolver.getClusterEndpoints - Resolving eureka endpoints via configuration
2018-07-02 15:42:03.958 [AsyncResolver-bootstrap-executor-0] INFO 
				com.netflix.discovery.shared.resolver.aws.ConfigClusterResolver.getClusterEndpoints - Resolving eureka endpoints via configuration
2018-07-02 15:43:02.471 [AsyncResolver-bootstrap-executor-0] INFO 
				com.netflix.discovery.shared.resolver.aws.ConfigClusterResolver.getClusterEndpoints - Resolving eureka endpoints via configuration
2018-07-02 15:46:55.097 [AsyncResolver-bootstrap-executor-0] INFO 
				com.netflix.discovery.shared.resolver.aws.ConfigClusterResolver.getClusterEndpoints - Resolving eureka endpoints via configuration
2018-07-02 15:47:03.582 [ReplicaAwareInstanceRegistry - RenewalThresholdUpdater] INFO 
				com.netflix.eureka.registry.PeerAwareInstanceRegistryImpl.updateRenewalThreshold - Current renewal threshold is : 10
2018-07-02 15:47:03.956 [AsyncResolver-bootstrap-executor-0] INFO 
				com.netflix.discovery.shared.resolver.aws.ConfigClusterResolver.getClusterEndpoints - Resolving eureka endpoints via configuration
2018-07-02 15:48:02.464 [AsyncResolver-bootstrap-executor-0] INFO 
				com.netflix.discovery.shared.resolver.aws.ConfigClusterResolver.getClusterEndpoints - Resolving eureka endpoints via configuration
2018-07-02 15:48:06.817 [ReplicaAwareInstanceRegistry - RenewalThresholdUpdater] INFO 
				com.netflix.eureka.registry.PeerAwareInstanceRegistryImpl.updateRenewalThreshold - Current renewal threshold is : 10
2018-07-02 15:48:06.831 [ReplicaAwareInstanceRegistry - RenewalThresholdUpdater] INFO 
				com.netflix.eureka.registry.PeerAwareInstanceRegistryImpl.updateRenewalThreshold - Current renewal threshold is : 10
2018-07-02 15:51:55.092 [AsyncResolver-bootstrap-executor-0] INFO 
				com.netflix.discovery.shared.resolver.aws.ConfigClusterResolver.getClusterEndpoints - Resolving eureka endpoints via configuration
2018-07-02 15:52:03.955 [AsyncResolver-bootstrap-executor-0] INFO 
				com.netflix.discovery.shared.resolver.aws.ConfigClusterResolver.getClusterEndpoints - Resolving eureka endpoints via configuration
2018-07-02 15:53:02.460 [AsyncResolver-bootstrap-executor-0] INFO 
				com.netflix.discovery.shared.resolver.aws.ConfigClusterResolver.getClusterEndpoints - Resolving eureka endpoints via configuration
2018-07-02 15:56:55.086 [AsyncResolver-bootstrap-executor-0] INFO 
				com.netflix.discovery.shared.resolver.aws.ConfigClusterResolver.getClusterEndpoints - Resolving eureka endpoints via configuration
2018-07-02 15:57:03.950 [AsyncResolver-bootstrap-executor-0] INFO 
				com.netflix.discovery.shared.resolver.aws.ConfigClusterResolver.getClusterEndpoints - Resolving eureka endpoints via configuration
2018-07-02 15:58:02.456 [AsyncResolver-bootstrap-executor-0] INFO 
				com.netflix.discovery.shared.resolver.aws.ConfigClusterResolver.getClusterEndpoints - Resolving eureka endpoints via configuration
2018-07-02 16:01:55.081 [AsyncResolver-bootstrap-executor-0] INFO 
				com.netflix.discovery.shared.resolver.aws.ConfigClusterResolver.getClusterEndpoints - Resolving eureka endpoints via configuration
2018-07-02 16:02:03.584 [ReplicaAwareInstanceRegistry - RenewalThresholdUpdater] INFO 
				com.netflix.eureka.registry.PeerAwareInstanceRegistryImpl.updateRenewalThreshold - Current renewal threshold is : 10
2018-07-02 16:02:03.943 [AsyncResolver-bootstrap-executor-0] INFO 
				com.netflix.discovery.shared.resolver.aws.ConfigClusterResolver.getClusterEndpoints - Resolving eureka endpoints via configuration
2018-07-02 16:03:02.453 [AsyncResolver-bootstrap-executor-0] INFO 
				com.netflix.discovery.shared.resolver.aws.ConfigClusterResolver.getClusterEndpoints - Resolving eureka endpoints via configuration
2018-07-02 16:03:06.822 [ReplicaAwareInstanceRegistry - RenewalThresholdUpdater] INFO 
				com.netflix.eureka.registry.PeerAwareInstanceRegistryImpl.updateRenewalThreshold - Current renewal threshold is : 10
2018-07-02 16:03:06.835 [ReplicaAwareInstanceRegistry - RenewalThresholdUpdater] INFO 
				com.netflix.eureka.registry.PeerAwareInstanceRegistryImpl.updateRenewalThreshold - Current renewal threshold is : 10
2018-07-02 16:06:55.073 [AsyncResolver-bootstrap-executor-0] INFO 
				com.netflix.discovery.shared.resolver.aws.ConfigClusterResolver.getClusterEndpoints - Resolving eureka endpoints via configuration
2018-07-02 16:07:03.939 [AsyncResolver-bootstrap-executor-0] INFO 
				com.netflix.discovery.shared.resolver.aws.ConfigClusterResolver.getClusterEndpoints - Resolving eureka endpoints via configuration
2018-07-02 16:08:02.449 [AsyncResolver-bootstrap-executor-0] INFO 
				com.netflix.discovery.shared.resolver.aws.ConfigClusterResolver.getClusterEndpoints - Resolving eureka endpoints via configuration
2018-07-02 16:11:55.070 [AsyncResolver-bootstrap-executor-0] INFO 
				com.netflix.discovery.shared.resolver.aws.ConfigClusterResolver.getClusterEndpoints - Resolving eureka endpoints via configuration
2018-07-02 16:12:03.933 [AsyncResolver-bootstrap-executor-0] INFO 
				com.netflix.discovery.shared.resolver.aws.ConfigClusterResolver.getClusterEndpoints - Resolving eureka endpoints via configuration
2018-07-02 16:13:02.443 [AsyncResolver-bootstrap-executor-0] INFO 
				com.netflix.discovery.shared.resolver.aws.ConfigClusterResolver.getClusterEndpoints - Resolving eureka endpoints via configuration
2018-07-02 16:16:55.066 [AsyncResolver-bootstrap-executor-0] INFO 
				com.netflix.discovery.shared.resolver.aws.ConfigClusterResolver.getClusterEndpoints - Resolving eureka endpoints via configuration
2018-07-02 16:17:03.587 [ReplicaAwareInstanceRegistry - RenewalThresholdUpdater] INFO 
				com.netflix.eureka.registry.PeerAwareInstanceRegistryImpl.updateRenewalThreshold - Current renewal threshold is : 10
2018-07-02 16:17:03.927 [AsyncResolver-bootstrap-executor-0] INFO 
				com.netflix.discovery.shared.resolver.aws.ConfigClusterResolver.getClusterEndpoints - Resolving eureka endpoints via configuration
2018-07-02 16:18:02.437 [AsyncResolver-bootstrap-executor-0] INFO 
				com.netflix.discovery.shared.resolver.aws.ConfigClusterResolver.getClusterEndpoints - Resolving eureka endpoints via configuration
2018-07-02 16:18:06.823 [ReplicaAwareInstanceRegistry - RenewalThresholdUpdater] INFO 
				com.netflix.eureka.registry.PeerAwareInstanceRegistryImpl.updateRenewalThreshold - Current renewal threshold is : 10
2018-07-02 16:18:06.838 [ReplicaAwareInstanceRegistry - RenewalThresholdUpdater] INFO 
				com.netflix.eureka.registry.PeerAwareInstanceRegistryImpl.updateRenewalThreshold - Current renewal threshold is : 10
2018-07-02 16:21:55.061 [AsyncResolver-bootstrap-executor-0] INFO 
				com.netflix.discovery.shared.resolver.aws.ConfigClusterResolver.getClusterEndpoints - Resolving eureka endpoints via configuration
2018-07-02 16:22:03.921 [AsyncResolver-bootstrap-executor-0] INFO 
				com.netflix.discovery.shared.resolver.aws.ConfigClusterResolver.getClusterEndpoints - Resolving eureka endpoints via configuration
2018-07-02 16:23:02.429 [AsyncResolver-bootstrap-executor-0] INFO 
				com.netflix.discovery.shared.resolver.aws.ConfigClusterResolver.getClusterEndpoints - Resolving eureka endpoints via configuration
2018-07-02 16:26:55.060 [AsyncResolver-bootstrap-executor-0] INFO 
				com.netflix.discovery.shared.resolver.aws.ConfigClusterResolver.getClusterEndpoints - Resolving eureka endpoints via configuration
2018-07-02 16:27:03.914 [AsyncResolver-bootstrap-executor-0] INFO 
				com.netflix.discovery.shared.resolver.aws.ConfigClusterResolver.getClusterEndpoints - Resolving eureka endpoints via configuration
2018-07-02 16:28:02.425 [AsyncResolver-bootstrap-executor-0] INFO 
				com.netflix.discovery.shared.resolver.aws.ConfigClusterResolver.getClusterEndpoints - Resolving eureka endpoints via configuration
2018-07-02 16:31:55.057 [AsyncResolver-bootstrap-executor-0] INFO 
				com.netflix.discovery.shared.resolver.aws.ConfigClusterResolver.getClusterEndpoints - Resolving eureka endpoints via configuration
2018-07-02 16:32:03.590 [ReplicaAwareInstanceRegistry - RenewalThresholdUpdater] INFO 
				com.netflix.eureka.registry.PeerAwareInstanceRegistryImpl.updateRenewalThreshold - Current renewal threshold is : 10
2018-07-02 16:32:03.913 [AsyncResolver-bootstrap-executor-0] INFO 
				com.netflix.discovery.shared.resolver.aws.ConfigClusterResolver.getClusterEndpoints - Resolving eureka endpoints via configuration
2018-07-02 16:33:02.421 [AsyncResolver-bootstrap-executor-0] INFO 
				com.netflix.discovery.shared.resolver.aws.ConfigClusterResolver.getClusterEndpoints - Resolving eureka endpoints via configuration
2018-07-02 16:33:06.824 [ReplicaAwareInstanceRegistry - RenewalThresholdUpdater] INFO 
				com.netflix.eureka.registry.PeerAwareInstanceRegistryImpl.updateRenewalThreshold - Current renewal threshold is : 10
2018-07-02 16:33:06.840 [ReplicaAwareInstanceRegistry - RenewalThresholdUpdater] INFO 
				com.netflix.eureka.registry.PeerAwareInstanceRegistryImpl.updateRenewalThreshold - Current renewal threshold is : 10
2018-07-02 16:36:55.053 [AsyncResolver-bootstrap-executor-0] INFO 
				com.netflix.discovery.shared.resolver.aws.ConfigClusterResolver.getClusterEndpoints - Resolving eureka endpoints via configuration
2018-07-02 16:37:03.913 [AsyncResolver-bootstrap-executor-0] INFO 
				com.netflix.discovery.shared.resolver.aws.ConfigClusterResolver.getClusterEndpoints - Resolving eureka endpoints via configuration
2018-07-02 16:38:02.416 [AsyncResolver-bootstrap-executor-0] INFO 
				com.netflix.discovery.shared.resolver.aws.ConfigClusterResolver.getClusterEndpoints - Resolving eureka endpoints via configuration
2018-07-02 16:41:55.051 [AsyncResolver-bootstrap-executor-0] INFO 
				com.netflix.discovery.shared.resolver.aws.ConfigClusterResolver.getClusterEndpoints - Resolving eureka endpoints via configuration
2018-07-02 16:42:03.912 [AsyncResolver-bootstrap-executor-0] INFO 
				com.netflix.discovery.shared.resolver.aws.ConfigClusterResolver.getClusterEndpoints - Resolving eureka endpoints via configuration
2018-07-02 16:43:02.409 [AsyncResolver-bootstrap-executor-0] INFO 
				com.netflix.discovery.shared.resolver.aws.ConfigClusterResolver.getClusterEndpoints - Resolving eureka endpoints via configuration
2018-07-02 16:46:55.048 [AsyncResolver-bootstrap-executor-0] INFO 
				com.netflix.discovery.shared.resolver.aws.ConfigClusterResolver.getClusterEndpoints - Resolving eureka endpoints via configuration
2018-07-02 16:47:03.597 [ReplicaAwareInstanceRegistry - RenewalThresholdUpdater] INFO 
				com.netflix.eureka.registry.PeerAwareInstanceRegistryImpl.updateRenewalThreshold - Current renewal threshold is : 10
2018-07-02 16:47:03.908 [AsyncResolver-bootstrap-executor-0] INFO 
				com.netflix.discovery.shared.resolver.aws.ConfigClusterResolver.getClusterEndpoints - Resolving eureka endpoints via configuration
2018-07-02 16:48:02.405 [AsyncResolver-bootstrap-executor-0] INFO 
				com.netflix.discovery.shared.resolver.aws.ConfigClusterResolver.getClusterEndpoints - Resolving eureka endpoints via configuration
2018-07-02 16:48:06.830 [ReplicaAwareInstanceRegistry - RenewalThresholdUpdater] INFO 
				com.netflix.eureka.registry.PeerAwareInstanceRegistryImpl.updateRenewalThreshold - Current renewal threshold is : 10
2018-07-02 16:48:06.846 [ReplicaAwareInstanceRegistry - RenewalThresholdUpdater] INFO 
				com.netflix.eureka.registry.PeerAwareInstanceRegistryImpl.updateRenewalThreshold - Current renewal threshold is : 10
2018-07-02 16:51:55.043 [AsyncResolver-bootstrap-executor-0] INFO 
				com.netflix.discovery.shared.resolver.aws.ConfigClusterResolver.getClusterEndpoints - Resolving eureka endpoints via configuration
2018-07-02 16:52:03.907 [AsyncResolver-bootstrap-executor-0] INFO 
				com.netflix.discovery.shared.resolver.aws.ConfigClusterResolver.getClusterEndpoints - Resolving eureka endpoints via configuration
2018-07-02 16:53:02.403 [AsyncResolver-bootstrap-executor-0] INFO 
				com.netflix.discovery.shared.resolver.aws.ConfigClusterResolver.getClusterEndpoints - Resolving eureka endpoints via configuration
2018-07-02 16:56:55.037 [AsyncResolver-bootstrap-executor-0] INFO 
				com.netflix.discovery.shared.resolver.aws.ConfigClusterResolver.getClusterEndpoints - Resolving eureka endpoints via configuration
2018-07-02 16:57:03.901 [AsyncResolver-bootstrap-executor-0] INFO 
				com.netflix.discovery.shared.resolver.aws.ConfigClusterResolver.getClusterEndpoints - Resolving eureka endpoints via configuration
2018-07-02 16:58:02.399 [AsyncResolver-bootstrap-executor-0] INFO 
				com.netflix.discovery.shared.resolver.aws.ConfigClusterResolver.getClusterEndpoints - Resolving eureka endpoints via configuration
2018-07-02 17:01:55.033 [AsyncResolver-bootstrap-executor-0] INFO 
				com.netflix.discovery.shared.resolver.aws.ConfigClusterResolver.getClusterEndpoints - Resolving eureka endpoints via configuration
2018-07-02 17:02:03.600 [ReplicaAwareInstanceRegistry - RenewalThresholdUpdater] INFO 
				com.netflix.eureka.registry.PeerAwareInstanceRegistryImpl.updateRenewalThreshold - Current renewal threshold is : 10
2018-07-02 17:02:03.900 [AsyncResolver-bootstrap-executor-0] INFO 
				com.netflix.discovery.shared.resolver.aws.ConfigClusterResolver.getClusterEndpoints - Resolving eureka endpoints via configuration
2018-07-02 17:03:02.391 [AsyncResolver-bootstrap-executor-0] INFO 
				com.netflix.discovery.shared.resolver.aws.ConfigClusterResolver.getClusterEndpoints - Resolving eureka endpoints via configuration
2018-07-02 17:03:06.832 [ReplicaAwareInstanceRegistry - RenewalThresholdUpdater] INFO 
				com.netflix.eureka.registry.PeerAwareInstanceRegistryImpl.updateRenewalThreshold - Current renewal threshold is : 10
2018-07-02 17:03:06.850 [ReplicaAwareInstanceRegistry - RenewalThresholdUpdater] INFO 
				com.netflix.eureka.registry.PeerAwareInstanceRegistryImpl.updateRenewalThreshold - Current renewal threshold is : 10
2018-07-02 17:06:55.029 [AsyncResolver-bootstrap-executor-0] INFO 
				com.netflix.discovery.shared.resolver.aws.ConfigClusterResolver.getClusterEndpoints - Resolving eureka endpoints via configuration
2018-07-02 17:07:03.895 [AsyncResolver-bootstrap-executor-0] INFO 
				com.netflix.discovery.shared.resolver.aws.ConfigClusterResolver.getClusterEndpoints - Resolving eureka endpoints via configuration
2018-07-02 17:08:02.382 [AsyncResolver-bootstrap-executor-0] INFO 
				com.netflix.discovery.shared.resolver.aws.ConfigClusterResolver.getClusterEndpoints - Resolving eureka endpoints via configuration
2018-07-02 17:11:55.026 [AsyncResolver-bootstrap-executor-0] INFO 
				com.netflix.discovery.shared.resolver.aws.ConfigClusterResolver.getClusterEndpoints - Resolving eureka endpoints via configuration
2018-07-02 17:12:03.893 [AsyncResolver-bootstrap-executor-0] INFO 
				com.netflix.discovery.shared.resolver.aws.ConfigClusterResolver.getClusterEndpoints - Resolving eureka endpoints via configuration
2018-07-02 17:13:02.375 [AsyncResolver-bootstrap-executor-0] INFO 
				com.netflix.discovery.shared.resolver.aws.ConfigClusterResolver.getClusterEndpoints - Resolving eureka endpoints via configuration
2018-07-02 17:16:55.024 [AsyncResolver-bootstrap-executor-0] INFO 
				com.netflix.discovery.shared.resolver.aws.ConfigClusterResolver.getClusterEndpoints - Resolving eureka endpoints via configuration
2018-07-02 17:17:03.605 [ReplicaAwareInstanceRegistry - RenewalThresholdUpdater] INFO 
				com.netflix.eureka.registry.PeerAwareInstanceRegistryImpl.updateRenewalThreshold - Current renewal threshold is : 10
2018-07-02 17:17:03.891 [AsyncResolver-bootstrap-executor-0] INFO 
				com.netflix.discovery.shared.resolver.aws.ConfigClusterResolver.getClusterEndpoints - Resolving eureka endpoints via configuration
2018-07-02 17:18:02.368 [AsyncResolver-bootstrap-executor-0] INFO 
				com.netflix.discovery.shared.resolver.aws.ConfigClusterResolver.getClusterEndpoints - Resolving eureka endpoints via configuration
2018-07-02 17:18:06.835 [ReplicaAwareInstanceRegistry - RenewalThresholdUpdater] INFO 
				com.netflix.eureka.registry.PeerAwareInstanceRegistryImpl.updateRenewalThreshold - Current renewal threshold is : 10
2018-07-02 17:18:06.855 [ReplicaAwareInstanceRegistry - RenewalThresholdUpdater] INFO 
				com.netflix.eureka.registry.PeerAwareInstanceRegistryImpl.updateRenewalThreshold - Current renewal threshold is : 10
2018-07-02 17:21:55.021 [AsyncResolver-bootstrap-executor-0] INFO 
				com.netflix.discovery.shared.resolver.aws.ConfigClusterResolver.getClusterEndpoints - Resolving eureka endpoints via configuration
2018-07-02 17:22:03.887 [AsyncResolver-bootstrap-executor-0] INFO 
				com.netflix.discovery.shared.resolver.aws.ConfigClusterResolver.getClusterEndpoints - Resolving eureka endpoints via configuration
2018-07-02 17:23:02.365 [AsyncResolver-bootstrap-executor-0] INFO 
				com.netflix.discovery.shared.resolver.aws.ConfigClusterResolver.getClusterEndpoints - Resolving eureka endpoints via configuration
2018-07-02 17:26:55.014 [AsyncResolver-bootstrap-executor-0] INFO 
				com.netflix.discovery.shared.resolver.aws.ConfigClusterResolver.getClusterEndpoints - Resolving eureka endpoints via configuration
2018-07-02 17:27:03.882 [AsyncResolver-bootstrap-executor-0] INFO 
				com.netflix.discovery.shared.resolver.aws.ConfigClusterResolver.getClusterEndpoints - Resolving eureka endpoints via configuration
2018-07-02 17:28:02.361 [AsyncResolver-bootstrap-executor-0] INFO 
				com.netflix.discovery.shared.resolver.aws.ConfigClusterResolver.getClusterEndpoints - Resolving eureka endpoints via configuration
2018-07-02 17:31:55.011 [AsyncResolver-bootstrap-executor-0] INFO 
				com.netflix.discovery.shared.resolver.aws.ConfigClusterResolver.getClusterEndpoints - Resolving eureka endpoints via configuration
2018-07-02 17:32:03.610 [ReplicaAwareInstanceRegistry - RenewalThresholdUpdater] INFO 
				com.netflix.eureka.registry.PeerAwareInstanceRegistryImpl.updateRenewalThreshold - Current renewal threshold is : 10
2018-07-02 17:32:03.878 [AsyncResolver-bootstrap-executor-0] INFO 
				com.netflix.discovery.shared.resolver.aws.ConfigClusterResolver.getClusterEndpoints - Resolving eureka endpoints via configuration
2018-07-02 17:33:02.356 [AsyncResolver-bootstrap-executor-0] INFO 
				com.netflix.discovery.shared.resolver.aws.ConfigClusterResolver.getClusterEndpoints - Resolving eureka endpoints via configuration
2018-07-02 17:33:06.840 [ReplicaAwareInstanceRegistry - RenewalThresholdUpdater] INFO 
				com.netflix.eureka.registry.PeerAwareInstanceRegistryImpl.updateRenewalThreshold - Current renewal threshold is : 10
2018-07-02 17:33:06.861 [ReplicaAwareInstanceRegistry - RenewalThresholdUpdater] INFO 
				com.netflix.eureka.registry.PeerAwareInstanceRegistryImpl.updateRenewalThreshold - Current renewal threshold is : 10
2018-07-02 17:36:55.006 [AsyncResolver-bootstrap-executor-0] INFO 
				com.netflix.discovery.shared.resolver.aws.ConfigClusterResolver.getClusterEndpoints - Resolving eureka endpoints via configuration
2018-07-02 17:37:03.870 [AsyncResolver-bootstrap-executor-0] INFO 
				com.netflix.discovery.shared.resolver.aws.ConfigClusterResolver.getClusterEndpoints - Resolving eureka endpoints via configuration
2018-07-02 17:38:02.347 [AsyncResolver-bootstrap-executor-0] INFO 
				com.netflix.discovery.shared.resolver.aws.ConfigClusterResolver.getClusterEndpoints - Resolving eureka endpoints via configuration
2018-07-02 17:41:55.000 [AsyncResolver-bootstrap-executor-0] INFO 
				com.netflix.discovery.shared.resolver.aws.ConfigClusterResolver.getClusterEndpoints - Resolving eureka endpoints via configuration
2018-07-02 17:42:03.865 [AsyncResolver-bootstrap-executor-0] INFO 
				com.netflix.discovery.shared.resolver.aws.ConfigClusterResolver.getClusterEndpoints - Resolving eureka endpoints via configuration
2018-07-02 17:43:02.341 [AsyncResolver-bootstrap-executor-0] INFO 
				com.netflix.discovery.shared.resolver.aws.ConfigClusterResolver.getClusterEndpoints - Resolving eureka endpoints via configuration
2018-07-02 17:46:54.993 [AsyncResolver-bootstrap-executor-0] INFO 
				com.netflix.discovery.shared.resolver.aws.ConfigClusterResolver.getClusterEndpoints - Resolving eureka endpoints via configuration
2018-07-02 17:47:03.611 [ReplicaAwareInstanceRegistry - RenewalThresholdUpdater] INFO 
				com.netflix.eureka.registry.PeerAwareInstanceRegistryImpl.updateRenewalThreshold - Current renewal threshold is : 10
2018-07-02 17:47:03.862 [AsyncResolver-bootstrap-executor-0] INFO 
				com.netflix.discovery.shared.resolver.aws.ConfigClusterResolver.getClusterEndpoints - Resolving eureka endpoints via configuration
2018-07-02 17:48:02.336 [AsyncResolver-bootstrap-executor-0] INFO 
				com.netflix.discovery.shared.resolver.aws.ConfigClusterResolver.getClusterEndpoints - Resolving eureka endpoints via configuration
2018-07-02 17:48:06.842 [ReplicaAwareInstanceRegistry - RenewalThresholdUpdater] INFO 
				com.netflix.eureka.registry.PeerAwareInstanceRegistryImpl.updateRenewalThreshold - Current renewal threshold is : 10
2018-07-02 17:48:06.861 [ReplicaAwareInstanceRegistry - RenewalThresholdUpdater] INFO 
				com.netflix.eureka.registry.PeerAwareInstanceRegistryImpl.updateRenewalThreshold - Current renewal threshold is : 10
2018-07-02 17:51:54.985 [AsyncResolver-bootstrap-executor-0] INFO 
				com.netflix.discovery.shared.resolver.aws.ConfigClusterResolver.getClusterEndpoints - Resolving eureka endpoints via configuration
2018-07-02 17:52:03.857 [AsyncResolver-bootstrap-executor-0] INFO 
				com.netflix.discovery.shared.resolver.aws.ConfigClusterResolver.getClusterEndpoints - Resolving eureka endpoints via configuration
2018-07-02 17:53:02.330 [AsyncResolver-bootstrap-executor-0] INFO 
				com.netflix.discovery.shared.resolver.aws.ConfigClusterResolver.getClusterEndpoints - Resolving eureka endpoints via configuration
2018-07-02 17:56:54.980 [AsyncResolver-bootstrap-executor-0] INFO 
				com.netflix.discovery.shared.resolver.aws.ConfigClusterResolver.getClusterEndpoints - Resolving eureka endpoints via configuration
2018-07-02 17:57:03.851 [AsyncResolver-bootstrap-executor-0] INFO 
				com.netflix.discovery.shared.resolver.aws.ConfigClusterResolver.getClusterEndpoints - Resolving eureka endpoints via configuration
2018-07-02 17:58:02.324 [AsyncResolver-bootstrap-executor-0] INFO 
				com.netflix.discovery.shared.resolver.aws.ConfigClusterResolver.getClusterEndpoints - Resolving eureka endpoints via configuration
2018-07-02 18:01:54.974 [AsyncResolver-bootstrap-executor-0] INFO 
				com.netflix.discovery.shared.resolver.aws.ConfigClusterResolver.getClusterEndpoints - Resolving eureka endpoints via configuration
2018-07-02 18:02:03.614 [ReplicaAwareInstanceRegistry - RenewalThresholdUpdater] INFO 
				com.netflix.eureka.registry.PeerAwareInstanceRegistryImpl.updateRenewalThreshold - Current renewal threshold is : 10
2018-07-02 18:02:03.842 [AsyncResolver-bootstrap-executor-0] INFO 
				com.netflix.discovery.shared.resolver.aws.ConfigClusterResolver.getClusterEndpoints - Resolving eureka endpoints via configuration
2018-07-02 18:03:02.319 [AsyncResolver-bootstrap-executor-0] INFO 
				com.netflix.discovery.shared.resolver.aws.ConfigClusterResolver.getClusterEndpoints - Resolving eureka endpoints via configuration
2018-07-02 18:03:06.843 [ReplicaAwareInstanceRegistry - RenewalThresholdUpdater] INFO 
				com.netflix.eureka.registry.PeerAwareInstanceRegistryImpl.updateRenewalThreshold - Current renewal threshold is : 10
2018-07-02 18:03:06.866 [ReplicaAwareInstanceRegistry - RenewalThresholdUpdater] INFO 
				com.netflix.eureka.registry.PeerAwareInstanceRegistryImpl.updateRenewalThreshold - Current renewal threshold is : 10
2018-07-02 18:06:54.967 [AsyncResolver-bootstrap-executor-0] INFO 
				com.netflix.discovery.shared.resolver.aws.ConfigClusterResolver.getClusterEndpoints - Resolving eureka endpoints via configuration
2018-07-02 18:07:03.838 [AsyncResolver-bootstrap-executor-0] INFO 
				com.netflix.discovery.shared.resolver.aws.ConfigClusterResolver.getClusterEndpoints - Resolving eureka endpoints via configuration
2018-07-02 18:08:02.313 [AsyncResolver-bootstrap-executor-0] INFO 
				com.netflix.discovery.shared.resolver.aws.ConfigClusterResolver.getClusterEndpoints - Resolving eureka endpoints via configuration
2018-07-02 18:11:54.962 [AsyncResolver-bootstrap-executor-0] INFO 
				com.netflix.discovery.shared.resolver.aws.ConfigClusterResolver.getClusterEndpoints - Resolving eureka endpoints via configuration
2018-07-02 18:12:03.833 [AsyncResolver-bootstrap-executor-0] INFO 
				com.netflix.discovery.shared.resolver.aws.ConfigClusterResolver.getClusterEndpoints - Resolving eureka endpoints via configuration
2018-07-02 18:13:02.308 [AsyncResolver-bootstrap-executor-0] INFO 
				com.netflix.discovery.shared.resolver.aws.ConfigClusterResolver.getClusterEndpoints - Resolving eureka endpoints via configuration
2018-07-02 18:16:54.956 [AsyncResolver-bootstrap-executor-0] INFO 
				com.netflix.discovery.shared.resolver.aws.ConfigClusterResolver.getClusterEndpoints - Resolving eureka endpoints via configuration
2018-07-02 18:17:03.618 [ReplicaAwareInstanceRegistry - RenewalThresholdUpdater] INFO 
				com.netflix.eureka.registry.PeerAwareInstanceRegistryImpl.updateRenewalThreshold - Current renewal threshold is : 10
2018-07-02 18:17:03.828 [AsyncResolver-bootstrap-executor-0] INFO 
				com.netflix.discovery.shared.resolver.aws.ConfigClusterResolver.getClusterEndpoints - Resolving eureka endpoints via configuration
2018-07-02 18:18:02.303 [AsyncResolver-bootstrap-executor-0] INFO 
				com.netflix.discovery.shared.resolver.aws.ConfigClusterResolver.getClusterEndpoints - Resolving eureka endpoints via configuration
2018-07-02 18:18:06.845 [ReplicaAwareInstanceRegistry - RenewalThresholdUpdater] INFO 
				com.netflix.eureka.registry.PeerAwareInstanceRegistryImpl.updateRenewalThreshold - Current renewal threshold is : 10
2018-07-02 18:18:06.868 [ReplicaAwareInstanceRegistry - RenewalThresholdUpdater] INFO 
				com.netflix.eureka.registry.PeerAwareInstanceRegistryImpl.updateRenewalThreshold - Current renewal threshold is : 10
2018-07-02 18:21:54.952 [AsyncResolver-bootstrap-executor-0] INFO 
				com.netflix.discovery.shared.resolver.aws.ConfigClusterResolver.getClusterEndpoints - Resolving eureka endpoints via configuration
2018-07-02 18:22:03.820 [AsyncResolver-bootstrap-executor-0] INFO 
				com.netflix.discovery.shared.resolver.aws.ConfigClusterResolver.getClusterEndpoints - Resolving eureka endpoints via configuration
2018-07-02 18:23:02.298 [AsyncResolver-bootstrap-executor-0] INFO 
				com.netflix.discovery.shared.resolver.aws.ConfigClusterResolver.getClusterEndpoints - Resolving eureka endpoints via configuration
2018-07-02 18:26:54.943 [AsyncResolver-bootstrap-executor-0] INFO 
				com.netflix.discovery.shared.resolver.aws.ConfigClusterResolver.getClusterEndpoints - Resolving eureka endpoints via configuration
2018-07-02 18:27:03.815 [AsyncResolver-bootstrap-executor-0] INFO 
				com.netflix.discovery.shared.resolver.aws.ConfigClusterResolver.getClusterEndpoints - Resolving eureka endpoints via configuration
2018-07-02 18:28:02.292 [AsyncResolver-bootstrap-executor-0] INFO 
				com.netflix.discovery.shared.resolver.aws.ConfigClusterResolver.getClusterEndpoints - Resolving eureka endpoints via configuration
2018-07-02 18:39:48.005 [DiscoveryClient-HeartbeatExecutor-0] INFO 
				com.netflix.discovery.DiscoveryClient.renew - DiscoveryClient_EUREKA-SERVER/10.166.37.142:eureka-server-peer:8889 - Re-registering apps/EUREKA-SERVER
2018-07-02 18:39:48.005 [DiscoveryClient-HeartbeatExecutor-0] INFO 
				com.netflix.discovery.DiscoveryClient.register - DiscoveryClient_EUREKA-SERVER/10.166.37.142:eureka-server-peer:8889: registering service...
2018-07-02 18:39:48.043 [DiscoveryClient-HeartbeatExecutor-0] INFO 
				com.netflix.discovery.DiscoveryClient.register - DiscoveryClient_EUREKA-SERVER/10.166.37.142:eureka-server-peer:8889 - registration status: 204
2018-07-02 18:46:25.707 [AsyncResolver-bootstrap-executor-0] INFO 
				com.netflix.discovery.shared.resolver.aws.ConfigClusterResolver.getClusterEndpoints - Resolving eureka endpoints via configuration
2018-07-02 18:46:32.631 [DiscoveryClient-HeartbeatExecutor-0] INFO 
				com.netflix.discovery.DiscoveryClient.renew - DiscoveryClient_EUREKA-SERVER/10.166.37.142:eureka-server-peer:8888 - Re-registering apps/EUREKA-SERVER
2018-07-02 18:46:32.633 [DiscoveryClient-HeartbeatExecutor-0] INFO 
				com.netflix.discovery.DiscoveryClient.register - DiscoveryClient_EUREKA-SERVER/10.166.37.142:eureka-server-peer:8888: registering service...
2018-07-02 18:46:32.646 [DiscoveryClient-HeartbeatExecutor-0] INFO 
				com.netflix.discovery.DiscoveryClient.register - DiscoveryClient_EUREKA-SERVER/10.166.37.142:eureka-server-peer:8888 - registration status: 204
2018-07-02 18:46:33.483 [DiscoveryClient-HeartbeatExecutor-0] INFO 
				com.netflix.discovery.DiscoveryClient.renew - DiscoveryClient_EUREKA-SERVER/10.166.37.142:eureka-server-peer:8887 - Re-registering apps/EUREKA-SERVER
2018-07-02 18:46:33.485 [DiscoveryClient-HeartbeatExecutor-0] INFO 
				com.netflix.discovery.DiscoveryClient.register - DiscoveryClient_EUREKA-SERVER/10.166.37.142:eureka-server-peer:8887: registering service...
2018-07-02 18:46:33.571 [DiscoveryClient-HeartbeatExecutor-0] INFO 
				com.netflix.discovery.DiscoveryClient.register - DiscoveryClient_EUREKA-SERVER/10.166.37.142:eureka-server-peer:8887 - registration status: 204
2018-07-02 18:46:34.365 [ReplicaAwareInstanceRegistry - RenewalThresholdUpdater] INFO 
				com.netflix.eureka.registry.PeerAwareInstanceRegistryImpl.updateRenewalThreshold - Current renewal threshold is : 6
2018-07-02 18:46:34.580 [AsyncResolver-bootstrap-executor-0] INFO 
				com.netflix.discovery.shared.resolver.aws.ConfigClusterResolver.getClusterEndpoints - Resolving eureka endpoints via configuration
2018-07-02 19:03:09.264 [DiscoveryClient-HeartbeatExecutor-0] INFO 
				com.netflix.discovery.DiscoveryClient.renew - DiscoveryClient_EUREKA-SERVER/10.166.37.142:eureka-server-peer:8888 - Re-registering apps/EUREKA-SERVER
2018-07-02 19:03:09.264 [DiscoveryClient-HeartbeatExecutor-0] INFO 
				com.netflix.discovery.DiscoveryClient.register - DiscoveryClient_EUREKA-SERVER/10.166.37.142:eureka-server-peer:8888: registering service...
2018-07-02 19:03:09.267 [DiscoveryClient-HeartbeatExecutor-0] INFO 
				com.netflix.discovery.DiscoveryClient.register - DiscoveryClient_EUREKA-SERVER/10.166.37.142:eureka-server-peer:8888 - registration status: 204
2018-07-02 19:03:10.194 [DiscoveryClient-HeartbeatExecutor-0] INFO 
				com.netflix.discovery.DiscoveryClient.renew - DiscoveryClient_EUREKA-SERVER/10.166.37.142:eureka-server-peer:8887 - Re-registering apps/EUREKA-SERVER
2018-07-02 19:03:10.195 [DiscoveryClient-HeartbeatExecutor-0] INFO 
				com.netflix.discovery.DiscoveryClient.register - DiscoveryClient_EUREKA-SERVER/10.166.37.142:eureka-server-peer:8887: registering service...
2018-07-02 19:03:10.198 [DiscoveryClient-HeartbeatExecutor-0] INFO 
				com.netflix.discovery.DiscoveryClient.register - DiscoveryClient_EUREKA-SERVER/10.166.37.142:eureka-server-peer:8887 - registration status: 204
2018-07-02 19:03:12.737 [DiscoveryClient-HeartbeatExecutor-0] INFO 
				com.netflix.discovery.DiscoveryClient.renew - DiscoveryClient_EUREKA-SERVER/10.166.37.142:eureka-server-peer:8889 - Re-registering apps/EUREKA-SERVER
2018-07-02 19:03:12.737 [DiscoveryClient-HeartbeatExecutor-0] INFO 
				com.netflix.discovery.DiscoveryClient.register - DiscoveryClient_EUREKA-SERVER/10.166.37.142:eureka-server-peer:8889: registering service...
2018-07-02 19:03:12.747 [DiscoveryClient-HeartbeatExecutor-0] INFO 
				com.netflix.discovery.DiscoveryClient.register - DiscoveryClient_EUREKA-SERVER/10.166.37.142:eureka-server-peer:8889 - registration status: 204
2018-07-02 19:23:39.011 [AsyncResolver-bootstrap-executor-0] INFO 
				com.netflix.discovery.shared.resolver.aws.ConfigClusterResolver.getClusterEndpoints - Resolving eureka endpoints via configuration
2018-07-02 19:23:41.915 [DiscoveryClient-HeartbeatExecutor-0] INFO 
				com.netflix.discovery.DiscoveryClient.renew - DiscoveryClient_EUREKA-SERVER/10.166.37.142:eureka-server-peer:8889 - Re-registering apps/EUREKA-SERVER
2018-07-02 19:23:41.916 [DiscoveryClient-HeartbeatExecutor-0] INFO 
				com.netflix.discovery.DiscoveryClient.register - DiscoveryClient_EUREKA-SERVER/10.166.37.142:eureka-server-peer:8889: registering service...
2018-07-02 19:23:41.923 [DiscoveryClient-HeartbeatExecutor-0] INFO 
				com.netflix.discovery.DiscoveryClient.register - DiscoveryClient_EUREKA-SERVER/10.166.37.142:eureka-server-peer:8889 - registration status: 204
2018-07-02 19:23:43.333 [ReplicaAwareInstanceRegistry - RenewalThresholdUpdater] INFO 
				com.netflix.eureka.registry.PeerAwareInstanceRegistryImpl.updateRenewalThreshold - Current renewal threshold is : 10
2018-07-02 19:23:43.358 [ReplicaAwareInstanceRegistry - RenewalThresholdUpdater] INFO 
				com.netflix.eureka.registry.PeerAwareInstanceRegistryImpl.updateRenewalThreshold - Current renewal threshold is : 10
2018-07-02 21:24:23.842 [DiscoveryClient-HeartbeatExecutor-0] INFO 
				com.netflix.discovery.DiscoveryClient.renew - DiscoveryClient_EUREKA-SERVER/10.166.37.142:eureka-server-peer:8888 - Re-registering apps/EUREKA-SERVER
2018-07-02 21:24:23.842 [DiscoveryClient-HeartbeatExecutor-0] INFO 
				com.netflix.discovery.DiscoveryClient.register - DiscoveryClient_EUREKA-SERVER/10.166.37.142:eureka-server-peer:8888: registering service...
2018-07-02 21:24:23.846 [DiscoveryClient-HeartbeatExecutor-0] INFO 
				com.netflix.discovery.DiscoveryClient.register - DiscoveryClient_EUREKA-SERVER/10.166.37.142:eureka-server-peer:8888 - registration status: 204
2018-07-02 21:24:23.862 [DiscoveryClient-HeartbeatExecutor-0] INFO 
				com.netflix.discovery.DiscoveryClient.renew - DiscoveryClient_EUREKA-SERVER/10.166.37.142:eureka-server-peer:8887 - Re-registering apps/EUREKA-SERVER
2018-07-02 21:24:23.863 [DiscoveryClient-HeartbeatExecutor-0] INFO 
				com.netflix.discovery.DiscoveryClient.register - DiscoveryClient_EUREKA-SERVER/10.166.37.142:eureka-server-peer:8887: registering service...
2018-07-02 21:24:23.866 [DiscoveryClient-HeartbeatExecutor-0] INFO 
				com.netflix.discovery.DiscoveryClient.register - DiscoveryClient_EUREKA-SERVER/10.166.37.142:eureka-server-peer:8887 - registration status: 204
2018-07-02 21:24:25.685 [DiscoveryClient-HeartbeatExecutor-0] INFO 
				com.netflix.discovery.DiscoveryClient.renew - DiscoveryClient_EUREKA-SERVER/10.166.37.142:eureka-server-peer:8889 - Re-registering apps/EUREKA-SERVER
2018-07-02 21:24:25.685 [DiscoveryClient-HeartbeatExecutor-0] INFO 
				com.netflix.discovery.DiscoveryClient.register - DiscoveryClient_EUREKA-SERVER/10.166.37.142:eureka-server-peer:8889: registering service...
2018-07-02 21:24:25.690 [DiscoveryClient-HeartbeatExecutor-0] INFO 
				com.netflix.discovery.DiscoveryClient.register - DiscoveryClient_EUREKA-SERVER/10.166.37.142:eureka-server-peer:8889 - registration status: 204
2018-07-02 21:30:37.411 [DiscoveryClient-HeartbeatExecutor-0] INFO 
				com.netflix.discovery.DiscoveryClient.renew - DiscoveryClient_EUREKA-SERVER/10.166.37.142:eureka-server-peer:8888 - Re-registering apps/EUREKA-SERVER
2018-07-02 21:30:37.412 [DiscoveryClient-HeartbeatExecutor-0] INFO 
				com.netflix.discovery.DiscoveryClient.register - DiscoveryClient_EUREKA-SERVER/10.166.37.142:eureka-server-peer:8888: registering service...
2018-07-02 21:30:37.416 [DiscoveryClient-HeartbeatExecutor-0] INFO 
				com.netflix.discovery.DiscoveryClient.register - DiscoveryClient_EUREKA-SERVER/10.166.37.142:eureka-server-peer:8888 - registration status: 204
2018-07-02 21:30:37.436 [DiscoveryClient-HeartbeatExecutor-0] INFO 
				com.netflix.discovery.DiscoveryClient.renew - DiscoveryClient_EUREKA-SERVER/10.166.37.142:eureka-server-peer:8887 - Re-registering apps/EUREKA-SERVER
2018-07-02 21:30:37.437 [DiscoveryClient-HeartbeatExecutor-0] INFO 
				com.netflix.discovery.DiscoveryClient.register - DiscoveryClient_EUREKA-SERVER/10.166.37.142:eureka-server-peer:8887: registering service...
2018-07-02 21:30:37.443 [DiscoveryClient-HeartbeatExecutor-0] INFO 
				com.netflix.discovery.DiscoveryClient.register - DiscoveryClient_EUREKA-SERVER/10.166.37.142:eureka-server-peer:8887 - registration status: 204
2018-07-02 22:33:32.831 [DiscoveryClient-HeartbeatExecutor-0] INFO 
				com.netflix.discovery.DiscoveryClient.renew - DiscoveryClient_EUREKA-SERVER/10.166.37.142:eureka-server-peer:8889 - Re-registering apps/EUREKA-SERVER
2018-07-02 22:33:32.846 [DiscoveryClient-HeartbeatExecutor-0] INFO 
				com.netflix.discovery.DiscoveryClient.register - DiscoveryClient_EUREKA-SERVER/10.166.37.142:eureka-server-peer:8889: registering service...
2018-07-02 22:33:32.956 [DiscoveryClient-HeartbeatExecutor-0] INFO 
				com.netflix.discovery.DiscoveryClient.renew - DiscoveryClient_EUREKA-SERVER/10.166.37.142:eureka-server-peer:8887 - Re-registering apps/EUREKA-SERVER
2018-07-02 22:33:33.056 [DiscoveryClient-HeartbeatExecutor-0] INFO 
				com.netflix.discovery.DiscoveryClient.register - DiscoveryClient_EUREKA-SERVER/10.166.37.142:eureka-server-peer:8887: registering service...
2018-07-02 22:33:33.140 [DiscoveryClient-HeartbeatExecutor-0] INFO 
				com.netflix.discovery.DiscoveryClient.register - DiscoveryClient_EUREKA-SERVER/10.166.37.142:eureka-server-peer:8889 - registration status: 204
2018-07-02 22:33:33.164 [DiscoveryClient-HeartbeatExecutor-0] INFO 
				com.netflix.discovery.DiscoveryClient.register - DiscoveryClient_EUREKA-SERVER/10.166.37.142:eureka-server-peer:8887 - registration status: 204
2018-07-02 22:49:19.407 [DiscoveryClient-HeartbeatExecutor-0] INFO 
				com.netflix.discovery.DiscoveryClient.renew - DiscoveryClient_EUREKA-SERVER/10.166.37.142:eureka-server-peer:8887 - Re-registering apps/EUREKA-SERVER
2018-07-02 22:49:19.407 [DiscoveryClient-HeartbeatExecutor-0] INFO 
				com.netflix.discovery.DiscoveryClient.register - DiscoveryClient_EUREKA-SERVER/10.166.37.142:eureka-server-peer:8887: registering service...
2018-07-02 22:49:19.410 [DiscoveryClient-HeartbeatExecutor-0] INFO 
				com.netflix.discovery.DiscoveryClient.register - DiscoveryClient_EUREKA-SERVER/10.166.37.142:eureka-server-peer:8887 - registration status: 204
